661422532
534575772
927
251737652
14714451
287979830
2824812
473944012
799663672
806289714
271068833
570610528
756495907
644365290
991176701
715856695
462040290
732222380
524802
802400405
735525387
524833
239437841
638893242
323591794
466284562
8810590
8515282
40370809
60330618
643722808
298585684
876096003
949123
670596144
59713213
966789680
964718198
341296470
982125086
259646486
72168348
813968557
184685255
312182101
532663
577418684
41941448
532320876
630154392
96538330
236611208
644248377
375323423
718716534
324211446
143994272
258901211
733275985
636703114
184473075
303060722
333019085
352773874
327687549
756533611
2130553
920971273
115076993
784285476
329165543
158448461
313906145
258023692
654093157
700644123
399912464
781705581
357291562
625176
938806303
142493475
260093578
2229396
694815912
511054552
19616045
819676096
988796381
25464049
876113571
4090056
658811409
75087460
816314877
8514146
453991690
119477898
543279795
148041173
49053507
875813431
569781813
231456795
337589903
680818118
102986436
468358779
536183192
666022959
161491573
15201759
725191433
818017021
970699672
860975154
630246301
4194372
532351400
15103199
134332189
70601789
16387713
384536448
997102092
651240693
217408740
692149415
702760392
512730687
163502802
208489490
235313475
17863745
990643671
204290905
38379111
568452282
9971895
156393
96916797
212613170
2204756
720606985
153840099
471050641
263580395
16282739
14789431
153841252
436405050
65408597
445315607
16754599
781204128
16682770
332986590
39144469
294379538
937241558
761263731
236964770
731497736
919084296
805151430
698363202
10365332
40345307
921737484
10393960
2099728
191535910
436116570
682118867
10464182
415279761
728686713
35263105
577342526
306066212
152810653
739525429
728270524
10094932
8790437
112576587
935176625
120004869
304544370
594477610
526387
429457998
95377548
59620967
154332001
931836418
23467935
67092023
322865004
631291725
946126918
549841
904370599
712993454
526877
830993232
459422710
245761372
502641038
531377
785889290
688136919
428604000
534614482
64807756
521120905
555028712
3677837
2196708
562803972
676536182
705470749
2106422
691663293
552250912
134855695
528972650
26495352
442074077
672646827
77212011
262128
813855816
881656061
193337490
620846173
611983979
278927395
764477430
131162762
676137694
256582563
569928780
756076278
414017312
514974136
285859013
296909191
8421574
785710834
253731774
11600123
63496754
33952499
2614855
239716149
4089690
427018250
516643078
235674704
438944815
323782010
59150723
910423313
519475792
173710078
928091419
668403696
498144329
58734522
496710175
531561160
149693714
854658196
25013648
805169042
389567586
225276503
540384355
463259972
769175896
10487170
947833060
433500977
405901888
908984170
16379593
713024642
114506054
774629585
903853815
983279886
958935907
4065423
138472522
137898
35260771
4065523
33589871
505087285
677981841
1053
668368583
769570940
135800981
159426554
254509062
41222152
250354992
318489870
580804255
324660284
373189739
165015225
120061540
28977079
983029106
286915154
224595262
187578213
203741355
677475763
663380680
34847
227529017
556496868
84033022
540918902
585580988
705895483
485092211
263165890
256604091
616564831
655733
785193497
413787915
997021239
631354
4065416
800562337
399309746
727140430
444921324
327515764
99361707
403555028
520980060
163997357
2104746
544618880
939711498
462013590
441457044
339906243
784805221
745189671
8815072
14239361
982832367
693092798
917237945
248288896
340480088
79820518
325551985
280070095
35557751
466946278
872085076
145275067
10300
936151943
608893084
175109316
267129236
337324420
483439936
644501848
878291105
753366656
76055076
647312009
150579735
641743452
54977715
217934972
55089900
570345414
382966533
41457151
871859103
76293021
973076248
375800596
985608887
1017222
758547114
604534835
927517010
983729959
164904682
299306818
944795000
313521892
85035322
926100
345457769
226899664
16346803
339659216
879017622
528032070
260971177
713683264
79977791
362421489
2596289
573443524
162190926
943404
571317037
569758601
990959137
889459431
972465423
570498894
126136203
157546
342791105
978961087
826548807
640883629
586606477
268287422
677686435
874991473
2622973
972582892
939574873
749805081
556478086
179708133
8398391
220483587
603275799
733367827
345097402
489849548
386022026
289354550
90105939
2906735
248184188
452333276
160868017
217628160
347510722
634760035
16682452
10486787
309950127
10488698
841332578
14683561
461261238
840114986
51569272
606672450
951158
532877590
676112001
323648762
925739045
142614603
2229104
682705270
610746407
828043554
241654370
799793382
986879300
216140080
918395008
973008347
190330852
560440721
831103464
259334761
154678183
34052086
144522940
439421790
338298329
1041871
799869893
232571956
33984869
51934937
823442427
69833043
523573639
176027400
469667766
690910499
453621027
831865026
19978222
65438644
945682993
830297793
718583405
159887376
3771963
546374213
467312023
109362499
161460631
535626001
826744886
3476023
558543793
939678445
671792507
2616298
741333593
8790696
663749913
710669062
14789405
155323876
675164001
10462121
9988707
582057920
945940085
943768170
33418463
650726006
747986222
758337450
24854322
758152085
329160865
8909246
684045454
592318395
15084462
425399072
540000459
342548737
190492717
81197011
821245992
634101263
309981550
784845012
825640832
899352784
189261858
549677135
786676425
403068369
504850090
10357611
727374117
670686976
841401550
14690999
724926030
743997338
537505738
349457426
4067075
167384379
458661049
153846308
439374716
883783756
146710475
635987663
604190756
307167485
570624535
4090156
384720686
928015835
676188019
671371118
557555389
82101032
34555
994261701
9964032
619452460
848999823
329910067
340104756
939974540
679762657
378857161
736136826
589801231
34052411
649942
47525622
431139495
179704164
635913661
407496306
568846246
411578809
59195
34081276
149221096
31350695
33584822
72095048
16781202
190109831
914816224
108703854
563986227
39622324
284543986
386056278
511429373
60773322
144628195
35138115
474251865
198942314
965142391
156634684
817404701
309043130
466098338
70335378
175573004
15082893
892389057
836250774
276291633
48029879
666437231
400991233
378560439
992628550
904288884
844526147
765477996
349396146
427260044
600561506
248307105
580996551
585381791
35163114
909750781
870012932
248284205
2518341
80107995
3802777
594919760
675753271
461674022
993777632
375358598
231405837
489652202
163030578
534918233
625527257
790838149
772516316
274932879
268057868
15176720
838812729
489647402
751172650
281724127
500667727
666988620
727602693
618013528
206641979
153810833
2590581
61784318
877689463
99735103
181435260
3776585
37271642
691544189
141178453
609283010
583342831
550202453
833936028
122948395
64786885
306793306
114343110
166209127
977822821
691911186
955235024
872895822
381716762
777023735
785533743
254400
231808663
3802879
845586522
477785444
757637997
586096975
605207644
2180
758664005
236694773
213169551
417707314
277206249
2099728
585817692
362228263
550300985
16387447
164717765
475676807
657531647
42289459
644710873
857108277
334577972
259383103
331654990
206709997
432019680
16362698
897416009
6745679
541255021
905958845
60404783
200314034
374116380
758668729
639546285
392994468
9964160
618078105
983726049
14715922
994318162
8208785
142118360
78088470
220753752
660445960
675054699
8908878
672013584
761297821
41549528
763693904
11910444
227986407
546081255
982351551
165972599
310711642
491454579
678185018
24041822
577418784
935041859
92322443
533969876
776427423
299920942
613258695
946962593
1017129
668470344
193050865
58728085
854422499
660831883
580094180
170413260
286787970
341064252
251181633
91935721
255219577
397197080
177708468
14689732
8390758
490685374
712504679
251219166
10390392
346736049
403478073
8519939
273978777
537849524
225879216
84427458
3673137
105459912
294857240
545393029
604739656
209123551
64548921
2590498
179499583
975992710
144142486
137060292
430399829
155782398
287926094
755269225
532235731
535226069
322421256
351263918
660223486
827705447
8883080
24915725
341104374
718642363
871354244
927134436
550009589
46010656
437052735
110685473
643467808
243160477
725707666
24985054
8416983
734664595
592979567
80191770
897532870
651245312
522820429
250577910
521389054
2204863
46652009
330162282
236430
95195640
239397032
131729
240582548
157627
507870839
43108818
670713434
206534976
256344
888923604
911617145
394726246
387487862
65027133
740120994
453590055
4190047
555536369
139820813
286154957
232306041
998601381
124555628
408169267
4065523
270479132
62121275
16355046
947057858
851799364
562157618
408157845
92879227
35255401
630676693
702120423
669015047
508849942
808588048
734489182
71701184
962896088
349321104
15176625
173719980
2492068
347397057
394123100
739411413
35131939
686499033
550571385
2229501
815046001
166104783
342429892
551851637
713308303
647446605
109583321
431236028
631242569
295323699
359702150
779194377
344331637
575862294
203832296
450866513
944570148
753435623
4165117
444313794
931036815
941130170
296752140
291600481
718469891
2124767
313443563
915099695
40640846
213321132
323470345
273849853
525019078
1022880
33664695
411611243
34050560
656099
127790518
919959
587767031
33656986
486100829
16681227
8882954
409300965
943413290
101074710
94449793
437880065
931453098
254712936
780666653
185580393
886671253
388264844
9990742
901706304
644617388
944538696
78850879
331176777
522592566
458988056
544439012
508229618
974345820
992035846
34083192
2597917
253046150
352099436
735347615
435318559
540788783
241286203
34056717
898694982
199722114
253455751
730236359
93175052
960730603
624395771
252136620
327593428
179376903
912941059
959048030
35131932
924319615
2441626
669015047
551104434
768875676
2493333
318028884
450210200
533625198
228035205
64578159
483223380
14691263
439415958
650917627
208436449
279071922
588189958
446336680
944884
248708192
10804530
56665217
959902549
659279943
49436610
618255017
478815408
583112951
977847995
213377325
253595763
87861402
902791034
65900601
896849711
504754557
999079998
457024747
35230462
259947630
763117191
41947605
276766058
234901175
216408487
898426186
677819314
872313026
391746296
536914006
5504676
797938434
1041446
811333728
134355586
748075998
348940355
918817630
643833238
716366100
923505858
135170453
139058
591751729
430819686
607987081
987583789
268426781
829320796
741239977
2520233
8468434
41450683
545184612
236492915
377920726
24614463
786549788
733453567
71265838
869864230
879920164
779762442
379325360
39949832
570010140
134232621
141307016
2229004
355645454
461476643
126812683
8496916
163336419
281608958
588676323
231680619
538811627
421154181
891782300
16380111
326003431
153833427
496197087
37369978
92181416
34050460
117555072
653259985
758733067
228615267
870466866
799998378
351040089
510178111
20592038
550577918
494165590
409509806
1023381
776339295
723945902
556601067
585952996
337012678
910855506
760447396
729678049
224513132
802863802
254576657
3771963
65877805
138029
419166367
507437355
15207926
943032146
945939593
66547803
378030139
6718553
8416981
55531538
791814917
167352812
751534152
692140560
628119825
634913607
701446890
879446001
973753134
901433014
694836480
277428189
242883901
180281571
374353939
421748430
973099445
530710481
154308514
729036260
654355437
99739238
127735288
657636122
938456125
4744798
262277007
781973713
3802354
896993527
656807059
456003197
918305
689394079
154233695
782916646
682714247
710551412
513984509
142477849
16258563
403831255
254493608
929162783
882086550
676432732
313135848
945849400
236998125
30534964
933303780
3671972
811385827
8909279
256121388
939870317
755719617
567093549
214026211
241344689
997811772
258632820
160973453
556136
58751432
412302508
239214422
452098036
537011922
721691100
77338379
786242321
178977174
622839839
933327862
586169579
664820217
140618811
821418237
903190767
463913128
42774880
456770266
239376538
2622947
841234486
629566913
957332296
585829287
77104340
984060752
256156328
316100201
399644610
550185615
353598118
558469609
137898
181726507
581646359
642397554
365469952
209677469
149582076
174358026
254507218
776272441
275320201
34076724
621816479
879146843
268396532
556993398
75136593
10488705
437089145
616703558
383312532
557510560
222042399
776474779
861566056
654547
667026215
596490920
161898211
65802174
330181212
650063809
578845545
971140351
728541119
35531659
814596246
72076584
379150870
600758426
256056318
571547115
8913402
378623377
861411649
649860076
2204471
65390
35532070
942502313
2620903
142491844
974569270
16409
863906920
427951942
866113801
170905887
899472997
162272
9996901
34074586
595664862
8810721
138701035
237535576
802351360
816697733
556871486
434377176
827110939
24485981
670596246
875712477
927046931
2100246
150755638
406305592
560544114
965508155
953336827
641404842
581763255
419710487
369257313
129913984
409974630
550185900
633052539
10064436
213625886
605339651
28646867
302417980
917165245
904524761
535698004
960602627
105927694
484347817
534915005
504668671
59817880
475550678
994450361
890827732
59216
547800009
260583
410816177
608444101
595871970
857274738
885806176
994262119
982577876
713570650
281346803
404332679
33584753
167266351
472061381
36937533
594152080
243179352
111424985
807391381
14691284
138261949
427422073
407716170
801353810
317638990
568743092
694049832
247639505
275351400
986876598
66697263
954725608
83421642
269066724
880813775
56752704
40251083
948
111900428
894191732
232154740
565411605
755938690
10093308
836225020
991560637
224672125
953627994
516734291
66081295
783676880
8515772
425861766
41942606
491816117
35262739
107630808
623752
972588678
550579085
784309026
823978364
810712366
997185337
663138968
853212136
654853724
34076759
790786619
668026742
35261254
541687079
16681327
16380102
4067077
695174025
4165110
854822660
503062146
34191270
511735026
760841366
142591536
309332412
717567355
558535540
516821275
231188603
461961847
562063397
15392260
460399496
192225034
636624906
14789324
60724192
519381367
488466026
414707448
399884013
2596256
531088397
353092705
65768065
972608249
446711141
930598421
883829316
285406197
194891724
410688664
248288502
956481318
949123
124024579
67351276
269849483
526762787
59243464
274240770
815949322
53743882
147621260
60471477
240237657
562735504
710912928
167782788
750901054
233238854
150496459
26015571
46155080
637660850
503737278
208513142
65051276
460617897
663216508
3778204
950512189
281687649
925353026
161151575
140617252
917002416
238654204
810014359
65045105
258926855
558767249
680678140
300169806
538312700
658903049
133006
559355197
697729419
878973271
779333212
399130666
705049934
145889905
53785813
663662870
40269540
71676409
411989542
35237037
273263922
893528397
10062466
10357537
25879154
35623817
824891923
645609854
678001492
738233301
950560363
887716503
46590652
825337212
40346890
86026376
400434495
178905509
43892956
731215161
964089004
965574906
160967569
15199715
434507155
824766181
372249196
71798288
570414587
109365267
417683081
439672234
532860257
581206577
122770018
49574437
33658514
731702091
940407592
788468189
73281021
34082926
56423082
904173129
222443790
998863785
695152044
339110095
276758068
124333540
54540606
259799346
541480100
245637833
287170634
839523304
716703422
707248951
640685015
91142574
761247713
682673411
180968741
863620473
4152
920708140
8022199
35261553
34057000
830814764
861928117
140912292
481404569
99943145
426628436
245225213
486990027
348400464
1024539
12312776
635789906
2203211
577411450
893302992
703279219
522502780
51774661
670878463
570947073
468062674
808009987
8784622
930121195
8497217
16756246
347151706
904544669
10062982
683128607
999818555
226956221
34058559
91813817
351836620
975265239
190460545
296170042
864340099
820888013
506880979
365595129
777416829
679287065
664328304
287070770
769579343
862299607
15715497
981437722
674096551
443830471
754832416
658737244
173604957
141389314
89544912
157620
658712704
750233756
924611006
889189719
575056182
665171757
960848348
723308935
15107533
430506694
875743719
743520084
983916998
241217035
520965805
441946029
513878013
256082517
859041359
436353604
148151418
240664392
199082028
471192798
862049313
736390354
645912866
95530936
738310738
155469467
990528731
23406810
92698306
725219790
342106744
250281570
477380797
763458606
189887247
8489116
795964544
295763034
149589443
843995228
170343183
320289832
432889783
996571993
121962430
575862586
908242503
734426666
568203886
305496023
66598567
920342
802400345
703959773
903765747
39174
546963115
768189427
648532917
35164307
64230
648606306
740015779
8810446
468836935
217118190
582734543
402500585
734885110
936174403
526478
470938330
255225950
178984608
675840136
572447461
273376700
366634370
655994
595388264
11364582
217495620
16288980
818347504
643498577
4071207
830625449
50571694
16354944
65410548
850436601
751967080
342097909
136293170
558174441
319808518
476984408
383344014
162351208
670326814
166080264
579074947
590520233
35164671
567767080
677988138
3697853
437698403
556043
135805579
248579343
947846112
62076876
5221409
737915838
40876358
743949037
854345023
58734230
174493582
859715217
98388460
636518773
879717676
569116077
177282096
86567439
450246251
346196812
616126113
249863458
195257768
880983499
931102526
558683979
442809761
317948781
938985599
946545308
87388422
895009242
9995242
140024170
310188964
110881940
433869383
292002269
864241465
992425489
129667373
512248365
342684084
70446444
191285656
676432734
517442492
560325129
494636166
847213012
259001729
711581584
848389056
634737113
248987467
258360765
15101740
265876231
166495429
316845130
681090863
16748843
59121557
484116754
651843268
883914125
34052378
781244520
481626600
272276575
1048014
906796751
41530938
8521565
3802354
575770045
35138579
723881533
656335882
599273789
172614771
76077895
599566775
660332108
281777978
103541547
200906347
9107262
964749306
8890390
272380057
487318994
174192749
2202917
466957362
163817106
173176304
274931717
823334973
976843638
456706081
793307611
735294668
965142911
830322241
729308476
33952035
3215751
28793969
282530851
259485087
183574995
236456
546964562
599558407
639152732
989352092
16652054
364379682
414495093
15101350
971527640
528124049
719837506
581638529
750238876
708611575
606448149
921300188
2499509
518941960
8884632
59219989
216393723
285490874
10456361
962690772
346491664
207314231
470400020
439003662
8681
83362984
651271010
923581430
363999366
16283224
680841391
113224759
961826620
389280482
16755012
104250567
268266628
97284776
39672787
592712055
863151722
571986405
242562723
842890783
673708140
341112903
161391983
845057976
698849310
520917665
979767786
972583985
704548557
67480552
756862728
673060578
87276471
279984333
585153772
922884866
457538818
420820444
941222557
820238156
532228528
453890359
893499328
641860737
4171685
338609507
143724411
972633604
87169665
545245450
935683531
153600101
2099737
815134079
35456725
684063845
4165502
723981256
325734166
603921841
378616135
275031594
758565307
674385748
707718971
351801383
179070880
869453236
1024826
243160377
498332011
117447748
747863559
777952623
359085439
706296053
603354763
9995273
396587577
488269834
652449763
464208277
783872172
150574758
437810748
33663528
162207864
657236117
670588451
50210221
237490
33663238
9990716
16084
13027624
326618650
141041614
989471915
101742174
400095322
16379612
702904032
636170126
631378
316917799
575697213
627875667
164522302
539683700
943430
366668098
238270258
170722204
551851240
163974019
161491269
14713985
274050598
8521489
576925237
973878387
610419165
639552772
465134735
275345205
205796826
351738237
777076562
15206357
9994948
201910959
543702598
4089664
196475255
118245351
568380534
853677077
382524626
120491262
550202544
702544721
284240349
81284811
8908787
339162286
990983316
658834224
137511
248284285
695059002
495940043
583616231
933626164
42627344
841282934
932997760
210397436
546799763
417889441
878076755
244787640
168076275
637879801
374724576
198664362
866559104
858236214
943989904
521532630
8888843
805192221
308231724
991688774
916506634
887922994
14991858
11181963
832177084
197636301
556593337
983950286
16674757
556496875
15175565
267957865
813154815
783735835
848507951
2202810
682473444
92762726
601592633
31338380
45926910
486372061
379364618
662959592
522120897
643115960
636426047
696804062
588279395
637555115
477641916
149295993
62312771
942564237
865804476
759329749
120673748
157938
10088791
892604333
496813700
2596750
206752908
386464082
546505688
524289422
914789704
281244115
974301342
927105292
691033928
172814021
2598200
2227825
547655228
863685308
961166326
348387157
341093754
242785852
187510723
403805736
134718342
184774359
882749853
174259211
435806679
155960620
320031715
10094834
842199748
8416850
536987681
236591806
750154251
159517265
690077182
901314193
204902304
566117967
292617353
412801070
349734175
330328296
66216033
174658850
21287510
741473691
613903003
520074396
560432268
420380689
47843048
372592163
467769684
926599911
948412713
936971035
993227932
960841485
301390164
16379610
941147215
4065516
599722198
359812691
337391148
253886588
543309549
33983236
22007380
14689314
189283973
167708660
137016767
401564534
525714695
461149862
15102926
740921427
342645341
396562500
254680906
568472372
562579573
694734089
46631735
496227196
139457
489484284
539057521
115636106
454097264
552151301
982185783
867821139
873129145
356804292
677717225
622183986
10388429
147910002
434730702
586465463
335873590
8390682
456990820
203090170
415853764
88362043
630937656
474087926
529996289
337175805
946235051
249617957
180975970
41430985
898663044
1017129
575769938
241310908
238108053
669931283
9990744
484227850
965892753
802691171
249681908
16675016
667303730
874185900
98294385
959182981
16779239
961726806
174916715
271038459
49543354
91169463
717526311
354377388
749785640
544859832
761356190
537287469
239411188
70472372
791770514
926126
557175
283239663
10365750
620574590
543266695
550596016
114042093
575470801
432350627
664842720
562154099
966181696
3639
498350940
177065658
496677170
945859169
390042760
34058554
98847702
93776122
266747554
141769953
539177377
974357575
689710913
10462112
130796218
508717415
624955229
696350269
974071839
499226188
798803009
35139660
161827520
741115036
2229496
754260713
775829839
135830506
69995268
800028853
242631362
185362976
201612188
558560208
2596256
526380
550702451
554070266
67571980
454856333
108109447
68697521
505935646
815178620
671111455
811594518
986029172
575750001
198982034
962223039
272720760
147653585
442337478
8520396
33564832
14716005
686528449
135899805
560023689
820021549
318008602
3696586
203247376
432993024
453091529
234862852
829196713
597971973
172790541
551099
584463071
35238565
229793
635293592
35133589
676421442
425370065
35550023
857669075
120100148
568100475
887275892
136040612
417686389
373638034
801005818
564510830
8398885
67086230
568537007
80998015
482887294
150891544
786559703
526777
961350053
703383659
367021611
106819034
458339105
16650086
954009253
935398201
243
195640077
137898
732978754
957664798
537989921
389207197
638073211
214901542
281248340
15937800
886321992
589910026
761669726
388222245
14690871
9438743
780712233
388210473
140618785
129358401
645912548
669440989
918664
812034211
463945944
120038866
161490406
916138471
241520155
728771387
83333490
328296545
419226922
760645405
562250084
984913793
488287735
211219271
3802485
35256656
688895273
518588722
383891084
615237437
538460779
737209384
708591827
686053582
22812126
493706500
305889353
577417507
309993328
253617785
637391501
608405118
889392383
421426035
49706661
758645282
658736165
498675782
240919168
632999431
173072329
120684061
935182370
254929759
118513044
35625369
284186570
194420052
235818054
455760069
73379460
681230756
388096249
965891265
890454046
2098694
617467592
570871060
562572204
2492140
33663245
28686883
451196570
196687488
825876976
798320509
376127490
234925689
725403496
445228634
4096265
177116062
316655119
279650457
269165529
95378441
332080140
703084266
502924122
758670188
899634283
352279701
8416948
808390248
35261161
559634759
4067096
59022097
160578834
13510117
7417315
248288530
161073855
9965610
529568830
892487025
573086848
474963785
429068390
394603458
328275359
154114655
571957411
342051151
862849979
356810323
377383328
127588757
64480540
255112357
111253229
550276635
33663530
450224248
564126657
974463498
568840051
404057195
629897702
627523195
791488143
16681318
462268379
289162375
980875469
814434212
638539497
672175044
394625697
633463645
2227524
4097786
2130964
536458205
124665393
844318124
10088656
323874066
359361460
260910549
260873875
136103859
180478453
530328775
52072829
50828487
959256081
811275350
2518334
216781180
189727977
35262704
182386415
92067151
456423775
290602827
571819758
228593561
15103320
38693598
842882257
397869148
386497779
2130938
888825350
735159090
16281679
606937259
15108985
57743215
557048309
67080778
386082026
642917772
36327452
419980088
426386985
188532119
424189266
22939851
714557979
962089663
506405708
296455341
997775111
347081670
245921051
596845334
38801515
307293062
41848707
20136978
27554068
65517086
432231636
170076265
40652
573961710
196614147
174462581
162575411
16680902
14708275
236468242
623513341
302194233
538860346
479071716
172684768
40616125
708567328
1043297
48598485
828557717
2222828
203141777
198213834
658763524
875297753
94742375
841183858
93756761
589995221
906125198
557201
379276032
879317730
526185605
607964183
147698048
674113435
431951220
14789714
945183844
932625923
351429771
10486852
286253191
551752813
450690320
914973001
2516395
8415821
328876957
540575861
274758014
173084340
912395033
174682432
309131620
2516290
745561574
141016587
275812844
382494409
983957310
555621762
802894009
727760751
605961901
566262962
897525104
876135664
721408363
181923636
3698171
16283098
51628567
871367515
33977141
76960810
78229274
280333675
402372056
399955672
712346072
660520232
525501627
3704314
581726241
8915061
658653193
247436874
538493142
645422975
218759894
886634753
532263299
16258465
679130448
419011385
664019635
929627029
557761591
20311356
764794262
141477512
133307
32160272
702051470
164223
828789954
680074673
953198885
594687557
3771643
833463451
167266344
717298384
63721
42498115
177401063
948
129768358
564122133
240719577
619104198
241702471
1043395
713449820
154203934
153931987
244343494
164907142
794059076
455405602
72271318
473828754
9964557
971009364
356821328
319684589
386777339
204676008
4097819
332969411
32012904
939335469
615977884
10087603
941823359
480085593
171582828
3802487
50414657
141018167
148707147
326489459
126515697
1018676
2227524
446642589
138
587241736
755424025
357252762
35550018
17522184
3671654
374325567
41894542
3796278
287982009
15109375
835516166
329956393
159494648
830416860
510831426
602255187
2622450
981529510
259785724
34212773
946365426
574798227
10359450
33520673
33560574
364678338
461249898
1043005
443757016
526081418
971715033
184674995
168134364
15078288
780299168
35262804
852541090
613736290
231341334
689764531
677612743
60406043
15199808
891357408
676144269
15082919
659636611
754825419
75805269
789091233
699498283
831275732
273316609
2198554
920669645
639136210
664374617
948283454
34293393
215273117
127127096
376353797
649844
280774692
362439266
2518365
642558969
159812011
644339174
548820341
153725125
215674870
553378684
959659800
923442956
149097506
3795016
34075100
704599808
760114022
650028150
10463664
53813823
690922642
941227081
969298358
391403307
920769306
2124401
197655432
34583
33101358
650975996
784238438
1018284
391656472
727937389
51851488
3673598
793032715
526404366
953326113
2598333
472957899
734058865
107224435
385759937
769796489
186714495
1024952
552177414
668045345
979390210
937859348
622731841
620599649
243122250
211947822
7620281
82344668
158219990
154806629
23399435
553288346
699845753
175221975
330557312
991148336
532929
216926997
51863888
886282100
503012399
227123533
347482067
898978902
72324637
34082828
302929167
792644326
383534859
946686791
679886457
167753232
36305559
10456071
121410557
721282320
280623296
954005023
577025212
447919676
507836942
279697307
711374075
784086571
325897679
332627369
742781228
489901765
390264523
429794550
149187744
920325
657857643
688400281
743106549
775875995
899796433
951065
626456721
15183293
924947
146626375
3696227
2128994
8890808
377991829
649842
2123343
10482256
63233267
2099737
838788182
993677492
85585292
685679749
724354675
680140656
863300012
403669408
415962905
650074159
849449009
549263130
721444903
330737516
728472628
759818901
629410
391438807
365919387
486427410
682625242
606793743
196964784
241132483
919933
35156964
354604421
588379052
570027217
565826103
10365731
35237032
638206741
966237639
718806614
329105215
599459623
10383805
760118646
467461837
31906212
414063753
959720546
486464840
3796694
2196288
393064768
268425148
181072947
328031786
761887175
400034247
773413825
350712763
14715613
629901935
991419115
706422633
51688857
954605115
809923363
796047343
469941817
970837631
318268624
401101477
179909475
155977
166087598
493939128
509402067
274291110
699123972
664796093
424134516
302335608
966685371
16748810
158227518
669021242
554484584
663871900
426956498
10235
902722717
824426099
482870769
304886847
253709455
92354389
860841337
15077128
821413606
717212292
463575734
648264
655085685
10236746
166210653
16780817
671130029
759103425
705712428
261707453
697526013
815762814
403043568
642749795
217486144
501142225
147616512
144502914
821924785
33591321
883336717
2222909
261640871
690250156
282251022
707376310
378457898
126355892
775993094
40349608
583317773
90710666
859241805
337683672
730818790
16362674
424616419
465491414
430328637
174381142
971010994
179457157
453882608
393639146
815521841
343193498
978701583
261665803
441212258
53514645
2131062
738123838
525917551
8515408
837744490
570757788
10462214
35921317
225478483
30953453
35139660
539611958
215993673
652543664
878371348
273378276
125179712
419327799
538921003
180550158
578806545
147542627
74774004
971326204
123868654
275417447
378729879
39906669
931079349
575835523
910653214
158884093
645321274
2517873
731314212
703672542
134619819
92103746
718423401
583609832
241702828
938018336
749730663
758307731
591009644
692173409
33583277
8519932
10087139
428930034
8809193
253401147
454967778
664396022
15201750
4150
16779367
295061691
458237873
1041344
17870486
864558416
729951536
637125384
16428388
975024432
572029832
16256937
8421572
628089499
386443556
8416955
568113083
268445663
15083209
847692794
652440898
335778413
974108142
806811794
230287
452504696
290757725
562375161
275901496
531140139
592341435
305216228
342640613
173102880
160291168
77308098
118337778
983274601
129263370
4071233
982542722
839449045
8913402
375969683
302732689
10087137
413222300
14838389
772949957
21426845
144416012
620155836
678813056
250156844
275420252
281617690
959083965
131943847
440149997
173077548
616074290
569953399
926492
105564162
64989411
886712581
10172617
647972
329920566
8392310
790839500
367929217
511726057
448729089
812113497
971507211
367364125
931664314
246675136
788630437
273849874
57914409
8423549
444682591
33978610
556968856
33566282
881203222
670615028
41455200
128651873
972661278
2493599
641417836
915688301
868111875
4189783
271
797101121
376641034
563982294
54143667
924574
556594991
937486672
495681694
919924396
569663624
96494422
991342303
434124798
2223294
414659393
221925166
306973512
8908759
642342790
165998258
103942639
556570636
652937141
712799530
164680565
482649114
466752986
939948420
273033510
492903110
633906542
45749596
773841827
906415292
948058619
234163046
35238164
14465
417539953
875923803
638048569
187849715
23246316
625027345
279629388
10363780
380356306
490562555
143283272
524044761
265450297
664323602
881090661
60505994
487608413
1024950
416601372
173459376
179818482
784255807
532375805
311366703
973361314
933032362
809014899
133786922
526853
178235749
16361512
50735881
929835935
860731881
346925014
562888464
286354548
332003515
859935813
54815620
276165551
973106807
9995347
59226552
151098906
346911162
707841875
94847939
2100220
815882401
34032381
903480245
1016806
136009564
2223292
196126804
329470268
936212954
298866529
160999956
242799429
109241651
803050866
140309283
790420085
241100468
14683145
805770635
167241359
550926646
961421147
652916752
16387811
827067807
630564754
33558561
976419500
277991626
60699842
107308091
174653073
35286790
488340944
545477141
391637037
893186889
289738633
136322408
895740712
558537482
8814944
336534834
2106396
993546646
501598881
253805725
633171380
35532079
956873104
82635358
176856805
154852047
669041367
859289350
95964546
38546358
534054202
73766462
402745353
313463625
952728934
369750582
860758851
918426153
461811387
668571654
33688301
14439
564122102
136909403
823772415
173685610
473006360
870583589
455815213
516309733
739989012
758268596
58210571
571691313
32422996
660626423
794559347
918300
33687876
64973643
945939591
845081238
723275103
905382325
966419277
682067226
454188199
413968730
711745860
823946906
551393
330013938
667325474
705856244
373134954
942488998
34075107
646397556
48600135
910104500
670981990
259465302
134619418
654289701
844468908
2572
512250891
128198076
633103687
305808263
570473272
275900869
140623502
33590998
48600536
349545816
941620555
414344641
632537321
425561884
327460261
843908413
901045758
19739851
985998232
346037652
537
916580226
14965068
532031384
26371559
983555254
274638988
961176754
822872341
4309167
15618292
149583728
608208610
8415298
997158077
918572439
633624088
127584220
319167614
855183302
154845877
909396317
542553924
422710138
497726803
396741695
640230859
843556780
649143051
363131562
39185587
200101411
4097494
930054174
174998445
550177911
975437351
890727877
645034269
773319396
109830269
11220938
24350648
279327513
229760
940340283
759196834
774701882
312946673
627703330
872959021
389988555
10482228
16779239
610358182
208700232
2202786
377429059
50513187
134050093
966691222
69612267
848485300
255212780
42215691
187171110
498804285
698622154
581532657
576949877
234924228
33976668
408613023
240469376
8398809
142092175
861736330
920787126
2621316
8786181
289991382
764145246
