677594272
893450154
903458274
806166959
945849405
3673130
16802032
33689430
557679681
506433406
930961356
383174042
494287887
30756062
471313625
2202819
954980229
602264849
8815044
259722699
669433670
9971760
635972648
526061359
683036401
475649218
789825983
790180418
33560574
563733551
531111
650847123
14684688
361090199
801874165
93723488
860758095
347130376
789559857
283062385
189451253
370052853
538126044
16756253
681225951
8490675
482906057
54026680
583163492
935286934
658717603
572220319
189440831
879598450
542494274
679513677
174362783
402956243
473670358
979356045
35533239
516321025
401339531
8786100
831820000
295962630
652918570
619685271
721021858
873730780
16258071
293941411
522927602
291434376
739595137
348217960
691971566
657480837
632310052
800930033
761302638
172061343
574794819
500802246
2129120
190121553
33958304
20227633
591895258
877703945
499375296
143909118
236589862
2124762
711168274
236991459
560027062
16650010
731093053
157163085
502710393
17846510
519951553
995569928
12268269
476391736
16681327
738483333
655193892
551784049
646780509
680953852
324099996
130639653
146155749
254477833
465640323
487739171
879221784
15206381
929076070
33958283
765179
241218169
725476639
16430769
965116612
879895798
16750367
876192328
36722298
21912412
341995592
943330635
15176592
221027074
41456854
300943801
250183409
2229085
862228232
634439550
508135065
552910473
148034533
869611979
648595232
84700912
709490440
813893736
484972527
469746549
2131045
960189519
568527505
725009173
730818297
863482026
429548030
236635292
115693596
721511284
421776298
101080270
197381079
153933539
17140269
193842116
4090158
153895176
638574036
556890323
35138500
446449446
43797875
500651920
14485833
245222904
173535227
290260565
483285429
937578590
592201600
412806541
2517947
659131115
538182031
759911292
15199789
991916444
63952975
513168804
135928971
437909789
755358687
149194512
609007732
2104870
828526070
643953456
599123634
662075377
919686877
857422530
707160431
568378889
138029
691976668
286449325
109308883
220782049
810274270
40275716
105110277
941394403
944989
562081469
131855
698554257
484688629
10382253
330552084
856214518
51554888
5187779
719622027
760757362
259754757
758547109
520859150
35257027
217420346
906546149
789920050
113737636
554838303
552171343
473483490
982770370
583735806
2622550
652818693
99172129
231414
939101697
103023221
245641694
882638670
723614416
34949
925682839
726961762
578717763
927107193
159357656
1024857
138736524
57219881
2491655
533100083
570820067
881496364
869979100
974069510
15175441
4033
205586454
28415345
5346419
139428000
430428543
842824809
627928486
16281152
157646
341480627
346309406
684272505
610332116
357567137
630417313
152098008
180745165
527179376
866685824
16780891
562129797
819070035
250151136
440769589
914703019
221998739
447313375
436595604
35650028
136825464
615089986
892453032
941070919
686143965
266205400
12236395
230334249
747329809
564122028
48574237
35914598
918690
679341648
710528870
562178739
3796694
409146631
793291315
173138176
109983815
57935
14806310
900200860
779919718
303420079
254139246
738695272
960147399
29728449
155970
623002546
581241989
41947603
13421885
381091684
353996687
16356596
84111189
16885026
567216767
54239337
502982297
98216203
278113861
533935115
502535949
3795151
674983385
538952678
713233275
452747622
14783127
349314867
136495878
485402693
430884756
33868189
330878382
24678494
638071332
33589379
155169389
272571160
810772148
102363106
749369204
295444123
341208319
33689335
273340729
262126464
401730019
544882428
576059304
399062104
422867254
581767872
560444657
443694149
116619544
345705572
54129953
146932575
16258192
425398418
50950710
947271596
177480498
729518915
739957813
218324897
898104348
637164954
339623678
599708885
531624360
919845099
10032382
456135540
157736060
16682461
485008993
261867354
373224014
3696610
576611678
65537004
349246484
60332562
50659410
521802853
59659439
756573426
382671513
3174991
773943395
455635981
395482320
902932918
66983606
2524410
835200461
161096808
936999075
897178087
286816490
144936531
105528930
277431485
512211514
251781088
955323046
538096401
151599710
389101142
657537690
662754956
821100666
154535156
172371827
135548516
988928239
995060717
654457721
570228234
597499079
831561393
943021
834362313
82470682
907049057
235293062
341484606
926996287
556478095
638382747
782014502
173083948
188031782
379161509
942728637
960584722
538460674
580315476
877289379
570508737
978229762
2590479
54231231
845480673
748689983
476977015
550302903
720198526
493007859
430008553
20313290
658913862
829105821
564454275
41821834
149872845
4072778
951401368
908730349
472303161
58761536
664297616
945447470
880643750
565329288
471049530
881870865
596734903
569852817
584326531
334554638
155697265
999706207
297485688
697261069
345232301
370254739
624884
161958325
8397331
8697438
655709
701988562
897623862
262067516
742460275
336177571
664321001
546761940
535967085
777056036
268950374
981970945
25048419
173542345
709133099
291301410
463458377
695394954
662722978
196600877
33697597
897148036
117812525
226271762
654185062
524188783
966322808
194342846
189851973
710139144
562577990
300245607
431632396
359035608
264766710
953029097
926035
33583569
34077149
833835235
1024560
10383796
644265674
256154785
551412
291605378
134099050
2198652
296518170
654181
156411907
946663215
336148806
778112387
360468716
164673576
828323638
412819043
223235773
474235279
741335809
414065953
100508161
671105060
486121129
119454210
990092806
72251574
735238654
817379285
135799396
582039848
465598742
888523836
855823948
211616701
659653193
414326935
183153195
722248546
64346664
435062709
85598422
2591665
933121894
907971329
364032855
458676236
324940076
884368613
642645170
324682652
166534387
411746896
35132039
582262764
753073909
657615021
664114908
563753277
236960571
65025450
603926550
339028761
182918737
765601008
322410160
349398790
799996945
4165528
419705151
72163570
35231921
3677837
265410783
981298862
803899051
921320064
249576757
236466790
307768462
60525482
173200944
670032641
278960581
181572635
189224253
527161681
362477007
40244898
782985431
674714903
866248778
157684988
66368095
154301278
10482655
203961987
99107061
435598066
179254260
936331878
195282403
16755110
2104770
8908878
931997503
802794180
669045984
179765843
565608196
305972807
654149735
8143460
745828580
34056615
459885808
719884868
139576
652910483
814392390
452213677
360524720
36064603
771976319
445177479
609452889
6789573
315984614
266878428
87322053
330820608
580269168
2104779
27479063
534423987
47026733
682822593
942919
786002066
848824311
765985037
205367168
1048038
949168488
67449218
535464166
468787470
611654157
161484111
628774919
16356995
674507460
514290510
16283131
949197
770437401
45379043
723377442
964382712
61549711
683734459
456776491
435914735
313988050
144916460
607083326
797306277
37204359
114020920
947445370
639233097
2497950
439718681
413809598
611066845
808348414
663850594
737543858
184962212
479481514
1023274
670619332
331297985
15175539
372565059
439067139
141010339
640284391
696336679
59461690
645954518
652290848
81832488
176482000
221387951
372159446
507024659
834231529
227522137
878244754
394869898
827393119
184620089
13436325
908241320
897161262
971531744
109202743
790100962
988378512
940708608
770722633
159917037
496441333
440133341
155390380
35139760
10462511
42519926
712636685
280649046
441164427
3796276
397694925
676318581
448249497
3671946
949221
235603490
545277526
457395084
506964001
31561477
969894579
456574569
568478574
131822
592412764
235391891
328884263
759890586
82431992
754648494
3698238
318140662
249772085
772473022
10382244
631164863
210438049
314244434
10095350
568864227
731504773
159812322
929141893
280740792
412022616
551929440
787535499
905274
3673522
72069883
281716029
141436081
14806735
8814951
35256661
88836528
788340898
521297602
63334852
652974612
871882583
275556766
520161306
33952501
65682
697440577
110021371
560919878
297215251
5786278
851808558
877152783
699359708
696548344
15101276
760511319
889280576
575763788
705962396
855416224
261739275
547094547
606033897
777115101
981446509
333430498
775738503
193968919
567043531
164868641
513054441
8907625
14887700
670718084
327322209
990697136
584788336
942335460
385503545
136322436
779896464
582241311
999655999
457832099
2616400
480927028
260555158
88235484
810823647
614028300
96765155
267620472
490804956
279456625
66696866
84834596
891314538
47548098
598522897
551710570
534992692
243559723
908285531
541433502
994513598
108713401
516259479
198298909
371899512
317955843
959663690
28905113
61107681
204110803
187648814
611004393
255394662
742376162
596952269
173824817
4190166
741255969
15078267
333785376
247025156
208137598
758565697
594797114
471704276
918613026
286247842
248307391
2197007
156287084
16756151
8490673
183300701
14563784
971179362
162243654
452028303
374923384
315786042
631876543
35557779
644339592
161459205
179493426
684299082
638519670
757395811
630692781
990991556
261665768
696557362
485787084
98837318
518227982
35550018
771300996
190160733
542596668
746583239
398507047
448465010
518756346
973076283
365323745
365707351
162192080
944889
709105008
16256519
115748807
847590326
810148339
8816923
283304327
284890747
277585224
342355487
758676984
418743115
16411
136217543
716122377
281243714
752361420
34742012
990499520
665054934
241598262
596619976
626372237
164188
814315454
934428069
214596776
266408720
164142
544853563
568477390
635821233
271488390
10382538
550835889
306452049
759201368
459374210
4379436
268347205
774524533
33566382
251997552
65420507
953112882
914271276
887062998
512193321
165717188
134718318
449830620
536893505
211612122
558537589
268328758
765781357
2518341
762355717
14684721
788127629
356381374
559657411
33953680
214295759
626734554
103671403
174757702
350586818
166589848
717022121
471586867
650976464
260553482
155808590
914982894
2522497
833257551
740124586
498285759
487441320
3769991
47292626
426295490
10456328
4066996
943047
444741625
345309762
65882016
317266161
681192405
5442800
374797459
701796816
582613449
687683075
163330676
429336032
970765225
805804528
657278795
673830690
157655
34028101
200392259
949190
174775872
545225468
785615192
977840645
999008154
551851173
415840135
412721073
739374601
805254481
406553955
914888179
66982465
83484107
10363787
493525522
66698551
125639761
227229948
818121882
248987371
550572837
60284896
606920822
658742334
868270457
65444746
465834341
342289673
900080763
2130651
13947167
82738141
433239221
848808942
15181218
752471406
198101220
59224613
94477227
10088684
969775048
134725953
10070292
682294913
748026366
847985905
730079453
918216757
919590658
298287759
746099941
719947288
543703023
457885038
549943754
339995689
161491573
746378037
254976400
964839751
734207850
785528511
978573092
109500359
34942
601966919
211719188
370683957
808517135
534745929
900301211
103752914
701949026
162536
867820166
931647
797255913
3794633
241605850
941027585
322858295
284128206
173079690
470423937
944805396
497573656
366966395
976306808
6447935
108765515
384256187
951390229
433525992
967731862
10458008
875409639
795917103
909556703
352100873
181684559
736313753
35163140
912471925
262053199
405128819
403412163
57427468
965111575
3771545
10359191
828483021
578707594
172710592
78650716
455578786
967254410
945006287
277284653
986769242
526877
564124773
260456607
664697236
783646419
142355784
643631995
284673155
326923579
130725301
583389073
579482277
570306801
342508433
405793387
124003563
128227927
947832749
28258651
60406038
632126015
655356333
413574594
266847246
556634417
149980512
15082784
420798116
709843475
260604
364612853
8776
134652154
832225417
351311544
671285487
897716499
459770900
407724930
140643544
583336137
248531675
521215575
712152846
547215081
691005265
402002315
192626860
273751706
707971638
279693277
34926945
370305697
297022008
578515156
14707811
959997565
131722
635532495
65670642
322891868
592023470
553897824
171233303
260580082
4065026
56218403
243154619
388965790
710753523
305672211
161098460
565443123
205579472
133008
964748914
127976501
564128696
186342567
446865470
855030324
858909308
15107559
855231081
544306579
570339271
717132760
65026641
882359827
154228971
71807209
558670425
159356670
621900519
7579918
534480728
4165500
95587945
4071701
658717402
510896955
266318126
991028057
577986274
635590080
33984795
15107533
534237055
682725711
4126
322395360
669508995
262527
174976131
422852732
35230737
606329771
2614829
524690841
568724648
475816447
398477164
8415814
503894988
361829142
15181643
969087730
9964431
376569165
875747733
1043321
338625084
654181
460538691
313332757
770971687
654778057
925605204
803844708
614966787
895925949
755510172
672194935
799745965
92760457
866114058
456124468
883841704
551410
778276950
594758971
35230854
629807
807029189
372231094
868858680
96645717
581820852
637948654
994807218
903603030
367270902
826722848
2221257
159500451
536918532
558535566
723665235
195466399
4066711
654554707
914967284
479851932
235024219
917472904
294515027
751046067
2590572
167778271
580118482
944473
79217518
587547533
971532245
780162577
673617794
175618208
384864081
183432147
365194204
282013757
115457487
833074502
421762568
882108613
572473756
580834357
515550103
1018755
512239844
8913509
280167360
308905519
127525247
15101673
685347444
11949763
447476550
24771595
999691742
505207081
983790231
862185025
669121233
181620903
2129094
469627420
363822030
942897402
332621206
489853938
990518447
267928618
656958061
126245273
804449535
153938650
577350593
499999287
36000520
40366514
933675522
621601901
15177010
559707957
451724364
236900561
570420784
355148318
674175699
245816089
658811402
628978488
981793556
4097819
8810353
416121927
260481340
954680654
650845205
680849097
241793050
337024592
9990231
164123
609847744
8520329
33959730
590990026
921594255
141569894
36042011
743241472
903570918
763845212
753571965
925158595
4190140
142614990
513409301
268280127
399445950
160876108
823909757
2122842
14807895
278543081
698165931
757000378
403727203
42029602
795507634
67572573
866069462
537011927
827969451
61777757
156717681
458980416
618324106
803741612
983570396
193984401
193558282
951478151
488808143
147917637
15101381
111407146
62168001
222775894
624810
493506693
1049198
875859872
677826800
388854752
956289965
932969914
818499712
242759588
842344249
489541598
343377912
818341541
534988595
652813997
720187677
563727076
67352457
268425222
887602686
203024520
818357968
616281485
304812430
966388478
530436322
397048166
59487
296652074
2498
945842711
631353019
10714157
535990084
73674201
588032091
301692780
409167932
727562845
610030751
167090535
535524108
764628335
16674752
674554053
695100460
35525875
722474492
787403585
66276518
4066611
96126449
953539176
496661791
529947810
661174292
584158503
160703379
463485932
163307433
704135400
45699524
919959
405493274
620109165
426092596
1041743
72671057
911787372
831459428
282048456
938432598
879856375
16675049
885762515
227020264
329386549
244014548
15108978
946718620
233415540
138104094
335973835
563991158
945039952
862156570
993802652
929
388715691
3702501
346592360
472000707
716640625
627097936
33663537
649193670
914688135
443935275
662415572
257509224
225695234
834125445
8890421
583236673
358180287
954524397
236885301
559576763
662507387
35533622
980965433
3673213
553818230
134644041
656677205
237089606
66598439
733841360
869937132
47924587
58467297
766534601
52772518
337880310
293684747
562055196
551435856
568453843
19958705
677625730
743809605
449545750
723626041
181738704
731171132
832285994
283593197
946241192
15094606
278491694
645521046
655142294
15103220
669132183
246184246
796605549
625989782
122769333
918242716
986280104
410914946
550283940
4089699
582062453
684799359
614321901
252949183
33560182
564193680
363394944
932353557
758668662
634836937
401788874
703420598
434652061
785085083
608321502
187703875
481855578
466824293
653640170
260609
159425126
851147967
131363
182043991
192513818
223289391
602478498
155905470
462976469
341472213
966394637
33683546
920372996
814109164
9990723
4065418
172250592
874718786
933547321
896231505
321871601
919562154
600933083
941220587
59127709
575771982
1023013
179474834
104077122
447226435
462433735
2590472
478036417
937225809
962324836
496780889
558051462
16779341
644888695
419165560
438846853
244699627
949840816
666928074
939581565
910160627
993172359
313492160
33589453
2104380
425180525
435099631
69529081
950649
530061070
553897618
3678227
905466326
241604324
427307615
546030290
607693815
451668556
651253398
122835092
536074229
327477898
453601765
615218692
971402605
487403245
150180520
15207541
48089643
308595987
558076035
505437473
337338894
14781575
34083199
8790698
188428381
319190464
14788245
308278407
637980948
903279814
186898421
98160477
7527792
276631988
636931578
743805287
489457980
279293243
583405544
863360894
86540930
648373548
705525005
161391883
967949532
684182300
629328559
816276022
83469852
490138549
134640300
16674650
746176947
229769
2228978
217059988
42184856
233563138
429395477
223555980
134750294
938290310
229767
792896204
69914171
697536534
3697779
597413697
173394519
35532077
537411603
220508659
35527035
388487059
51446447
993776485
254528
400024020
273480914
41692003
166044850
801883937
237595
382911065
727655559
962145235
718690639
452665144
342498207
10087211
760459734
719101719
474828848
276159324
144545677
528
59580
4194699
2590082
80069357
824553617
444659470
154202755
57040359
896336327
542891074
25284613
853047381
501564560
340465596
268443591
41449131
650852926
522895200
381292312
438933096
596419042
8809193
897426643
674008988
236271437
553693059
907318208
706837705
906900365
723677672
232406655
464602537
976306305
646061905
60726008
899504463
325641609
659813022
15176720
649089638
532964629
264730003
960765369
356174774
318644243
361900659
485778651
217405275
77614795
328521241
639226988
457100414
17581046
297170713
339042247
14690864
10087204
363737554
32725806
9988700
379978833
23894296
300578335
477219765
461619337
141155290
485919094
979153666
995348294
356898514
986866432
238312822
837685430
191757185
3698243
54880791
100809744
129810739
2605848
981748080
241587101
14714479
2227431
214393069
666202039
49197281
959180996
127537658
938178775
293089920
836180911
525000158
707218515
566483516
332682211
387965174
825366012
945000284
316575176
493319330
413891607
138650840
652812044
434292097
381792926
551407444
2198267
5537360
426353734
291698742
533027
549061783
294000504
193608696
313761441
62365917
82629610
751085066
543604071
323857775
42628715
330923096
593854018
833568829
563635119
241759203
513220331
8392707
819929471
926842903
776524609
14689737
577412591
812479361
864068403
202782061
882344879
167684354
205328393
623696311
244611340
2206
669041260
573116984
326356082
910924189
48166260
549185560
583238218
802395334
658712972
310686880
378053685
950523137
796226147
311182414
784352295
42642569
948992842
35230856
484437028
960265192
278276263
167855606
353818305
781693477
919056503
719484997
564978182
813946052
250960620
979307053
346994380
485979424
4171310
602863169
49214756
582907825
910579687
684908369
273359522
245043029
538073896
689948403
328820378
173184333
986410796
678402682
2597917
34077025
163894161
414623612
473452682
134652187
819636839
33954070
367434986
685059286
3660
653221754
577411422
644118359
537444980
573543230
644990515
218743616
315527218
661701255
184887524
310490338
820926364
583808865
799360627
793488184
758252067
3698164
427700158
921791146
8521976
14683169
362954112
2518265
583335003
488246477
848720349
148488012
17575513
650824126
468660081
733862404
569923003
786889498
14787877
2098668
430363979
1042922
376525126
550178179
16112
2492168
3770086
146466172
366911317
397822589
516400791
411784526
177925856
167390847
58723843
225086866
8520403
759153172
3703946
8519913
932407808
35431275
583310437
570321199
241555591
257578536
107847463
254992844
809520230
15103320
911510519
510566961
407174538
16651562
536926773
180387293
134349101
900002512
159632625
872686514
313676463
746018838
678402811
77353756
236474542
802957502
355479107
41849197
984207304
760038907
619458249
926033
498589470
707258680
164221
552875914
64381902
333788159
639252716
683880452
7563431
462717210
167098926
631120346
791517857
579157960
92495423
540665260
562245434
611959201
427694063
433840725
946900022
4091349
894276395
2123241
940788776
325414396
339642204
604986865
255011796
645525187
496522456
40539919
506303453
352847175
479183992
33982942
809094814
32930309
10363682
66184227
835606463
312058804
5717395
514240064
748535509
134257161
34058162
362538765
871589029
590386532
923580415
236465647
565698369
431901802
675673395
195375090
372682098
905461018
971508784
16799981
471784765
352789107
173386252
485751018
3771662
33564813
957412082
988835454
764327626
724657841
727437741
33658614
964716971
591852882
357990900
18597876
998546884
535352851
23640026
584119012
541972306
788345103
721623690
557102664
14683661
732308477
595215467
822746402
847955254
63479186
841636098
660569430
682429012
314447685
631454
388519767
572915659
245919025
280039298
444518536
364796218
425265950
549939
219552867
950301806
16379717
359566828
13643116
439055748
644363714
119237648
120782523
983302828
2493307
574557742
266887423
887613309
262930706
916694265
883240396
354856266
309626394
664394888
202873461
179852092
375512125
14684797
418660288
218765405
2222835
682724133
655057055
12282793
532948
2518339
511038230
157945
606817673
278598744
331956820
168504019
15102809
167679839
376881855
260553396
565566390
185799451
532955
22956861
396409475
146447887
399660646
435586357
10456045
125913856
102399465
396127020
404513386
214826455
245562512
9915
965141257
765439869
59123
826728801
907852038
277221257
607461407
941429493
552292112
575292472
378347683
550597843
876047115
241604331
11915193
2104387
2122916
528006083
603833959
361276448
1041372
730210005
158071836
847500337
2129386
758637419
822833956
957342387
63738
16775102
9989071
881268266
669678364
924435491
806889070
551857732
323612983
327799149
472082541
531396
14813945
533792767
938725773
742635562
736732690
776925530
236525354
33952000
8515805
243027108
664720725
630960
15181323
472728867
58832567
280464540
961369180
928635762
273351801
243810753
407284101
190565880
154985686
978223482
281981359
4097812
273376413
950077652
760264115
8750
8495292
261361532
149114420
8786081
87440058
499098499
40642391
8810814
2493328
16750467
618501210
610795589
334675024
594740812
622766878
545271274
87540716
705213582
16288882
3776267
757243907
16773555
174751631
206434829
268093738
2621414
550700500
472969816
343653131
548203310
194064425
966858057
852355560
234404452
149842842
752156745
413602507
99281050
46516272
4194372
651361723
184220704
31513389
10456045
651362134
248603560
364779889
962065028
322124892
962924325
528256144
817955936
666354044
866609381
3704438
92247323
745819358
686716141
4189755
750541406
555442824
812415675
3796283
941680430
9970308
166112532
476859982
61127000
181436814
669690612
427223552
725146651
241910140
727587251
79615916
384493053
65803728
214868562
834492782
266167050
248578946
234982537
622690755
245
4065031
315643973
59113094
718260349
57954
464464704
441075007
208954493
356120129
746090410
40292642
987647874
16264660
564128577
9994876
594694929
88330033
713522008
234251356
826070360
60424507
615691419
557168
577850155
9858050
75287690
16289298
14924
337153505
570021428
379134118
786009730
8521855
15182794
956346275
143066773
133719677
34697852
8521848
365127360
71293203
235385251
534338925
134845381
927742012
543698297
304236942
847088121
16282832
331297587
842920096
682404348
263822804
580645853
8495765
940538554
66993489
3698169
42224480
482543889
91231262
147524137
671597223
130943616
423229574
313463894
988883844
944137199
746417499
948328756
353762384
53630726
507902796
702674537
564734807
915930845
470540018
964782279
622856777
288286495
212000287
8914956
86189913
255954
591168007
211089922
689854100
76095279
702593619
186044729
237621
46928203
794052686
284336795
769829586
101018415
125185724
302693753
800879092
672170988
8497341
10095272
531501
467520131
128921745
121808854
82183144
275216980
860406358
34458849
721377442
465917439
649360781
33566391
244354631
34076759
942895584
39490
956715271
732693218
427667600
43448613
818062483
494781971
160999645
184519012
359896973
511107040
32898
887243141
139583
323862577
958679647
588008794
558174852
593111692
791615847
598143658
572637282
155407299
860976789
527112296
390925254
477968783
951915337
865831875
813583041
232232349
624751477
2590505
94777909
719227728
236565519
649109630
865877880
133998299
780166449
767222557
512340940
942645211
4165041
570987425
463934439
515633566
450890197
967949569
734071406
369910663
167842029
996718203
942940
658292196
896134846
613350039
960707285
617744497
952147487
919950
33984475
653237866
543304801
792677070
728278694
876636390
374880699
221322549
273771824
912898841
544760302
238140844
718243959
283185772
593225459
339493059
183729063
551659779
538959251
308482779
442320687
52663320
972977916
210341295
691542605
221301660
893549805
556496842
990384935
719565376
656367070
505157108
197717137
951806392
373491510
744351523
532599768
964184127
874164024
626815624
556476835
2098694
672666913
54811249
698284320
10482156
15107450
92694041
260463882
540751196
10456456
806927758
556570368
451329817
170768986
556575391
517165635
427729910
685823121
930061661
802811228
128399357
2516416
545325896
182002925
229482120
692114642
47346711
957304584
8809188
624750038
284148692
283073713
21429143
397074006
710654647
600662034
2516708
35508405
404874944
109572194
8417275
53525280
274949817
158356557
10300
230154
851081826
33591388
430703651
1023015
671105378
61052064
261077
634356907
209091865
831131407
330644345
874491924
908305182
614537008
30804422
532789912
1049174
974015521
774715634
773379160
652543198
189248212
920896734
33558630
194711451
30297217
583341174
2124368
723327373
550604038
606483296
543206103
523932869
858119325
630265030
922943707
14684797
199627261
949813795
318057104
897125335
225411626
466649282
879493488
254402
388329534
96862146
67110846
276255008
935562057
560865364
58030
273851405
134621072
493103649
469376517
550686139
167384398
120845726
39872557
9994850
783836059
808042836
128154045
803466617
661305817
154526386
472194992
268418977
749942918
231857054
321824142
374910105
847554570
853138688
8521857
39980648
8415296
336027663
260262516
253592103
446254725
580551484
560506823
167778271
562330769
915770209
538883162
931829072
794989575
260790957
920323
670555082
786215880
688983394
136416839
495883356
109587589
276676083
10382536
147341436
279769162
656273599
519511009
654542
165295654
550670181
245788123
83994730
112909568
8890323
752040444
716155539
994671560
895947236
947133225
159400495
35596262
299483716
419338359
666931281
59952738
15177117
182352947
335213114
683886754
530290627
402793226
542146161
267486362
111657235
139084
424326711
2088381
538433396
167905749
101267608
9712323
856163094
460880190
568453908
63738
661350942
358624659
1043003
60718389
731312744
560620480
142509995
455147098
672182926
311216805
26582607
855993451
50031041
995094455
96877298
395072879
8808875
2498249
861470291
254968180
977287111
436146617
391217514
759848278
326609352
843577109
65299
377191552
16387711
951003622
49082486
382503516
375137088
997743447
712936073
779704499
72841231
520675154
235288861
908328235
576299109
72600393
558166815
164197
12244573
736210010
157914
937069791
584865211
817083712
587345721
368569700
505322706
832779274
3778237
630246656
545247002
699956970
537307088
692599507
992998645
278305342
780620636
361172959
178933702
2522991
670796522
629193307
4095842
659136966
13263457
10359063
87207099
163131912
641033403
395468240
119257521
255118016
14691391
303308682
996795023
34075499
206841093
8384
262137
261666928
813115463
2499485
3778213
1018391
16264273
553848483
861852331
65438945
3673596
743679667
914009231
975801811
449437456
354635258
58849997
437362514
688053285
373676629
33584829
659332427
492933024
1713555
521002295
620779071
427709112
375829492
558498503
568603172
321216891
249782202
33688203
791147022
478097884
758546841
583810772
577040117
631062
524639994
745297976
669533530
7140951
721659532
446147145
35158229
633209747
552469885
923535421
325716920
707196871
509325647
463278282
766168147
941147208
324760382
795179783
245050539
459256815
48114316
482320396
992681841
933246149
695059279
550994
279767320
229862
33960120
867126439
100127967
664580694
516007215
818245817
563787576
15175168
18721557
14607086
572902070
543702916
212575831
117085900
382233554
307144455
663216118
33565096
40316069
236329536
557569
840589994
10359065
110572340
892505512
449565674
910062744
980270513
718786087
2204854
731774890
4065059
215976847
41449544
944571
621123987
581637314
630
991236575
284210969
25814324
240015026
387169772
444956592
8791856
965000791
330113668
7995606
33560180
582817102
768247074
857355395
393986374
127470765
664298006
33659032
519668143
832078512
869590091
803473383
389931352
455710477
526385
140545110
523139290
158966071
916904794
34058561
134250662
261661253
102895890
337498819
508857344
791775156
459545960
253683241
754038464
373630923
337664047
532637
64387948
41824039
258482873
966814325
137193824
708383621
798687865
557653169
983839186
706673628
357796882
127517119
662189305
558062792
88811444
854818208
512333813
180655230
969173529
53769531
730059115
556501599
342402587
10462504
678448379
873460378
463562499
938801806
407738564
263848728
565468236
514620614
363184890
301211767
775142158
149196038
159793860
35232387
71346202
446632804
343046263
556502652
595565374
756107085
330342789
573881849
365927654
21353901
167043369
184098954
135799396
582056270
517653967
16256647
243981451
745635478
631501933
763985509
773689073
546082032
761891751
483394298
207246442
185201375
699820769
678537709
497973309
220620991
568772045
984714543
72228498
929848318
49756789
179075713
526631988
944208452
362133067
597813079
33978591
550277769
149589809
44821439
361580981
172690576
424522551
551880430
538462357
971434997
157227609
583709980
318893036
428463878
636417645
211873906
568290259
742801794
21042379
650851374
596785762
236987902
306366381
346317987
229867
66545451
6012083
2491757
15182803
16657740
496509916
225044897
606127988
821362238
565719916
949197
645840600
512306858
725148909
447307133
886794608
292630376
96962472
917719833
547584255
652496003
616345971
3673137
577410958
314402333
764631890
943019
192118764
550320852
966396479
161461118
837978910
2597934
158520790
480151195
47411322
537410118
65512728
65148228
598349879
768692805
136980302
251234309
18831367
14691358
910345883
1018676
35654624
8884121
607866974
14714351
841817596
73772605
416396176
173533784
880658748
8521589
988427522
10093406
300962184
420324581
357280857
8873685
704564694
620857962
263343351
51755090
246580850
15201759
684234620
14690973
212342326
15201267
8890689
817666421
203034368
8907228
310920220
321656758
8521848
382243827
743907822
639627824
63398095
673732917
39597717
33687783
73669867
990195858
775413125
945740623
63734496
954212192
48112831
414295542
730253888
294733359
194812276
331311834
551030155
460004844
2204338
374492000
492486865
907736275
445100978
571754789
291257136
161065702
258541677
389077265
714525953
391849830
475052067
250183138
637653227
48574235
10480702
338358873
409247644
15103299
161391874
637679730
658753223
611873381
11036120
895977618
844495958
27623540
583113165
285720214
517067694
141386300
649948140
615374894
325180964
33583688
140918547
595767455
786320917
962513685
983770236
489675698
841105925
812970056
993694999
644247310
563653212
35237013
604007264
180968351
262028431
40247265
478279536
877203014
224827009
83721942
136224102
878505576
752478230
874297413
247705663
686848539
97565146
35525378
8808903
91784458
862979923
256451
286478920
361782126
343173995
16681227
954597148
259848569
620971532
10486859
115634721
48727246
371407609
40733
903975246
812802437
713442505
34058552
287371226
637508535
765075879
498699656
274540436
33657354
710636696
173782241
35533603
239858278
581887308
241679357
150007652
558599103
671081905
370847490
27118150
644271558
8815369
847222451
281641819
39564
249886544
729316115
525478725
575783648
644345666
5501275
471557917
619555718
53136966
702181920
120890434
685549689
722081855
225910174
639666676
39473
607943992
601334354
241866670
688437771
9964158
711602911
746472766
276459158
732217456
20644877
356031738
659229540
792897620
792908307
935692720
848588611
705426974
453754703
12582293
121843937
927503125
239106488
433094650
579730315
916995653
287827255
751551192
944499
558049845
628489761
916827250
988397663
471204861
10464065
638071360
688603289
713914112
186366650
558090326
38169837
616028769
672410257
320907309
140648140
856445034
945865827
964480771
502016567
58849899
4188196
553321852
553092448
235387162
170625415
133400
968656125
750976612
545318590
842371386
94868861
2204436
372357620
426457839
692241660
3796694
436359182
46515133
658814523
824304456
710431126
234899495
951033475
9275156
601654600
728827959
93920054
931333100
583238197
130310237
453461712
706110741
952760115
670718089
302501910
171594146
612968566
324122750
270267849
559913414
32687956
108323252
987467609
778226056
967708615
16385
940910585
32896
374252410
674405269
2202817
129239265
618869683
552251187
990090288
916026402
704218777
393767338
736894973
437365854
993807409
761827461
707351241
482921315
260561241
719272263
582154707
381951161
739083178
16379717
14787851
775201043
450599570
9996818
541394738
60423275
677151277
274196780
959755478
543210618
911273721
921231634
3802478
131746
609939149
438743406
576432903
241580825
587032501
694221438
740116959
268781115
792418084
275744469
2622847
35156670
673618071
35138474
3794626
584793425
353825976
545154846
239928221
742199536
493057260
879256749
146328886
10486859
447033597
827401739
391255299
142516465
479159393
681230973
