629583256
33565122
16258064
521792726
960292805
836560280
277883396
201422855
390687816
4066609
456285190
2498325
328028224
965681093
908230126
937966070
235018335
2221276
380451671
778757260
575469223
827984028
560881544
41499675
254407
800628224
15101740
932839986
432251566
167284815
882918504
89956021
14683162
71805766
434021388
462583171
375210295
213012968
411241836
190645159
493482147
35919209
250275273
395992480
280045773
905843300
16381164
1016711
15199715
495600665
584037718
14787772
140551286
897358120
266747637
170884315
647900
383769053
162111039
607629326
279749267
671509840
952147382
615788185
368259660
985617895
345043731
403783056
918771
140937039
65385514
268589326
3758
511486937
2098278
497473134
16362798
168485441
721385645
162743470
14689421
971575857
649170637
841298787
790060264
536025187
550308977
117045374
702007968
444054450
817888708
721407884
688406651
627583938
523529108
35557879
214825056
402452300
408290359
16355338
109943252
729717637
894189913
765321302
712323033
496219230
391213810
607770024
117862412
173209073
282182752
727579511
709457951
200057577
387392685
700065455
155407318
4006743
115939654
161868771
841656132
561094335
693412570
691293487
788938469
273135267
879973506
394577430
1016711
495671785
190529058
368323371
680047457
831205048
61554201
877326526
521842513
62749385
924968
724705333
976847360
278678188
2518365
260462486
626121691
39592187
138
609066560
717641374
77295437
974292069
566779191
480597536
497060265
429142551
799959650
128603173
966813034
147622595
621825648
250151036
327561629
788365964
617136042
666360527
433773651
302544285
134226438
790782331
920789997
29640966
726296580
16385867
226475552
1049499
594374297
626488999
459189182
153261634
117351652
508046677
151273929
664090127
708756897
776867032
254501434
2616298
150484981
841220849
655277696
873496057
163798
933364850
63200005
284644236
998158072
443697330
15201339
541205549
15182877
986629425
828941675
572213501
615668387
249790037
64449433
206116218
729960236
191131724
949275881
3679805
260092007
35550049
659465977
2516708
631454
386609195
8515779
165718647
583830799
393826312
941153363
408833417
815658368
173424928
701901502
40275396
2198578
810846539
236491827
538854277
448262250
707262760
869479505
401896293
675322705
16288906
38019728
727866436
334223672
286369125
986395642
887372602
821182425
2221666
297948917
619631363
241406559
475299235
904753756
496048463
66723240
7772605
46553439
321552574
62196018
434323633
718827985
935421569
493238732
629199553
256261743
265127478
226754622
939949907
475529622
340927706
785670525
860958257
976229548
275124546
16674759
54332529
803740392
140918449
285354910
612724424
12352957
2098178
941154423
128743530
874040175
386741635
875774217
226118107
608184543
656020
264473960
149608373
249857282
380619547
515611303
893130227
34058561
58417240
35556318
348608600
260650803
969107768
939942671
939974904
481702748
41916321
575713750
639234749
56757966
110363840
749591877
267621472
924947
583213450
397297551
691088266
5333937
756571776
174683618
3179049
381100643
14788171
132323679
904108521
385483636
200090079
166969502
66987672
550573222
556141
331977247
593048747
38941560
99174376
35261252
471477576
236491335
432698587
797975010
452454502
16748934
911996367
949515
737465830
659860081
873074409
954577244
841609180
570027286
651343352
16379985
425250166
142099611
15201633
782060843
663838580
401870643
53808263
103150763
944863
860407897
161871085
890869118
594476434
924965004
982602191
673585844
134325937
220952685
257841548
921357984
290866442
966782223
35163214
143580471
2196617
603022598
839512279
266386424
10087629
478435089
262943422
372404983
662730316
243153060
683985060
533210310
33282383
973755453
442522025
133997271
690310146
364806182
63594508
442371186
248585022
345640319
783917252
458007395
683992766
583603180
58408589
15182768
811873184
229793
759371802
8908780
484943357
35232021
759187159
124714260
475431769
870654999
256080960
562178240
312421429
776091645
236596038
378673323
229562109
685549328
874937591
995692345
155808198
501097784
135388660
167259757
1041745
744664291
612485927
312461597
14709456
206248108
4171193
16650504
80330847
14715896
14723219
959299218
145674954
126536403
582012329
272944321
258706837
73643357
655994
731956656
108663545
35132303
618385124
237966603
2616792
781531940
138982636
9990616
72094656
134627519
49199296
170879329
2516395
75610466
584079132
729671546
533629881
564933328
234043467
144079489
129037174
39360313
15182901
326097028
91942808
59916644
159492625
24099108
399059366
470854750
624559538
275143918
33984769
16289300
174775781
1047945
624353030
214467700
139058
361630107
407303464
853033156
296997024
638234866
663142642
149880020
996307503
327134120
294857033
544107067
126672354
71776820
357384058
456509349
620546488
917021926
674541360
780290306
391360769
522839023
624893
33560481
489118367
844902548
806929291
920681347
940648318
15083311
122358474
79205688
637024339
840429993
440718524
885890162
457003611
238586073
604959278
379980986
242022492
656025
557836972
526016164
339592091
161385413
615684463
732946763
205260746
238185933
615363917
770703538
779680722
1047947
108426912
827512747
506854977
4243308
247455111
295795624
243335846
247157886
221313901
134144950
513954087
778346912
520694052
282435982
194399221
234999505
8495691
631069
887963507
3679380
155968
54350510
538387905
639954023
10125451
678795493
16068609
617774315
446272443
171379936
341570885
207837271
537018131
390872168
281745206
941622098
680363948
616923191
371066001
192785341
872666594
10384214
512055869
412758780
10093679
328276816
202741465
16658237
810830149
142099606
588360674
359437876
440131040
887059999
4095849
617965183
3510910
537599279
445860228
982098879
153063473
3704414
176649946
481633972
650878058
877590122
917863252
171869763
311701290
418947060
271764866
94345140
576624984
467711386
537343443
16657738
249857261
326913234
557774974
8785782
696060522
907819633
3770478
46602755
2493235
385223793
37560483
739077193
341638826
818144459
539076849
658824028
633297710
558043667
841058192
849646700
563187567
832613528
183901504
760118574
23578460
656433644
655707
679254269
2592050
639644641
674107741
674206123
1041745
701639858
507005950
33683579
2129118
65542127
15077128
598003807
840869294
5880516
665896704
850216612
74259169
153833531
151469451
779403040
30918062
533700901
650921282
577025587
967912564
157521805
455132456
501133994
957902853
524418814
947439270
774130255
693801744
110136278
965734896
6765053
665426567
728979975
168668929
335434075
676788480
136317819
185794508
573807455
519252161
174283849
682313751
706701247
577345367
579591793
282414187
228442262
645914000
287611364
927835915
288429180
15103320
83002931
800105881
579806618
613481257
261866643
384479755
283438954
230858289
972705479
14709846
224854711
673553083
904984861
254310978
589117480
832335280
148508396
34052019
264701571
246263032
581645858
488827577
163755838
497719578
661579031
972582402
15077002
73873282
342748413
16283198
539894644
637492406
907973725
132249378
459700900
315290173
139065
881053452
73381079
972468881
677980284
105634566
536919697
386378099
16263106
179663438
757111585
247560344
278730614
909490222
652820273
117678953
64254499
842697440
38768124
78749828
647866773
16256932
10488724
9917
318569719
140624660
14709827
33978227
844863833
539184492
842054512
33583277
558789680
296841487
991303503
545251633
793708148
276849324
383550923
954257906
289642703
16649986
75376176
47266183
453761450
857207229
271117788
278399403
932825484
889704493
459713209
431883774
555483361
136536659
876664624
876973348
111242620
312825703
745562306
763530373
556097470
657262766
772170607
48226281
166180220
63250149
623232
466714984
58831402
310106118
623332
303101794
349903575
378614595
620291413
40738786
16748516
427451997
103626768
863842589
718101554
712121246
937210872
672828143
133372121
104562902
588637851
19401988
931859337
667281939
651271110
449935153
431837809
146652106
554448728
890036544
558943606
171199326
991826451
8514222
971502907
16279867
627335710
398182419
59150695
137495437
614755952
382177107
231706
9831137
599724935
2493692
281331565
149483775
569922702
507853005
288190959
451483422
528481956
670311271
60424920
256087
139574
34050432
891292695
2130644
551125
362623662
691369637
114110795
155415018
53000439
38992283
212454115
897905571
883777820
323336410
790507050
41932683
914410542
282744485
369001645
10384095
507260761
180951848
808232095
33978225
697940302
697578358
264947846
81016237
950823898
237540219
16774608
281638960
652547796
749312119
10064123
252563628
142118488
196780049
410871300
9965586
574759629
35256661
702524682
8392602
808860564
698045729
371151836
880418195
330196568
812980593
4171319
501864753
784581533
329894698
16374019
973215813
930024146
543236707
284631993
677103274
2124470
469344839
667711330
192283793
512118705
867026239
516581560
120094199
729066937
818588969
684698102
965452216
274957410
588876814
456531117
939583542
119151627
928901326
310132989
574754876
943432
236565253
10093387
570345804
710031130
65225881
1023279
538854144
612772292
666696629
662144993
650877932
14806735
817501210
690172554
33585147
652419038
734868915
31402249
245719525
911582423
775638255
543792232
348195616
10328
260555134
712286014
149276540
209157281
126659253
318458050
384950268
536987280
681624661
241292351
35132398
325891572
915811590
58833054
23589811
104974575
364724058
4071718
432889139
799160617
455006159
717224818
252313232
223873155
885040744
4026
828354661
571411744
954453849
14812491
951060
893553533
662828827
613626991
434170886
99152618
928402751
42476963
392422874
147641159
682405926
648433406
738612743
969211568
567347547
140623426
525441112
207562445
397886956
546807325
4072778
333944723
626461466
747899160
35255503
907335871
321677573
509048141
177584196
45123647
800577175
119018455
206858219
260578
189246546
535160208
2493300
770844523
26890748
579833546
29221038
891776764
920342
71547718
154930378
484898218
22532431
875939351
650209999
33958178
2098202
8423124
167777870
625375106
977027811
713963087
853035664
185808042
820002400
16319109
193319301
540129103
15205865
527335113
156680490
602467779
33976768
785868488
624912
167659788
45879370
134227581
951556281
264394604
850919238
552469913
326697270
400399052
287609146
14539
505625802
16676204
583705487
655844198
345660689
2203311
370159118
108233909
66241739
658816152
93448239
4190073
853036700
656323089
676408565
36256333
38989485
40314596
667779889
148712122
80943720
735212543
238105658
51667417
150167444
45482592
33558663
370039964
787321143
260069406
3704046
964816630
154356453
35236930
966885287
139129056
376634811
14781703
330491473
898251406
368510516
65025082
161349121
14789403
59608
751796238
710894057
951141
393526214
261031204
73251463
837545142
984955679
704157547
924497292
681256326
279769295
49360268
558566748
735290867
354996525
16363173
743038859
67358605
235785761
664124076
628517787
41912633
110148885
743782631
394211340
442360345
802239403
376752324
729620982
739209020
458137210
233143530
472704787
258864877
16258565
169101602
321960477
257916242
15078262
398277914
250558804
2493718
151660715
367130929
32922
648389671
633182104
961825050
590223645
289118975
147621528
265192006
131791688
140549741
389589946
35734726
267003315
527025042
719212319
514131150
2229477
672658258
747263175
997468440
424339649
34075566
615169760
466806056
237019444
229981382
955201250
293545249
272889345
551855897
860615733
150163233
550300978
495384545
982926280
669513519
411760691
810587283
501894825
15201239
9996920
192844796
288147511
308364822
637011843
174675769
40624
939158832
591824583
591464170
966808118
195913503
44554500
910988966
501961564
405007548
15082819
575085490
142254605
456514150
8521874
465442904
551018
76293768
775235447
134406656
35263096
15107431
957270639
291195743
526560071
244409841
86692713
225407536
786723437
179002953
656099
10382639
656132658
250249599
176088969
226681898
813759112
110110121
132903603
920325
629502629
238762672
494210035
928376724
2229002
266754890
890491226
181049862
759725492
2124867
66616998
935967729
123799254
97841288
863585773
978876469
798079632
14807862
168663428
693576984
505900128
116168612
339534900
252227837
448180956
429811899
650745033
436964083
15102933
681926305
183153351
759823534
83707156
859939403
397868512
859258831
632548969
33589470
49826634
947839343
306886265
601812685
259035085
756178924
232651824
950871762
605325846
682829820
904421832
35261254
202393176
756032577
633299113
808942151
863308096
684041168
599526007
849852243
203931963
89369394
15082791
222614536
910159061
99953448
34075473
188918899
856130109
418642186
657243817
946585874
326019814
579676790
939523600
503023215
237590
254927
204684607
648038304
1049564
670988463
755275734
557294
8928355
261208012
736220626
49649486
782378049
625989870
40640839
802315238
471785538
353896219
359424841
676506533
747877386
311227194
935875967
132231262
3678253
113125270
196913251
805120803
535832060
852776506
42630161
663148799
315102342
33687785
35550508
281043579
358973740
168043413
674415703
33583277
61796201
268284895
712833123
751187070
16774608
683985478
704266528
170635400
523209094
972614896
800957319
454053081
411351364
230529655
33395
443465139
417497661
176407746
947519264
607087284
155786394
893423057
581664723
590430210
631686765
2100229
420069472
653490168
99820554
583242329
356753520
760954029
422647327
41941063
629376539
908430696
310229580
283818910
423508009
835347323
229049815
113497192
60798357
363375450
15181249
519886805
894240871
68578915
3796311
684974234
454305533
67110461
931942494
889395701
14707809
560494985
16676211
1023008
14714054
34083201
430638660
156462
974515982
35139732
650882740
630278688
35262704
273775989
722435191
1664940
626330591
278936521
990252893
34052017
51867026
511669581
15205863
610030393
4065525
151383609
754631472
637062391
273382515
146555245
605718426
102658971
740638056
40246999
174282425
382299291
936195466
893881271
582756787
301286723
197739395
562304044
624793
85146944
42388511
2522566
58963412
705990702
517955305
989398052
601640528
2196608
730306251
748339994
937493699
841627076
823025777
545177960
84931336
861769401
818686367
2516423
386562561
779387050
629928
406979651
37510973
799328651
697701762
357656147
474507686
691488254
228183698
299258268
61355542
684109207
777818738
800525661
556866250
526466681
399695133
790598340
33683278
657120867
698715514
83078323
39956015
822671873
667010771
244151422
766582559
16282711
485577647
332669799
155194140
872774874
807308638
319232646
230331896
635880132
249359827
536900017
104224177
898046823
345279557
912221905
215230225
622868847
976990952
272184328
3677728
174382766
353346943
68719433
427354106
2499868
946292465
135904331
763502067
614691172
148882688
128774061
311197294
710682117
438997942
156072282
381127754
476961886
579834385
572872303
526751
510098379
294350458
186387390
336179112
858384502
342438345
423077443
724606563
461837160
264339767
781447907
58371334
830512426
948375920
376432188
480428028
401939101
728714909
946241227
261765367
419512952
328886051
817830229
60610815
14781694
854543590
604014083
945872495
296853343
129947931
493126892
216359189
465084538
941615537
676408591
913155874
2596750
660949548
885117688
985056033
134724045
35531685
473398343
49189098
783752733
15266508
201982267
547685975
465771229
349253352
166348114
572118155
388237538
230154
97331535
3795151
724806480
32889408
87232320
551664457
9106206
511352651
14683556
565860124
574134361
38140242
436159514
263390997
235391810
517839798
41495573
550677835
787660112
240912609
10487144
784819168
35236904
262028450
16651543
179081761
271623919
810433569
58849472
2130969
584831856
949526565
919952
5708219
539225565
455089826
260094046
307412239
757468519
256148609
48108525
250281843
256288233
569922702
108190744
905575526
653542097
827344262
260455081
32862265
835293019
492813197
53166857
743316945
743870301
722850690
917707408
574286929
593673973
404787377
448933604
632656193
191254553
5402447
933306493
705632616
281218021
692695603
33565129
245036378
765920325
780660651
700855562
479383752
186516407
949771876
402486600
771052156
571114702
975758270
887421744
239150855
777547427
395520534
15107949
4071202
469464860
306535934
15076715
351635191
14689739
1049492
114004304
455290248
819597784
65384038
106944367
838847273
618849494
490987285
8415396
583840974
710240475
788671811
762345082
641922825
596155464
236064
48483603
138003
524961848
42183007
286062923
47390510
891412820
912344417
68451983
431298936
310298232
771703855
33589869
214471966
10388355
128039682
985603683
41424484
147503419
971402496
690741277
964823103
682212657
758645648
994794483
283453376
332458288
30838296
413106226
335489370
496930251
299016857
994960606
17153585
202123861
9990259
741608915
648246604
447825246
253831395
155482634
8883087
773973226
442504492
16780817
34052086
754073609
411340792
547341001
579708468
257724096
836988434
245508395
87487667
296563731
926175049
66692368
10488430
10062564
140524585
865180865
3795016
236597980
4091249
334809464
619442965
944891
764010730
603201594
824520437
961852524
583454626
48604735
930432353
14685208
950742
456946113
579518222
662945671
869735757
799052126
151105676
155810226
35557851
234389417
392899405
442868449
72096567
952332978
616373910
391366583
7204456
609574906
685694743
328084094
527998529
234532683
191382284
317874383
10094965
947500599
338122329
900648754
374367939
312289331
161096836
525192118
468388137
131537252
395969337
4095966
40350773
673856900
682699122
525218
222295039
83300463
286453975
830303843
40980061
266483430
55479216
744775094
147693904
389335331
677980308
674690139
262028426
704666858
39200
916958442
779083390
758145515
590868610
549143214
122948540
559974095
8815338
193705610
52739885
65408669
222760942
811419372
664322237
754935577
544588212
8915056
372817566
297698022
9990352
205424671
737524051
179749690
615824512
2522958
972820789
361089521
619616329
35525378
946413308
626542779
261041909
65821201
506827503
163132409
85742828
802708409
8417242
452760909
435807732
60816740
15175558
562221061
834586481
946819626
575870022
586398
420059738
570347282
1631550
320260951
487671021
10069134
207973729
306671996
532367652
215039246
34058186
650805297
8421605
256566222
639134347
16361227
16257032
636625776
569395315
2499502
569190196
33984760
233031582
224335158
35133957
577017558
580586214
63933954
661038837
739558854
522161405
277563469
658717311
569953527
574841477
151874606
512063687
746813084
163698
410103039
936627868
42312260
41917873
896190134
752149629
652653151
562791241
983483221
897904218
17536011
947913109
733597824
40635723
767116236
583607031
252563120
692544023
173635812
206310245
941901370
390707120
2491650
4095840
711195575
986307495
562034523
568934139
740098227
915877895
33984470
454440577
102158700
382991218
769795320
387030907
966290345
633839656
37859378
433222163
576632233
173085994
885114934
484280283
537405518
801500601
141036603
901723432
288354544
103889882
335936366
855646699
287483203
174842286
3771930
198259846
19603318
779639747
446305786
63721
772147512
35677327
167255563
315910929
2223225
446120286
9996507
406944189
587956490
115543931
250744710
155407416
846078268
756620691
782378660
7362102
947439693
128913868
272247894
375089141
947421124
862218380
994724962
677980389
758245891
506601255
847151643
120945705
202716895
159523565
972922230
523059715
773231960
92010583
27795740
580428226
170071544
275442013
696169811
42281339
464327911
137525472
747293768
619502663
504125232
973132198
670417342
227660402
814803328
644317046
704774723
31338726
645838691
344497912
566329742
397958042
959100418
8391148
19534007
907391016
626328105
824563041
519305183
934369219
713125304
732210150
839559267
35158523
64796344
182680721
16289274
2614727
750211242
313328133
155408585
597056680
922471573
156944653
155181335
607759980
490737097
786189653
8915028
697013155
278747592
570051959
452537734
728411485
79363585
35236519
319405417
417654452
625494935
255344013
556388166
413549997
299716843
8785689
192535291
669022803
575114916
14560
16754620
398149175
750653165
992715349
203260974
356896501
186544560
21757342
2087
448865531
1016711
97659339
698146088
714450983
376559559
426656737
630749207
269413121
634100983
808561506
359301090
911977161
912014425
833041013
299776786
131126156
341287945
202587049
112293234
33982942
834070330
524406319
338732473
896891335
803575314
797115717
407026693
816723351
215440856
34076757
957078511
377883249
991744090
33683572
555196684
585229651
736000438
39851407
939697846
755656000
538860320
889794379
16451488
121909600
606315419
194554428
110905601
154331709
403915295
8520396
826820198
562052579
678644253
209424775
137255640
218643925
742429753
285657503
217786046
34076631
2198188
179715539
440689039
719841374
44135730
454594142
814680047
628988187
840659291
310202564
135100730
700605491
519189525
127968771
154210117
993781714
193219537
2464125
564557619
9062291
2524116
223926787
142190315
274301444
317538967
161393134
940549478
892696797
644332312
918372
419711420
236466690
208255712
626278440
65117421
241142230
851716096
109078480
703256046
10487172
514795547
160860985
971040234
142196410
15078578
2197000
489876035
20419635
356678561
3679779
522868468
534542805
584007488
556008026
743521410
14781701
170620731
649710573
546754294
633372097
10486887
105968432
433179828
958067671
423279427
983991460
831833650
200473934
583673023
577095406
256156211
204796870
623272574
254484501
40995953
8398809
767540897
587259313
3704321
35163121
140444855
260585
976807360
577740163
459972021
9964531
236491829
51891330
9990224
986181733
15445080
47528065
350374386
811132629
11411236
643617756
75503293
262028452
544785940
2131064
620797750
488881460
571671429
580468434
961488575
16283205
370127204
256178924
318511261
2696336
907712636
283491768
660635440
319595732
904141629
1047548
179632485
16281278
27081550
664009367
654368407
669513246
113592386
8915037
786393729
672666364
224317455
3671559
758664029
94923232
254745111
673908085
574120541
701666651
989394309
429334184
10481068
423318657
704083770
939948814
334037885
10359058
109437408
797495009
240868746
555909195
258246009
10363713
83443590
7049493
320766605
824376741
780109805
904678800
65390532
938850890
576797047
599493300
343378091
242912736
652543695
631573696
317930565
395296496
33976768
285129907
611282481
798303692
444881083
739770012
15207833
505179626
773890278
279426229
77572150
16793287
943910963
431115688
294234652
288643454
658564241
128809041
673949032
855453508
8913376
647676232
94397541
3249828
10070194
762658920
885063819
910978759
955789775
68482991
152343821
663142751
771264278
582162537
925531981
147548779
200994234
859404014
669041724
183113247
10087211
753204158
977878051
782458949
65809895
683111727
304592930
696606394
576459135
690146182
959248049
350934212
754129223
710533438
259613460
956417730
114642781
356605879
49282813
366725110
429378500
506407964
717075548
773922375
718658855
241605482
251201827
991470861
760145687
210724236
4171676
468118129
262236408
662712723
294305948
300940697
89898476
121957237
250181560
226433613
654729669
35162746
134719502
41549407
8497217
37843897
443535446
121540010
990204835
312374937
730273945
16656678
444128368
73766464
570506059
2493200
378087356
909469257
677049804
411955037
190577188
539120729
885244146
262029719
500801259
121869173
255878675
16754718
9579531
216643901
918992333
141710835
347855549
281391161
416827367
165786648
686002405
340509665
8990268
33566284
486536881
407547188
339385664
584747459
550977689
959835664
481194362
134644550
28669720
995205406
652541620
16355369
109237905
395158337
8392308
697478934
575883607
763879376
633696554
676113553
8791982
511435137
600823956
557053657
155488912
684873181
639548052
739165029
763470228
497042328
468377191
919295635
260192112
158278914
11624908
15207443
481938414
762500035
161208245
190158255
821899845
297976912
191175320
454140343
766533163
396686289
400028230
809616962
33566755
181741680
982984867
16756153
441531405
556651510
663146848
337019578
450550193
155782398
745404856
768482845
361023741
275343187
779161491
225489983
662875837
642083850
441949711
531368
3800902
256341326
89733102
73669967
600024739
134181053
174265480
263410714
243602355
74072519
127085351
423011038
512701291
228938349
279748889
368375617
551752841
261001
618453108
195940271
461669933
143495274
814813870
118908790
856103077
960798196
971917927
811344841
548382965
875289285
266476845
704408078
114036911
356379354
677666784
578442439
629570649
1024926
132784114
661622540
803762641
506639036
9383836
859757343
568747788
841326430
317832229
31367396
48538171
35140059
322214849
35557744
18940273
8513830
644989192
330962601
631477101
249131787
421364581
35531561
988910392
686492834
587135426
971114152
614500603
907806534
237906
170505684
35133850
418945702
671828444
33297
590664997
577350941
818184348
683284718
280162736
741458365
887351429
431149027
525325
584111313
976467807
215753047
764798139
10093781
43748815
487105627
815327788
524177667
499784025
385431193
497257608
470530896
35556194
588958189
285429484
188556880
55588214
545179486
550368086
639193209
660688528
682699101
483057300
131439352
62728857
797851450
35556717
414064663
187885127
16681301
513296760
924444764
792068160
574239543
803367927
75811505
2590106
35158224
310220729
142516563
37780018
31484775
223054683
583342306
58140921
184139597
76187128
773059900
168277054
508538312
427865938
634696768
850312418
257190071
313680374
214450207
351661074
658816161
860387970
2130938
915242804
421957540
262054252
838430395
939068993
35558264
639158980
16281180
618504775
911672959
2524441
876643258
478860577
705508283
829524675
655956944
241684373
60699524
8416957
797180406
636245252
582155068
842800505
10064515
129977570
927360512
26150986
855038634
35230737
985722546
37508221
156005856
666056202
848291547
154230765
563661313
470457010
764788368
988508730
937763222
250033963
151585557
47032935
47008195
797443153
336397886
273476323
8391081
632839445
167685980
256875623
530149194
2080
279750413
249857156
16361220
208806749
385445933
146281312
636006990
847763443
454191059
947485538
974260761
776805094
290611211
825125868
157606578
248702018
2098209
762980232
838167146
656157761
55297420
538575018
161367336
754351560
96890143
3802361
811509653
16676276
612181654
989282455
709579204
154555460
75107678
597480217
901810904
255554436
918931388
799097855
71526569
137418932
575658568
568841598
261860310
961566197
825529632
8810838
740137835
662634783
334948561
202888584
114428020
294485095
10463799
40714270
367753504
546750287
509797455
376939385
634442028
394540040
973832347
932771594
460571594
922242484
364458331
220846453
788043868
644612276
788162725
997653962
879641401
218810699
791937324
798991322
471008885
68129874
324679536
743288327
201349123
369742902
754609349
912526204
461751265
741806645
275030077
687822165
424605249
248183547
177866466
734867679
213050513
702959434
850630635
115582410
519237452
871968691
135899700
421792233
711222830
494397270
960339408
185884531
88643305
694481883
413444720
919959
452127560
327797871
1023400
4167187
13478333
137611
194122668
3696610
320597919
769017276
428295537
768859651
757073991
560480633
229538316
40367659
162739625
369561947
118839019
279744263
690789497
386760817
84167461
66993974
89246248
542289040
253126594
765275507
566828953
293893940
475384053
668982195
208123766
16379586
4194692
53035042
913337650
544884353
639529299
263525212
283043942
399509530
16356622
981232347
830269902
601033881
137435664
235311550
8265
206272808
8520429
530205582
614734188
374120322
959677871
194859222
547856311
8423050
831378391
978734072
798341636
585016649
433646915
767221177
674930023
752966430
423086882
33954053
800545300
911868802
595737788
464672939
959151000
557509860
959777469
71496969
179108046
175241100
365023952
499719569
535900369
864655058
41826076
640686136
8396858
33584846
2499877
16402
913259279
329711486
467556312
824993754
448263687
698714466
220515039
535199574
823315346
214865786
274436689
2130646
33656967
583217817
506027087
526622903
662730806
433235936
233170121
944499
537373579
657615362
259708942
54495763
15083276
473393604
584178633
2522464
910616063
190006690
375270802
75112608
785978302
8882686
965424818
26648873
10087605
488068767
346069459
592924974
523083169
40617651
269948576
644246918
149613016
605459607
65439038
614869177
834543425
437886085
558233423
140912392
323546289
357836074
53750893
620693271
449757296
395057397
361108416
995739778
491560055
250458712
694075683
514773716
147002965
577443307
562160303
561084187
592851111
338372450
81541858
984353290
65537104
234010821
882083276
576657886
935463639
37321710
458868269
87810598
543442970
42209197
254874529
21661192
35261644
15200079
989682577
850770691
724682575
579887717
274848050
682404381
575470692
301478122
575770437
575444609
971564624
16781278
2497859
325248336
327592411
936278214
16756151
532103761
808235336
524176042
999972369
16386180
543474100
488688411
143195796
454110181
628817635
147897960
684299055
389059788
741366409
842784236
36344414
415845330
305614612
938012681
889656206
541102620
265278835
382343052
71484195
148657887
577368451
965134789
45949818
65783577
87527318
16682459
36473140
418275887
62181377
190563292
663114534
397801279
716639178
1965911
195994163
767848559
332014924
550284430
703566616
54697292
842381253
966691255
896767180
10359583
78463003
773863650
9989164
612630604
682803709
40373854
607319356
301156113
483312512
4171609
174173813
970611864
142093361
683763020
654083
910121896
60466927
627086939
256180842
158012
65408571
857585849
3811797
811843761
845901328
577636495
875685717
749009072
157726867
721563947
720348380
134878359
844353207
365198175
60114114
244463789
3802779
204431385
835335552
250026402
120564166
16756170
4171585
783774396
57569
509441996
48114701
678084890
50582720
387420512
499009039
311432263
731244599
34075466
539013330
104320362
453566923
766961179
269
10093306
65119263
131258248
554350277
33683254
35557770
420743188
9964524
972448670
35533531
112806010
86742078
248612148
458963981
787646483
477221750
918372
167175239
364294393
283768646
89434894
35525896
659137384
532703768
508945061
992389535
834597815
117242873
753770479
564423146
572672552
372194698
812207654
523997281
569214379
943588078
547513785
248041587
681469833
422309345
508629620
216832990
361866894
49441954
441530857
647074331
964716756
375866474
213499720
80435782
13867914
82305477
16674724
744698091
259725024
724824721
758321180
644412964
82832028
272272434
684371220
336512922
181743313
967260966
327827658
33958594
170391333
541118285
353331728
866460647
849440918
922828938
190842383
159395372
155641646
511886438
234899614
9988774
913260974
264474542
558018938
316919354
626779462
555742
794439083
491066909
284018610
525301
867220376
961070585
2592131
176061773
231706
951160
690378805
155596488
393085791
657164241
16624862
266384480
137530
470683565
353049658
311209572
672390082
657170053
744836065
160703941
742153801
82262307
975092730
730300283
879617378
15076736
238008881
838898831
10382543
220360885
587270553
767166611
63838
249759123
65656
14783255
2590087
919267415
939014388
946900878
507499038
311236425
35156544
266454147
17015056
454676835
17585020
130781384
947913026
262029719
808957826
39172
751677775
555389303
661268130
769494863
517099097
567847420
4195950
315060172
981865320
686674340
293327552
539843147
701840091
4065442
149853715
556903833
16756536
14534
76770243
786689260
3770404
312018508
10069039
91443788
528356366
916335091
14789296
593896464
367539667
401750211
479713170
46632134
288768597
63845
1018284
991926991
218920326
545868263
833598285
684017139
223802027
296496591
765755959
525928488
522426529
167782888
917784829
486822595
147541560
95916096
160309314
188882989
308961442
88708906
898316730
328478503
935933816
580553962
59307177
410372826
569038796
90268309
695754554
3678155
521035358
432201076
738998691
2221640
698844811
462138719
14789403
336480216
134042279
65884086
97784508
58728061
812939160
267933349
652424748
192295671
2204338
621271158
16385788
701914550
281717180
155382286
431597735
237888540
448350411
957435617
169501287
682828767
191586526
718484980
313581426
267927166
695683427
34075590
840919117
19501037
243529193
57356055
2204464
465824219
526896476
46539754
4165526
189013724
1048021
36956443
461201344
10364072
154210210
455149870
488659383
495517205
282333148
582156333
895697038
476323644
287844387
327721240
15078687
725361987
101458451
273565843
991524714
33029
232605107
807600181
63819
418717951
875851828
14685106
873949864
358376004
10388738
60724484
153472050
810064243
90577064
682930008
758515469
109108887
315268982
465611246
1017205
918743938
652837185
252018127
378164558
592587413
964713321
596385666
174676163
82068593
743982298
34050859
854762408
55608067
79080611
649388468
924481
1059114
72199229
452109256
27801601
565108377
103790157
167390875
404600398
586915605
2516713
153434324
328199571
213448594
782842096
694324411
104899915
850749748
405749645
682805154
156464936
303272548
552250886
538140393
170503324
55458207
378579174
671013096
539955684
479612758
411539111
590712069
154234829
908904236
641213621
452687216
261181708
312708292
812432074
426166414
853573272
179003447
336893423
205537191
16264266
437358936
20018448
630995
967791937
639147363
255708002
726652707
608448080
268572678
800181212
35256528
530796666
16356995
680899563
261770340
774809146
465767238
597057496
122853474
851199214
118692628
482102432
915642058
615720408
134627547
23176030
360739647
834173178
100170497
172218977
393588439
65791
863653576
583213578
959657488
2497833
457688724
298926247
8320388
645445317
4091710
645920603
266460242
400071363
652451413
396811992
417669810
393121174
683783562
774167387
491776252
437706116
920761665
777792525
35157069
