95910614
204373688
556871646
456478561
416529609
513179439
565415665
372514092
738878921
8496918
695682780
7558014
1016737
287542603
286909204
394674236
16680809
632459920
548221400
645272315
690602876
160721777
29808878
770763975
322997159
207772085
625463345
970862589
2229477
349181607
573410896
604043274
65397
186878587
960210279
981321177
506285666
662814728
970577266
16354951
313192919
584228249
725458001
397070852
2222928
833745844
822137257
879935595
904837424
787336817
746896964
199936393
441019459
2499903
972030665
16780891
343860891
529458421
615578950
649599411
35261287
587266338
447452043
581921689
189070127
436167531
230481735
339656002
3671659
15206283
781066009
566803660
60424528
927626567
737209579
268419369
709451866
256379
607847841
41791479
62937412
943960747
236493305
896521297
190779194
846442915
451815650
261072638
783725699
888288981
841776079
256543633
242403061
760112890
859268563
244612657
59909546
500655664
309952257
322520017
386407212
829520855
201780815
142610005
601110474
182439678
67084293
70113242
16355338
947810363
946694917
600361633
164233465
486317751
309657259
783551181
767233659
972607460
16651937
260559791
664384398
2658419
398054862
14812804
369673191
237068899
840067280
173207096
133579549
606112778
931412420
282979645
39255305
516590545
785466482
509527733
815831976
508430300
15077107
544858259
197187989
237497
410084146
435743837
384771999
192934290
155511898
195499546
3680998
266483439
35138600
302034955
331728083
2098601
33982944
707646438
430646198
361327768
969800282
688808373
293721927
91826859
966419175
153938650
577024033
35236619
558443774
487762998
89455734
303543894
34082926
579540185
678762084
610122253
331653589
153940207
16681227
487828289
94360064
171233627
210066320
610150021
229096716
677617726
915878979
242604176
889297050
1022915
35162722
920011120
37777701
557422411
682436816
329394354
414942050
156393
833146785
153908901
545652522
94462688
296078974
158041792
543398500
466168136
888170316
856311520
68833217
687703683
135823964
366252147
913906696
654155
8750
629890049
281242162
931019067
750107082
35558269
2524149
33663264
378686432
792756416
3778139
805807524
235022688
208053227
729179301
845802534
681939940
305426092
577030067
900554914
968888513
481490736
681666383
251541925
584763817
39450000
528419039
73256096
981899397
749926287
113561455
946118703
599348633
680848886
998847735
35531552
444999801
2498351
16676304
630478335
650945261
935191917
209112721
109780460
575444609
104992402
2223325
255701167
268206545
402989445
1047921
623658060
736641340
2491755
281348849
156567712
951065
50261160
953189602
779581384
3802846
744260461
15107849
561986246
987493993
713079321
15177017
28175710
489266331
146856505
441267323
414630992
133209467
10388353
862634838
247791484
670941642
165454956
481097722
16657838
32922
2620905
236456
110056195
924784208
195655243
241708614
110273571
834333300
44502773
647170291
283842609
445347289
74364673
651345327
65414004
268320514
202744403
369176038
607992159
528210502
16658111
229171528
349700793
969528494
608974211
173608202
615445616
504294162
920165958
80228848
792150135
51248714
261812399
650968268
965061198
109313918
240814968
15082886
732529998
382699547
517703292
67367377
579576992
62623214
426424743
568537524
994968271
104444750
743201569
551757748
867267980
943521315
186385166
329976596
629534
1023298
406672790
638641346
33584722
64555019
952678761
677352766
471778600
156017574
247687987
120619663
287242227
296200426
357118308
342376029
786849877
303387742
20197880
2104777
252831060
983016942
815089954
858591518
293834527
676039761
971109409
8389
241530476
187375442
326572692
1017620
434089356
629017326
880352806
545501806
346127090
4477983
378331224
688466662
647460922
32542156
470189812
559914512
882862716
833354209
327104563
568454333
441748924
780176559
458385194
10359481
586317542
771399076
626712991
4071233
532851405
781358690
813465941
893432901
230013835
710114736
265301255
581744782
991932821
513681704
708672781
997281983
105078766
758571488
514578847
709884438
1042929
265032014
837528134
116561904
16680807
58831010
84547832
908955821
278928833
820244843
538566865
898702499
343501988
108400877
35138180
262060409
738167753
518314773
814447816
990897448
22584094
134257130
533586455
676412799
586665626
799073799
920950023
442255047
593978422
749370446
787766770
961184023
8491134
682721533
291273222
31441702
95408324
446968635
213346906
823962406
680675682
909701518
752927364
606802277
416622927
905037596
734944888
16356988
621498384
373463540
376157866
210556708
901998865
180582600
256732389
669839678
699553980
438674375
2223201
687610972
151333891
35162755
10062991
160705553
907637797
344560215
140526237
138257941
2592124
123953468
96166314
10389874
698891317
155874587
941818803
239182728
409521061
988400288
813216396
851229947
827758844
140688766
390543780
134466569
649401255
329698405
735230834
250281568
33683546
316503543
958531403
9964134
8784527
185501410
16754991
676537421
761201319
629428502
954378403
367697955
588103605
410262033
354825305
562474967
389601909
33560579
531002
622564295
34052376
654163890
161362593
533022
156070
35550044
750891383
497020988
778427265
890693078
170167301
53194392
48114414
849968694
613738179
623265
667170526
4190040
3801327
362393365
411053600
650950177
72096493
341413290
839279742
349886947
248210511
281377076
262622
992032205
31126145
367174402
16681192
444653563
481780091
14789331
234232196
49626421
612955345
952271262
725097946
331932754
809071880
558437132
774709754
160236425
570443877
502020945
532838749
469540422
16773455
586742626
592950425
551491
122748693
208695500
399579809
637954863
657656247
487541587
440429260
940847829
955900664
211789630
26385734
713303212
101230971
636645968
631797639
314950755
892684074
568269000
1041843
148274759
64111
665983746
732980893
936984640
361331153
508078266
558470001
531725204
703516777
629926353
747391597
344871224
15201332
847770951
452809661
8515408
259292488
149671858
893283557
859669977
793202975
438259514
662851934
1024952
949984308
969102350
367810991
402700721
422098923
145262214
613172608
886752306
736462270
298520216
904193958
65049724
678678766
434547945
11855513
101122213
101189162
10487244
10094867
259693148
192890529
790755529
744872766
197028519
4095868
48605053
274895912
667773556
115561346
765268864
280723759
96631619
553850680
798565437
645450423
928741192
419691741
237987
943059383
472416855
802654596
163167240
195110043
214691464
442682649
575844129
701917425
60798257
809072948
393871547
748637063
16682380
363744731
674428466
34895629
156393
520725360
753615383
33983315
793268395
123533379
903836227
149612899
35938792
751121712
49757348
4066609
977588147
777751249
257438940
224020473
208544092
794644284
437604021
220768456
72076477
689030862
584032266
340032565
14859
573508103
744574743
2598209
60406328
160100571
169146507
15103194
2099761
762259957
16288887
930383260
314801634
849706229
455596426
256479
662730689
510700690
900054185
331351822
883958928
924849
714914872
210571242
117540168
803479128
981565699
1041771
828429591
169229519
734011344
962537324
622496662
115280469
3697777
65656
249646107
4171585
17065130
647459098
19737074
399897144
539484473
862440021
630473537
165044036
544779453
531404145
676408168
556565273
558444862
33560106
633407973
477004713
122712010
644339599
977544077
650450671
185729978
16675144
557593
639329786
768845556
10388320
57564
2616405
870269940
988406008
503230310
586913608
135807131
246343999
823777170
603295453
8398386
16258591
597117174
109257143
268280333
232737652
760005601
743993290
8416974
33959835
534738218
8398785
549958
649849
703196258
645820192
613518234
585023980
278940344
262060509
53469906
756872164
261078410
871707427
659566258
1816230
14783514
266353671
511654577
853669808
16680828
2130938
534787632
551751674
524935
124836766
969091917
140944349
10464084
279743105
10357929
799433759
272796338
542164535
364113645
380112005
281347288
109206553
314385066
4188224
235016417
192909878
8489513
552169658
245256950
22284880
10383796
669409032
926124721
79542167
680028627
144990034
841509731
846436760
285474309
25678731
346384562
343545114
634870680
280142725
60817972
684303680
959405418
205652378
8784555
140913825
261665478
899648610
261697296
279674955
497359176
455825980
167751179
499007152
691702914
2516388
873179422
449738427
872859394
1041377
634281262
330255523
923563994
35261185
226514647
918298
582039432
957949051
808527244
750904465
361697650
267855793
493931014
179527276
678333631
513351991
404622904
58832588
149267032
105210260
524605730
60817907
540443061
369503806
8810747
35164405
839359430
841682181
172579164
532920
481248703
520733886
656001297
607040957
165366858
308439459
470705275
4065026
947814311
568472692
462803761
391707197
24715848
315116762
498934561
242783815
321213962
10068766
187171414
546173901
777242842
2222800
532554
433869588
134717952
950152222
355981059
34973
2229368
988224076
653263747
38810247
143142527
16110
603652128
948124522
266484991
398959200
655407794
29015912
242765736
70051067
862089914
551486
646197775
493389990
552177096
222943727
86582185
10365267
972379456
140625078
157527
818219275
944787524
251937251
159886195
684321625
432515186
742109689
30213418
212376290
684536651
402139476
64820615
59170246
343073891
586949114
358369960
415750266
408041850
603120193
15279996
272335503
454025361
72899630
33658906
898947835
34058680
421729604
107412960
508987330
183921613
36368370
461170980
157627
135905950
616515995
529312360
43132926
257007496
1993005
464362621
381033669
542335799
15182875
954826793
33958675
102122120
717700204
643332435
888449293
941546860
855754622
571147528
583062640
584734322
994711276
8808877
237127079
48580021
568534816
33658512
472259409
848669154
291307469
874832594
39570154
919875364
40322245
2584235
123120952
610192002
624912
351868060
35138189
431022613
495500413
471156443
167751951
104802638
327300983
754723950
93240618
639232781
996267045
249786957
924146992
380518784
840022676
833227140
905353395
232814256
477141212
64111
927262295
845056457
637949819
355578507
39630784
756903378
200055717
894452150
305293333
365303984
15183167
904013267
31666902
713531039
852886327
398605778
525787691
391390915
330558781
714524309
530
360762590
534241774
69936887
678179126
388718964
422800939
35156644
64137
629612170
149583628
876376354
848070961
40808851
638967483
202844647
575475325
426109621
417069844
392402177
409248831
656598910
435623943
482247044
54004460
491837772
10462537
640792836
823462240
689566291
41553758
630570538
231828141
595330780
950854438
72077709
923183594
340421629
615676570
343845770
754424760
397868132
153667943
686082404
344521464
218881941
790352213
522603476
973105248
33566748
852183727
193247060
743305215
33566650
33683544
348023816
437819543
99540737
15103294
605316976
59151213
70589790
133252887
136317784
994591221
118273653
883407385
870168432
824004110
659314981
273875966
637270587
965917183
714468153
395069108
954261098
800568089
33589346
680667700
206280201
936953282
584182384
916187619
24424649
445677232
241579665
130242243
132780428
999028351
941523642
583282455
60824150
156962646
15205882
8515800
23439420
10364098
888579291
659129266
281342246
132538076
4067003
433580508
656778851
413236113
38718869
617238917
618882958
564078616
609820237
160208416
256372
929677264
460170752
932146571
562061838
25770012
326397669
950668
957297628
993509778
581769039
2099854
513368706
650876095
14274576
39974108
376430517
629303205
468894270
874204061
139483
574449607
186219345
651723930
469278937
422798858
132855732
676393460
3794752
657409310
837682978
256449426
728622122
165611177
342913463
16656580
16381635
659130792
538442805
376850406
139698593
564029777
808161367
66968246
16656680
412797353
92896161
136187636
946304357
853324671
448195931
151998215
15183293
38122861
65362890
348441322
21155853
633910814
405979180
2598335
971009131
2621022
164860547
305495055
454783806
73420966
175320388
978574977
758152192
999398347
331406872
430692570
721358975
60334733
28298251
8515705
273980359
27253281
876781760
593725055
501400694
238734094
576245751
654174
215488942
161465348
4673824
523861359
2493620
484378242
166087871
113999881
182634510
678832098
33591297
888139655
874506965
428322530
558096998
204492310
41916715
275754543
45651593
707787968
82125952
741048755
4190147
42655997
167716366
8882662
333221227
254650530
124820971
584276500
209281219
2204730
469363974
155892495
547547940
742375111
183725449
410990137
965006452
874843922
256573955
16381661
691636447
591310294
924481
261758059
679682760
991330070
256574447
145565825
917288786
277296705
209156289
438175861
7442541
347061834
634266278
297020625
16774641
638079067
134933177
174290438
797630481
914648849
739685297
705659473
961018245
450858727
33954079
656398355
2122949
731009263
608992221
433401761
100557123
887877043
613909856
136280870
381907254
77711354
545271673
827162845
770019044
275156075
651368410
16748451
764215344
183382932
63840
738983147
815755046
450526809
969783879
877389519
145365661
863930457
4090163
8279841
140643026
530023385
575451845
881547252
432836560
374839549
788205846
515308578
466260779
35552069
427080307
778809753
33565224
160998483
125356437
2124501
607722175
157881319
426261971
858934171
844854076
898025358
4195933
208888760
170080063
35231897
837566833
15083278
34077151
60306470
391104352
16750395
3776195
16282813
39079
188365
853876317
256566203
549540
323943659
447647630
779398590
666373956
866484715
241284716
334766987
741646237
642780784
15084763
364461413
405764640
232787948
571380871
18819969
806343806
208453150
181710902
326627600
26961476
165790887
16363073
663147842
928048639
677611158
598906103
853226116
35131932
543482902
165833800
134625962
742642139
862124190
510679619
2579
883842916
641266937
356778587
558670816
111463071
161213154
692427064
446969265
236468660
560981028
40777021
851836466
388882650
65150181
505283037
677508982
997567218
574153735
10069160
41450585
16289300
39590
77819857
595986118
849366957
178398782
817803735
767109973
267934777
730412139
821761798
12389744
972705581
826398544
337435895
477102091
757356877
256444683
16361246
243253051
177505590
16754727
485083075
557303
942983755
805603709
743691524
465772035
676529188
929618450
8521948
801763739
33565105
350476475
659137286
33585145
865126269
407457165
8423444
599089731
234468972
609553971
606681421
644255400
189484280
14808278
995195357
439814948
571346293
654466
475915344
864596948
64375426
196006087
771424317
657556187
35527422
304507579
362857689
506860245
917669094
757785948
833534214
645551869
971509174
228717130
936229999
188960755
15177119
41850226
41529419
289155478
955488292
889492688
276230570
814273245
184222380
35267889
645945033
655583202
35525411
254796082
140641990
542546604
10070199
593347820
561539234
745857136
861600845
26579807
622509721
885559462
995024248
192251336
37131055
523017549
267036564
213430851
155505456
856187935
957634833
507134115
946333481
756544517
2098302
550332745
350639363
390956112
935814490
382980681
871345194
169645081
39654108
177626222
723357758
383989286
159393792
242767024
8513761
627434912
302506655
100331965
65412844
550227657
929806755
200792238
934055862
418564550
553269623
137459474
554718780
939942662
35648450
206615860
35531661
594498359
6461296
291283757
866485577
659897478
938909869
932579118
633878483
62984171
117953377
940743203
408839227
989100197
992580957
262060920
199555147
916385817
989057252
687845405
14683556
51852433
942885550
959052623
127324318
538460798
664721783
260166184
239976211
387745299
651264860
162460625
142511941
248608082
568839578
373507655
180974520
159378434
871785389
762965568
188456540
901063166
924167454
920931082
166111080
186513382
347100876
290945219
255341728
139481
225613728
411319930
4163883
3702769
10384090
88561604
854121685
967692409
942679430
417851946
39499
543187611
905848051
134491869
814005431
298229536
398213563
944071445
984667282
251499440
437052124
465050549
10089055
281347297
684933231
930691332
10357929
252757358
155722239
266355349
538487284
51120094
273868210
794109804
697180421
399239858
973082526
65148161
40240704
219299830
482917884
939999442
779022385
105297013
16264660
488622284
14813938
643853843
14808287
648584815
2213
256991082
60399786
165917275
294123320
891051302
254968278
901848726
155900380
294020216
614525670
630348050
554077423
118299723
552065504
386781044
848528275
660119488
3772037
707939912
156395
106886788
644371442
14708303
317913732
321712108
33565098
107488122
908295094
163822
310287402
960852158
60332153
797701894
247706027
120977881
149489944
2130644
382258794
134959556
455451127
305083349
963851364
39974600
381117881
45212184
810855398
192733438
984483083
25527949
395170344
57664
69430758
466955068
571125509
264963184
545888910
71359362
166104393
351351670
585700123
717980763
120391414
497606553
268346713
556593848
134250686
949580
593458445
513414336
39497
262157387
684274055
560048998
562671852
635064123
693567015
462612881
364063933
289259128
624596584
408529123
713950462
776761522
503571936
873238844
10062958
34058293
172437107
956054732
801639445
582965241
738917139
230923017
922411220
385705006
9966011
582156746
645814417
568224070
248683454
149188236
551092
491086060
964970929
544658647
748291346
16781302
997080261
76702629
624154268
966742366
20437856
877835838
35164400
3800909
959176068
534911018
14709753
21598283
346100465
866483476
174263954
961585935
877388883
857218486
260609
58540256
435148950
947327088
16380011
124507363
494792574
336114042
34058286
735993009
292706335
922181347
204582068
606567681
34075592
715412222
836449407
14781993
614541857
657909402
650975979
150948520
500629442
759844014
73947749
876832268
947512969
4163855
874977883
140641899
8913402
236566779
368675232
482676928
994941299
139182
540390954
892902605
420107100
726352740
90497105
165754599
480292492
252546988
423709824
454866615
15201759
993240239
256919983
601126497
245634909
10456428
801653760
326413229
21543761
803630133
479803391
60298306
165717195
7547404
890510545
488886745
384513320
993621029
47069066
258324633
427463826
803201186
371963794
531780933
767599417
47687028
560676683
651107346
647881
637556767
33422683
446266269
871874866
579494277
230287
256172824
381540695
874772806
431098345
972883833
331502245
516472400
300456607
704349676
946333182
420887186
3778213
394528764
494546106
42287615
8809186
405718295
849774905
33664790
643113730
16652030
34772874
979303305
618397160
769375814
426911977
10363706
696834986
564526880
581780245
14691356
872978893
281735727
966939589
574192649
471432245
551753205
897207816
431367634
171106214
279708177
220357946
6388166
33288
174244568
970808759
72885194
234172232
537012046
608361481
731197598
305398088
618952687
168377791
284116971
838991060
110076906
197775873
86461377
432118046
35256663
975809364
4071326
827534635
113617663
944863
716391761
188684760
160968822
693192229
603241701
976265206
687296767
558054370
25136326
682167308
855230828
177790009
80449962
266853329
879883900
72078108
290962677
601941421
33560187
47031283
202473457
306089631
39072
149525260
60824449
239604414
914031312
249538342
657236089
635368941
200082776
16774708
2221640
823736249
795901873
528363515
40710014
620656791
946550956
869510414
821209505
460472597
390857215
8421605
131820
157003065
2497952
631088
87064799
39648186
538856116
928320559
104098269
787093345
605984778
269464878
2590505
662049676
392216086
918654339
972711783
838595717
445640582
735162001
320756921
762953762
573884133
747046511
295494637
43433410
280136475
546630851
680175487
62734998
430819265
759727011
383696676
480372476
8915056
164449542
920343123
14783155
161682453
434503335
304115392
946267001
312645792
9990233
131612934
442701812
380651491
336435004
366470609
207027084
238316976
961120760
453005520
315850668
508160559
765502658
3679287
509018989
30295692
657237643
987323379
40251055
327055496
984787140
8814946
578532102
802780933
656271207
114919614
535567985
417100881
957026913
978636863
979604499
248048964
677244269
318903869
14781967
583611189
132134967
806327600
33558663
242661581
434586558
987220910
542409562
754291664
598444504
15310903
33590998
195847675
206927533
836775712
426547218
166850478
255952020
645351975
771377468
671014657
621419636
2499896
293770927
85348876
675781791
58156981
961930366
16676601
200609798
16676209
911868882
842666419
24253836
892026757
87760150
270563031
627819393
655332394
110623082
14683637
858962113
617912119
280416226
886508793
210191904
33687883
620223472
760113924
123191727
344990468
142511867
791717514
703227339
336035787
85726342
118769294
65027033
57638
938196291
64543563
527604090
952236293
538566832
557303
16682487
972743990
15108976
35236911
850023843
867532956
556117
381427329
986909806
2204828
676505373
174282292
243389652
34057109
372154801
581719567
899671800
496915631
201353916
295735570
941220589
35525504
9989173
147132141
670982389
570534439
131866775
525973635
408958095
418376219
972909264
15200081
4071718
796926889
426920847
237246065
179470604
275051383
505466393
44761451
10481003
460738656
723535347
891279415
386488255
48481979
537307361
647689151
69224568
40367951
813885605
16381528
520056711
15077109
835100572
399195936
185218289
8423425
33659004
156500604
273778005
515037052
754088617
421355481
295385270
108538721
599113242
245340141
60726134
470022162
583611261
332424815
383928066
73766828
277870678
68324803
920850708
137637
530642982
255926433
122022918
140104944
731123257
183247369
112942678
167679704
469892328
476002399
60424818
577583434
657168568
889105997
579348542
191844603
142585750
201594490
612291135
956271187
742148252
2596683
950000985
276072761
3771569
99318612
402011793
552274375
8884532
209920431
53007710
811482243
277461238
727792250
789016620
404132479
66289054
43920535
618890140
652798651
649842
854009538
10463671
71807627
10357637
149509943
899289084
941823365
233361304
516916049
94121204
551882379
721063950
732423690
775016699
835174395
601048680
221147671
349386335
243540890
241610115
917915924
785871834
469317526
746188055
4717773
845244338
10462639
179402722
263565827
499439467
890919601
956990480
3677830
8514222
583213557
420169193
403734838
378535677
33589869
467676401
41529419
65490607
582912415
243158942
997932330
10069039
142485374
416677366
445367237
143882889
717368652
761234209
775454689
585015087
385522786
15206281
34057135
477405740
792674085
981352267
465877643
10382569
328125483
174259729
79560897
284696990
583704997
314480953
62380159
552244619
532661
382300802
925198871
125859526
739603679
449722513
422579315
473431904
172660642
600385808
33663169
2518332
637103400
2516421
759396282
652935617
325431596
186697715
960188401
677617341
116485929
231818240
159211820
90764955
761376136
862041805
812224399
581533735
990710406
791700212
65507029
553238174
159499985
926401
184883464
48572970
652941665
859193172
40818359
567373695
328134760
577538917
331168611
16773158
57664
248214710
583710113
864514597
997978506
2516388
235802915
67117046
691632741
4171317
951135288
794670468
19471028
248282627
696932979
195736771
679383287
704863941
738351683
540107887
770141370
83097903
707554813
743830842
351402950
320873947
365176990
279768772
744307877
240587485
569578591
13389905
4089799
28183051
520525136
382902659
785168214
49430070
16355051
540866940
510628788
628496439
298713012
956763355
166203308
637236371
645580537
34082902
876909004
153902651
785021622
246119465
282011664
989103684
789490988
943260091
530398454
650845564
15181351
799365584
451026587
62328394
787368929
266772196
371108852
556549019
700610087
971017153
72456772
365533600
609701794
137606
558566855
398392186
941063311
964847745
754259951
303576985
306105657
796664521
275050184
805743411
94577243
653974677
693893826
662722669
864255571
444332166
553198613
697396503
576032116
463456744
626442576
8390784
179054573
4091249
58030
965110016
651412301
209855121
710229414
657236574
992845460
316058353
531339830
33591416
620731906
190856509
798332183
266777954
863358444
948779314
108680961
879818997
198276165
122538130
617284523
9964450
365563569
439923315
8908780
2598307
159916612
33509003
231837
2098675
178079822
118561866
443517651
649693151
2621323
291189527
135805873
96739474
715282540
61865945
502499241
3671685
57120821
939556799
733202052
902076429
3771538
936246975
401186876
83567830
982396470
10457497
32597480
782980047
73351555
729918102
550185898
171274908
14685115
242802956
201182363
275423229
664660334
562481015
268328658
16361255
35158231
945338382
154234731
273731364
869588865
42930406
643653606
912199140
2196736
154840274
651339018
855601659
349689548
999039242
239572318
607283251
69149067
946341285
874638017
670614741
897447271
593633131
543100169
347876412
219276192
335426836
247785730
159498533
434875189
480573816
390616011
562654914
382552351
461215856
681776418
869566188
969665499
199966645
902162402
16288987
4195857
818651610
10382636
200066411
201479149
752633638
399061234
799060192
136782810
282921843
367553202
593362024
865980168
71497813
793298160
974361567
325824281
681206587
790900315
568380434
757505996
668850353
749640382
178978826
168566673
3016452
840187961
377537295
303752537
572065832
196991768
837422548
497935023
181249712
14813945
685812781
339467336
2538176
643214332
355151384
943150673
990379088
38907855
165692940
988770925
273353610
16361246
714097332
398806842
619904891
260186302
16263089
943021
336178632
431576976
35236538
280674545
982286608
54930750
451684378
59244990
687197599
116283803
8356628
941540585
177333489
532944676
500450500
966414544
476097328
177991941
3679674
988605030
10384114
15201731
553094711
533263887
133616672
789746031
971115217
607206502
712385059
611316175
549221293
24675684
650713874
38890188
595096505
855964640
954291507
12375446
300721797
567729697
543698392
655999
16289274
790106405
577801862
971130789
74619236
30940723
14756216
811150032
626081234
83263674
781509666
15103294
560016355
176260227
536515418
33976742
544021646
544754732
84020522
288341140
446190835
947908376
217826073
661415472
321167407
834210310
333101880
537287046
217287004
52039418
844770124
142616447
971502981
338097389
131067235
58733096
148009967
350087769
8815072
141043197
307887480
93732771
685837926
33658621
202720029
261919804
353766238
503939197
353232282
75456244
65148135
625574876
789538664
18700243
243281990
627240026
205278763
745547578
10713287
247366600
881453894
798188866
465712145
71707325
867877155
722929056
96533243
252329345
967942026
209097390
154647299
60694800
468338191
250236242
591858758
293043045
170670433
8908759
4165036
410255042
456414562
699291519
855313731
16780891
943900524
136961805
725714348
862873920
979877441
231289391
254541214
33566750
583167161
597451617
961311186
669533656
910834710
974957631
216496762
199702409
707720634
585265159
759613406
705676063
586623564
337616928
97906642
285110614
133385312
634218255
538462252
698394532
625178
14808280
134742497
59070304
460606642
905888434
495486054
544221475
118751349
71952258
806224794
15107818
2517873
36070775
666697571
8415714
231713
800468328
686962138
220972661
87419946
272444552
593118293
916912355
531009
640550612
41424486
511968615
229661575
8810427
362247004
564239217
625135321
544882526
563
827407175
971138274
458256751
449363141
979249806
195472822
536522638
889410733
417439877
835126267
646935303
173102813
24853587
171643360
575287988
8497215
35156964
8907209
158036949
109861373
605521626
351264243
684698681
8423549
955977458
851348966
155776933
466347112
978960933
3704445
8515805
732925668
684376978
338342131
930398729
440637398
832075541
85439144
553895210
954890160
313092819
33658521
425352052
41430667
583761656
266675896
236069
3677854
10456356
218876758
2616305
748883718
200697261
236468758
641590256
499595353
334617716
249861911
114671868
305060594
15206274
574654634
918799
289274651
3704053
235936
372675841
383248764
945843485
299102661
20528851
243276111
35256637
247201513
386809048
274032657
895516370
288434666
366058768
323451893
725358227
970093282
821541556
507901863
205324006
179401142
15181717
479634157
57638
33584848
35656577
134724427
880685123
169325777
209120095
412480870
990470920
563759838
452613846
403126968
460963952
958143564
223737371
842911373
399154579
802316281
466501032
16264758
260579805
981833094
90311438
51136506
75918755
657636231
746760101
139907934
820793453
3704020
266852264
142214957
1016804
734934109
888041684
134349137
435005623
754540646
519012623
837703320
995046194
2129125
538222146
344180019
953467187
241704287
87369467
261699943
658717627
656027049
528424268
252832976
15084345
811355392
937204374
582039439
957546123
517508209
841084004
296865956
563133856
608385951
717969238
394920246
33683180
662422716
919926
4089671
468555940
213683703
388668170
919124853
157503975
784751826
113029605
3771954
601800612
761223627
306202986
1048040
363436245
529684377
950773
785326817
665073708
149765481
417304033
339893971
209858394
295452051
419528210
396733386
872263639
943384385
237621
480388306
959184995
840848222
352691762
564544121
695587483
973105519
117104393
537379727
813222362
94980908
345653689
66600084
87916471
676077895
469023182
946533841
893010155
941697155
243275812
61902963
10463773
9964165
18628718
164095
3697877
312267686
120776221
16263106
733488721
635381544
140387051
10482230
591716631
21645439
4171184
33558922
808860576
218477480
182433451
584087978
594304382
797447389
153816643
840694506
744294653
928682186
316063977
31263204
850090252
681819545
533335253
527840271
641249568
33657088
983768358
794429182
8784128
825085011
168039920
208940495
240416049
635633209
469575039
897596642
182757082
153316802
941228343
563660945
552689700
537405912
903532194
670989644
421676399
432054122
15182868
105898976
131282348
828531808
16656561
550702057
411613284
910997706
16281254
918214382
444078809
35230754
164938826
678089106
235313375
157555
443334413
623067648
524099524
553516475
568378856
947938928
145395576
858161168
834907545
194344
305912592
135904039
693019630
197092336
3679698
610810179
908580850
518992924
99514749
266871788
299415555
649486678
848585193
524753692
41449518
669134826
264291683
629534
923423879
899936927
3704053
172319447
37532826
822395707
674525949
701649328
841718432
233890223
990250986
176435852
684247389
2522597
65127506
149109948
23142814
557192336
778979510
543696322
555257403
602501738
622670558
2221248
245877092
591506827
589079202
326209993
173184407
114164515
749483099
20725919
455526569
227328521
887642425
16381630
567661653
111290699
28777339
803635541
40708462
2590082
35255009
110925018
563655256
64377678
267462744
314450347
954282703
4163955
805078418
901702136
940446925
887530909
773130993
33589738
631016341
67018621
505843482
275963220
2099735
293386174
198152805
259229302
33958183
478937900
86404121
255978
778465896
133266919
976314501
4170150
702966539
318280726
449846198
906902528
937160725
914889824
915042403
493352025
266361917
34057135
49301797
786776642
141957529
586725857
822243056
377901674
44267935
886388401
998096754
690084670
363094541
154001073
404712969
2597936
62029029
37621201
395857474
309678493
396202621
279524087
844774952
435310090
271934052
150085026
185968559
300041784
544604423
4163976
118187673
257045121
894930099
260553506
452765909
58652437
54089345
698858008
387450928
37958180
89482247
946240900
365170549
594137279
860408286
994234475
795100094
33954044
692173346
294289121
598041942
331795770
432095394
227678910
425593191
828919461
443076364
537679080
528425136
298618016
140024562
33077975
587623166
272136766
123263289
581669081
419190006
306855845
10457882
524932307
238912772
644508354
35261653
165163144
666961363
535611468
133744331
8913877
512798994
68854690
45111856
367531980
27363619
888300710
368198438
2622450
163903312
254820
4097401
255959
517499531
716194545
440669308
939967302
475087735
797665780
81301810
16754701
73742190
273452168
215265254
182105128
964898609
592461703
239333737
490789383
149606747
73502062
333033808
9988705
761369273
861129233
636175795
869651707
179587650
472162553
609131345
15206350
798222551
65482862
670409790
219179528
81188727
266108962
517158143
4065133
849902459
663664326
104999855
551881954
13964083
260994
35230735
857500149
398470638
583607055
353471725
514789509
248682266
352402086
657242678
967999747
807151589
160160260
218657742
628360892
39392115
65517380
161490413
162818888
736173095
8392626
562161461
854717245
209971086
551875811
155513086
92776605
560727449
33589764
2104361
256353
275467749
65789758
35527420
706413654
746121360
374740819
192509409
683161555
258033045
709746240
35558145
863740867
693127821
583336550
406446721
283490537
248608089
281242563
130422569
835498009
469616423
429693694
478954053
256474458
683880949
72997151
173652852
566486436
404549348
771644172
684304847
403785335
140817579
8397333
731790045
429084966
254794
404898802
100709257
147911825
786263191
639414421
33959756
393713511
382264546
437304909
24380092
636281336
254000746
3696201
624876922
96528120
821678124
412832200
582266685
194738536
694967941
916418285
446361278
375193611
2227552
267157470
694981771
776298568
541456419
793908807
239849966
15965115
8907309
281641845
447882090
276341294
591303250
771758528
291610995
989165764
314299008
860842152
399743539
253897529
746473853
151135800
215089126
772770274
658503033
759818982
645913612
781619572
558150186
55589532
134652280
447431161
581504861
629472865
639684623
695950689
604873886
891545729
148039623
3800907
37329932
939975011
45855348
33952494
2516314
485006230
43287934
421384271
959596187
463072311
255101194
376790164
490308540
18079869
173139817
22453389
849523235
147641126
643762822
41821810
3794659
343222596
299921164
320480246
386178802
309988208
303554727
365491700
483884520
701848830
367944260
208299049
42049642
128151390
155442005
930246899
219469019
661672540
694428504
232527307
8513756
15101283
664819050
517560764
3673130
964897723
454380226
546190726
926449724
357528836
82230625
825598968
135898153
192618762
789554565
652910552
8489097
811072903
247779223
300800737
190454428
152438347
60306078
370229883
124032841
34075492
185808383
555716725
918472331
753911504
279675463
957092817
993586404
314505016
666276231
15176701
372505027
208437446
342566783
374096440
556470759
827438446
646839366
198125968
558167200
962926389
241708514
847594943
2800789
375015115
277574416
783060223
236363167
941644125
618811931
183871179
334547385
470570047
910372796
601643977
557886560
155802050
817064934
4165034
610812740
668632251
3795118
709799302
33683187
674808245
561409976
372967038
19931478
10094934
543304801
488356092
445831362
312941087
438902140
14702430
846607439
833794419
49726269
302039285
605580261
117856134
55958393
3776559
22113259
214558755
271422647
552540872
51461217
267021900
856890151
318425905
205143876
35132331
79703192
211351943
657539244
268841252
62309825
972596128
519757382
527087285
679731488
976586348
265840180
39466
189695963
963424807
61956675
753123030
35230735
157912
659105016
995363996
160655158
416765609
486888100
777175049
350342518
290812730
77459133
2131043
15182775
707094528
73282286
568774013
467518057
187089348
794862280
556569474
561849858
9970234
419835241
593024505
865241683
910640123
486525185
14782095
65765
758901348
30971217
515761781
702935697
36857822
74458239
194908894
827791160
656616690
621465056
964202965
380969349
355935818
739816533
422562749
271047697
242397893
77681276
2108
763645097
279728076
109835163
786301264
49043047
33959863
350965371
684795169
206722736
892110624
365568551
620174302
742968408
588508654
562790668
666177035
487733473
65656
862992189
975919322
309339742
549542
881725546
40349506
8396932
298363153
805264410
174960007
688250006
166178204
136297775
209773155
102100623
492449806
146599857
793458718
254180313
636978751
228625169
142590374
375485534
501419750
542783476
924940
432390109
277269246
536992322
107663868
518385360
33584748
432758862
193576947
266484856
137784536
632118789
944259258
45964286
33658519
377850844
33978712
548953483
197653900
3677728
387066349
710855624
388619689
773902751
32825918
421848587
712701943
582983214
647216691
740398811
16356598
274925144
29293207
343620799
852432998
510276134
9964139
186411834
803351371
530325410
471768488
243339020
806290610
638485426
916073964
457053093
139184
577349944
546846635
980981315
705537611
815641513
343848145
161362299
285100911
891050380
2202793
263811471
525321063
570378765
58759186
288077147
16264247
726139062
398602313
33657452
430272596
947513093
561107075
208280383
136038600
641472833
939968730
452205918
15084863
676437458
333260623
546642325
58737435
47026633
464216611
425792661
229760
620126799
355961935
97029680
906004634
759749842
949197
965457796
324767153
3802844
591863354
547804034
423391046
66723082
35232389
206891127
252957396
176182144
169453977
798099765
145463296
910792922
652935118
468644887
555810973
641118753
153889374
476162152
816470212
790137058
130809666
550283938
524900
533743844
231690021
1024833
16504
376389302
9972280
235311942
684261675
501378738
442361963
939974621
955235922
968621634
749859586
15083276
589578415
35158198
494466162
537405810
16263180
63840
2198260
15084735
664940305
256057406
3777740
761020683
175092454
250484583
882256714
9972259
66598539
198524476
399496727
117954540
267839992
440163027
8417340
658741942
630644221
16680800
33982925
847754017
34081768
83294733
699360189
39877209
219394322
788772219
968242313
812066951
772847375
777633897
519556572
328091097
1022913
568074762
681928169
484480469
861181484
349377332
499033294
140491891
3566220
666764147
947298986
941148760
15200074
273217443
753264351
8890815
625795936
810910259
35550436
748439159
57714784
748103208
629661612
263265013
879488711
16650093
42312578
26480000
889649842
408588471
16676694
700644615
860056936
707785456
16657714
285100079
249363532
940041003
977555895
850603092
634313088
924576530
622205709
67756025
35623934
487233268
302747634
897462729
2104851
65727982
148582074
375161728
74109446
806278151
582039437
674607959
3796675
945947811
977605226
280333663
55286983
566404345
33558663
280162344
967956515
321545173
641071961
184759938
583232074
938862822
1162359
9972254
529443329
586050603
604715942
86159123
776027770
506013929
314946990
946750823
657637315
8791856
997735748
903687832
10364198
132982
49731482
658406183
64239
995031044
577450194
2228978
770728183
867190649
517285918
991372827
249066212
35158523
4263014
10382643
965208866
139433172
894384874
712306746
9237437
365789862
786974986
131356
723417338
655602
918489528
915064532
404321015
582925836
2622450
243212422
403617528
798714988
560755842
16264734
962559214
367429628
176778932
473970495
829644749
808620287
480814637
33681992
957859866
16283229
2203185
552269642
847431162
669616502
552273983
2198295
566403175
649347431
273869764
261667054
509768086
21093723
129058867
9970709
754757176
206830151
2616279
720242281
114338586
572285119
72647302
235288735
296542017
636074399
469114034
964618619
224510324
167753603
652838728
721761273
33978710
546229253
652093212
710400586
284133118
723024652
14683164
904000827
583611161
763745813
198300443
328619545
8513861
15103201
4072761
300612098
4171286
847157921
846201629
135443473
2516787
317004559
294525473
208691353
701717864
237915
2620896
76571171
641844165
56089938
422640569
569808595
10482254
262090235
502573914
840045013
16748418
73258040
54580605
10087496
167284687
469706477
943045
710116861
980262429
1042905
838790283
284566259
321463363
715073742
424500748
863056456
651246498
158228558
410111172
4217261
636368805
303925374
570748850
926128
8908854
323979250
858419145
680248604
387518869
194893840
479507770
195733436
408369780
262655
88834899
60438700
769746413
384661748
46934410
256449825
661622241
549435856
753494067
973519870
633261492
895592441
982932667
465791430
293126464
668421038
21354955
8391081
380068976
9965983
667184445
900224369
551275400
656479567
362715911
359646922
976983088
853933866
823305873
291626581
111717434
8520396
276094039
427374747
491476224
40752
746513424
327436592
873608577
684419364
8791989
166099156
519125044
927857526
174782031
10087206
699731121
311378087
228158288
4195857
856135659
56706351
728804070
40714538
10383722
944465420
163217750
256249761
55551276
2614822
577017458
575769497
115610331
2124496
771491668
734953256
939581166
291080692
794406093
356695588
336287643
884235347
286382962
149253426
35230737
199513915
14690990
649424
165185655
132839014
49318442
262629
717110360
480979329
969404889
46776337
8421966
744645733
263595936
367482908
558543665
33952401
331404718
294945411
512718542
868259240
957996794
740316733
856290787
10357922
536850144
237616
350907893
52266173
39853059
758979010
142191793
155639413
208033003
280136078
151935388
296658929
4950898
729426781
971429087
758329372
104657538
369307947
4095866
40885664
707432832
646365349
996281273
32318598
949587
159523558
2130670
2129419
8514248
667096704
989364110
638071659
543181337
367124939
867617886
763608060
894228201
727302081
294411341
780403535
16779626
155806546
941645195
62934500
465702387
827624334
568008808
33958677
185259319
248283880
559625025
614533671
731300322
14814064
797487050
309720010
59150723
493084115
135318844
551882374
412767012
469999257
713343295
228540965
377403805
703213936
917015728
876257004
34390140
16773191
644105980
66624759
638658758
740142288
393144672
880347692
157837197
556175492
281346896
599765728
275795896
229869
713788509
821737527
33664795
135908875
3795151
144096518
787844170
261665339
622136935
121259716
8809169
147178050
36707018
664400653
118548215
684580012
261759284
593849520
675312503
266211064
403227859
113628306
326322026
8816988
840342103
8396965
8491041
159660114
989683
289085685
482510918
14691384
545702109
376935925
174290412
25173155
670589994
84161480
414320405
477414214
703147655
405363522
134226412
317416451
546227470
654985060
355008776
657662321
833006767
258908498
35655144
800904264
638652079
8907326
26486692
319308790
97685538
514569789
393724023
34081773
583312359
132840784
151112786
307186021
761464977
142491923
885102494
556
355135789
260611
48335747
957860194
405813193
2227844
129461272
337978484
577741881
244743504
93247729
676353212
744232473
783827917
516086295
635537303
690618992
769177172
134725972
122866020
22871371
2596256
564120847
998017210
974096138
161489895
773427558
584026843
393095521
292705999
15077128
888847692
179075678
998249669
147524555
281610598
2621031
394084386
674408300
639552378
811504217
142215266
55869086
679204323
234919613
537016572
475524543
966472466
359920953
233172340
578117072
642184771
819969221
159204742
15182868
754014857
1017198
228358539
10089076
679436749
466117727
351288089
4071694
172942222
12264811
838337010
941523773
454963068
435750386
194225813
2130551
589154841
222918814
868110930
349741089
904163776
256085
670900440
267409225
538485737
558438791
217911615
971996890
286408595
3898062
885798991
827055070
2518241
373082223
530053542
925131950
1018256
269556143
27158858
819059328
625133301
883471421
33689356
780651528
38005645
667717007
945720247
40731
154227412
3702370
145340140
263314475
570290746
943150351
604540885
284848478
547432917
490849650
643420774
807084417
777524542
447821752
235984123
474193453
916093101
35550149
844747124
879369524
494104169
277479115
66607095
2229503
416770240
277873148
526454
10095326
518215085
14709361
457320367
556896131
85602890
61046005
400414898
812021901
771546554
142121250
8815369
179499801
35532072
514336643
965867189
241607107
607159667
161067252
250253932
763525216
4066609
67455413
516004929
710592023
978928862
778080127
49037704
413378509
8392241
738386017
386625731
179783757
987347248
44218089
240633816
551752734
690861120
737127256
695798684
4975465
665309737
171567379
445896479
16264366
5900190
389779034
525325
136198953
347950179
845114510
159911923
807299927
202810024
60307611
254970229
131848
130731600
384904446
866740055
556896523
142491526
67084293
608803957
411015527
34057009
564370609
605536795
110697901
517263447
851422444
153348017
218754267
870894840
142608446
844671922
324372405
242859646
483210989
441416480
2130577
278697160
182359667
332052320
267141200
340792591
16676178
952984931
679278320
777880738
35261579
657170512
956693768
148410851
739873785
547731689
345143741
66692732
826083479
16754991
266386060
386522522
979442298
947808102
856722232
248926870
14715506
469692358
828360411
941523668
804719171
528600420
990481832
9971786
966290029
39974108
242765444
242557902
762827421
600257937
201884918
328621441
362146764
945628948
918662407
159892271
581518012
449744350
468045065
1767695
46663696
92029201
46908294
704977730
629647716
603643313
880645900
599017586
782357605
399983124
48108140
605670009
955432107
308919569
652419073
16780919
59220348
424095328
329296463
348841791
186822352
560948664
941729038
64137
88507852
273876439
926706096
421817139
685528665
8515800
261043362
163166587
676312619
666135644
756912237
2516708
47008269
105197961
8398902
702367044
875498400
708610081
216831524
684064910
4096365
549468
592232382
388513518
936247771
33952028
194823297
239069280
808250516
408446837
293636479
325271733
946339752
256826437
15107918
166199406
288189608
825473393
806023949
16380085
920318
183534895
9798559
35132324
709603104
10291347
703909536
269346347
659809515
526307019
682797428
144252311
448238214
340816345
392671516
538576704
842461051
12934127
184070859
493756186
321937737
933089754
567374643
8519913
957274670
845748552
386951118
438733209
957672576
271712726
5557491
703153140
389613448
15109377
650604395
214332252
9970609
337168621
832858113
2221250
753325459
162172
166104486
908718434
964718514
236891394
2099830
395693502
836778299
262655
280168845
48182032
294826220
227245879
79942021
2596356
221340180
2616692
191104660
990637446
690719220
830339162
480996105
35261570
504025659
35556691
2105937
507285003
962583273
171044229
973901277
826747986
133276627
503845985
319137505
775570824
130267713
678004929
439936547
721194995
487685458
487579261
3794652
266876885
554876125
875858543
134763626
944648745
998748828
241316625
677593086
940040583
114066960
619570386
3770404
794598547
886166003
916981116
879624683
4091710
929671180
189362302
27120078
475698310
235643406
19740369
59510198
24417975
42589089
4632469
8265
35164797
2524434
666782253
533863125
285300007
423311991
773522865
8392607
387791247
100182866
130819818
545173341
34057133
605768497
685158246
827268237
648390
639346082
848251620
638423223
2597917
271502463
229458519
423945534
1
187634383
14808259
934716699
140174581
269245961
242131560
677711151
778903367
507762939
936675028
352873549
181585753
283764459
838804980
300780077
662056419
33983310
158214525
4091349
134350644
256909013
927275831
799300625
16502
966714600
35525801
883480229
729625862
848675257
279773420
141611168
702832294
860847023
65292
670032889
796116612
85432708
40246459
741387635
675903934
577025286
152355893
943012
168283401
841147296
262270738
184640485
483772762
66963481
689647505
367811580
951132
156888219
251315234
500014233
951994615
18171829
941266829
582512579
582138154
533657964
909392031
373533969
530368805
845106808
581639684
875006953
87079675
560759453
257084350
810117449
33689820
712643101
421998494
37981243
728565133
916663763
235825109
850884653
71459114
1016739
477796661
851473383
881790383
279743105
428578983
297819965
921952114
400760040
664471235
839017100
868444003
100632906
654069828
34769290
276665765
47823271
96663273
482190042
584533987
250072170
33664788
538643314
8398904
3794631
318102834
165430134
828712324
728957931
140623117
947513454
738466431
348130169
44572816
540398621
113062683
281250389
635772802
992018371
77823651
8495292
357576956
2597836
444253491
31951100
405265269
440532462
917344412
430244427
438920338
3795042
540117348
14781696
33003
651339125
287515003
527912263
38906223
902430123
516669172
529292044
168337781
80815063
641100700
221448427
33583667
647425810
8515681
59508
563758286
202506532
568372423
264723182
522766825
110762031
655902633
2517868
658817195
335080934
122947168
531293514
13638883
725473374
35254978
767748956
365542671
724548456
8513763
135923953
97390367
739674848
1872500
254894
537305926
102076990
316694426
562061470
575370717
275322485
35237011
243080341
703613179
22914335
816473668
29911681
210087380
158800799
16649991
167684435
972012443
814779087
163570403
2204369
153815478
953523160
976232215
777931161
581769348
532788987
452457284
14385704
672281797
448349427
562450584
991693628
891184117
411100299
571389541
254993343
541670877
577999079
387013392
8398393
941883433
841961157
307430631
548008420
361610021
767575259
596126970
155487384
741370658
851003490
968974798
123457832
254588857
780944956
460738634
729337693
16258491
254310028
470668016
24961931
3800826
637973299
9995240
461474653
320297949
450876745
27712618
657170410
659449596
882778527
539186176
33960248
828089743
864379441
930092186
396533528
626493355
634979172
748358229
876830372
758563653
386052688
543304801
280045873
37406967
260609
737383164
758520243
947439194
545027508
825515335
73388721
314352126
959419972
925564340
432629047
99218260
368805193
970025662
701949683
98181527
16756246
918267011
871824450
312299164
64981663
10087498
915877596
488605419
223412332
285303719
235288436
761968045
837648480
636427606
452354559
637974387
410846087
990459693
982125231
518644604
798795998
494043236
134742571
515880898
33978194
464482072
35164274
947338021
836601136
3673629
710758119
485782766
242762962
280962663
3796668
494514954
42124325
961467283
619600390
631378
551857342
652243546
946259689
387788566
758315627
415733337
29283677
121149906
383541270
4208843
215232645
316357097
67012447
244623595
309128907
836738349
575844248
670621183
292594120
725775923
733583933
35531652
886205252
322073514
33585114
413421013
159813584
652910877
12769441
15183260
267635799
37375938
222433120
41653389
452246668
446347081
553588547
99240214
588852668
330229092
686567123
665449304
279652273
331990642
912912575
753729871
891584959
472072924
526751
15084756
502857795
367300667
526836032
18031503
610763301
579124630
958376633
446527594
891546419
846394846
753773863
764197113
35557772
487921844
405718328
147622597
33558955
15991
114410808
2221647
477959022
860608497
696628910
405946320
3767
824496422
33665206
71743498
423995431
483581542
63981213
85364851
502993297
783766204
250052040
8907228
80464129
126883642
34829550
965110541
404914364
941251396
293785678
886183051
318959242
5436103
169898027
371260343
717194749
949580
817223886
480126710
792425091
678240623
251770763
46631735
232397823
653501923
584904605
159420383
65148553
525722990
16281546
675624694
254126054
137896
4091251
568199562
153032591
167751661
430131352
468510562
555019643
10480604
262610767
490586308
274282324
8914937
135922867
355066468
578190073
664327272
212202584
311283231
400143650
13434561
408383539
287475830
51621667
723343552
479784040
296135487
577714344
35255470
694653554
4066994
28391627
864339790
77878225
409791193
41920718
149195945
861919869
264850372
71003199
41025
12977484
899790684
921395893
320808924
256704441
586971978
15107949
722124569
636108214
871366909
707565263
325901993
537116374
220951916
457007670
35231897
182600614
663122635
191514641
3770117
675273706
136219354
379755404
979305787
1272201
844328183
257502854
554824033
728178946
575346142
475859689
268991717
650122499
246988963
459181999
281571818
318432384
606022207
799957568
951550611
753818202
664320585
14533258
527601638
366053140
645530195
890705855
433176352
3702370
330199936
542638175
315594663
915813707
213236527
691099
887660862
706299352
251296794
10486859
911053136
153879007
15200198
95906488
553175325
98582512
309714344
96847191
963438530
551758917
9989190
591795519
557175
335060292
432168429
807968581
156348469
34076650
615005316
282011700
14714351
336477405
528054921
8391076
348790074
676488464
3703948
962331911
701535206
422072563
351590777
577677747
394095304
630986
538885093
14685213
183690314
290448829
134627614
190724365
10093117
945865894
3698162
607297535
2622949
494572207
29122104
207432194
236590259
670628933
260574422
543186059
670695075
772510474
35238465
689581639
395405598
105534707
682705662
842294182
554
256031279
693629765
46771357
638519774
19224137
30406994
655644662
226129528
8784135
159426193
568845830
704627041
360135254
38870302
728802590
585575968
964250758
550185933
436500724
541777032
945867377
350931729
869848086
167653155
956627818
568335477
66696492
73645301
12046386
258274116
726222107
558149896
687355995
133903380
323177061
914086142
140643449
463866657
496078805
195222660
378753893
517775853
309155404
76290461
515703371
323833653
31419973
605180618
4171217
212040276
434480389
389628753
498119698
515306817
884893653
337443880
4165402
312789347
430977413
865217677
795505454
3778230
218521040
479730096
60301729
380875628
241710584
8784646
252959577
391137765
16381138
470168498
960188880
639228155
400423638
99085670
9965693
241678114
346373077
719111932
875239665
334026594
206567491
66985737
958809925
213472645
916538154
135825880
786804686
873780870
912580855
221882028
747683248
16287848
195233436
972764115
538730514
322281209
626690073
398441815
266941607
77405563
16281261
2516416
761769764
786521948
273849848
65779352
385401001
939653674
393995467
924827288
503724430
267282089
949789391
853254588
209789529
242743005
130241000
911183130
379483085
192784307
536293425
5173570
103892488
143257872
300802322
251763457
162055316
121132185
956703248
481005109
94496482
515330322
547849227
224236948
503058976
228873711
965306516
555156724
947684068
16281546
310746440
759771049
324094899
572207292
48793299
837597307
900536570
239916098
686660353
9996794
394369377
424963575
503051916
26666233
365142813
197474137
350368728
443382520
648271
268390877
269588607
3770084
322046625
490035675
161490408
616854791
45088710
689769704
378393625
210762579
628352795
337887693
3315940
267716823
568501846
336018497
346324490
935989704
189913620
650168281
602284185
587555912
69733758
721784680
343152690
840999859
41766709
792892280
934161583
911467520
236960146
790955397
392676452
833348221
289093820
103528199
214448596
428896665
758668753
866671920
852540784
349930895
302372956
25911280
979728588
827738530
692810344
435490345
355217093
844872177
706471738
843376836
719131355
870270460
361296534
863060493
654568
692370845
229548589
542009519
128413328
321891386
487576216
943707712
274128969
901220063
405238171
363345611
16748518
899909861
594833691
41233011
71161606
604667307
689376373
167360052
27371410
341652770
811192331
849786308
41456852
793057528
691011058
166216455
432330903
290116414
302449368
58849505
495019229
279976371
169999278
696769311
705638136
271855994
60793258
48827318
524900
248682268
664692792
81894349
46043957
787425399
898123898
120104496
429447307
966709983
9970707
120403369
226251490
584719498
235319259
595652234
575468822
438851026
287088604
831750427
175814988
536578537
543210986
939949874
663066688
10093805
8421574
423684829
523578164
10462238
156407275
406543854
272169087
830674850
669282460
138211969
235943
467344294
304014686
235022695
355537088
816182788
553432434
452087009
213401036
117634614
921968657
447390719
231347
951167
793602917
9990324
648734667
882737092
783752237
644811902
167759287
810181523
603606296
491450949
775056066
33585140
396490270
789862230
796326819
681395643
700959120
619086920
166081322
798584765
311658063
944565247
169812027
552122257
698410160
699226921
10382564
433990490
48604642
741212022
595096259
422697609
374238406
485355388
395727258
510290319
604714422
624849684
157919
26125979
532611921
266460351
142518110
8417375
349477392
44060952
366319435
200070138
485281642
258037846
588185797
409377216
623481973
813486454
515689835
8888738
681847984
538878784
937136803
871603109
313957281
273359814
856959612
43694578
925093122
48761423
742091394
9836
631637101
34050567
34874758
465265901
641649938
658834226
823414033
41794980
542274304
881841203
296901683
134355662
40272735
90845254
273384461
2524149
546110753
663142749
726551023
41431080
543186377
844331934
156864201
806269252
204901571
333439072
729216561
10390373
327201676
972715112
24160915
266294600
646647434
10382671
2223299
569233569
419901346
10480968
956800439
171275388
33681609
733077713
15083178
456471274
845283225
239433921
533257421
616580106
994481454
659211152
33958311
686478212
222578511
291410387
898556112
532946277
189413214
805111133
315340330
886197095
817566826
623737533
582372554
2198269
859562228
27126996
10486885
23073988
280162275
347741498
807915366
160968820
311096438
139583
922889760
963671784
3658
15107426
765158989
554200776
620419710
698083626
194556121
481565666
240025035
760559074
193662108
425428535
855629216
345133410
47000541
432788673
928071243
118011908
152153152
34057028
174264325
15109503
551646570
67350803
383464720
577413007
813901743
598174687
691190711
33683252
924158030
2590206
567520904
850119719
142509995
493177192
133140699
956357155
414388824
456286608
495070687
643251241
373856539
2198167
989789116
114732042
159420478
920398430
563013078
991766695
8489513
35551568
258996500
141041229
964722727
524800
778451280
837811932
73774456
322967559
8785780
629702295
427889396
590325236
947416206
646036958
556890024
127412333
624787655
853641722
885426731
984950837
355524904
393736106
941247192
35256561
864174410
652813605
867491112
913326496
176032083
505315550
579619212
2591632
567195552
36537358
312775206
174950541
622115534
619416418
16781311
938377001
107922598
3702793
791395244
8515280
770459545
251417340
366438658
727674425
127827791
4195831
826768321
829474231
676013534
827607883
282712643
994872026
60719865
2596384
849965371
648266
40246559
161686398
537379601
127673565
429941412
511221805
471431520
639638594
973001004
808870588
378130311
664296430
10482228
658340881
213623229
804131208
219052706
15103294
744717939
870013180
845456052
132563864
875863166
909978095
242859178
964741676
16258092
16651571
237915
944991
959068231
633169616
293616982
33657359
518554099
412729092
402878158
206479513
33560189
506367015
110809710
556017
592875722
203994312
295602319
35527030
218205795
35255076
14684716
173052441
273378352
1017229
446948137
536893892
748796429
314107040
201848962
776928200
209606999
387738706
451996676
379471608
873153155
833669795
978441836
237721425
327372660
949923709
227976656
179469057
919157228
419772152
575802825
4065542
39592
949818252
662860274
16885879
335670593
561083572
664798344
942273295
692641225
833471325
14683537
149190263
162474310
134621336
10064142
751972491
646485600
696570838
391769665
9994974
269200162
875401153
307292567
56509404
652975168
935515753
71593621
664278132
765896193
383918708
266458673
31382017
706062632
933503372
742124369
774779900
785349726
278926669
678285107
508271672
2596382
716433713
882866648
747094953
35532046
569125738
988394844
15201759
616281501
236538354
123239177
33564811
490236564
780535253
236330
684397419
730198900
355390597
845135821
324675628
247621738
24560778
224416369
487281998
115928191
722182361
923783027
248842745
391029738
220135827
2491681
232485692
751104478
290101991
146650427
541982462
117021241
340446440
298918228
861026841
389622706
418900136
558439085
91466165
889844371
19892562
491411592
473041915
66205285
2203311
167659814
791046231
428150614
8815053
121714886
676537732
65784
105749125
8423026
19701861
821497468
377410354
65385899
867503416
244592473
90985551
962986798
920053143
382268629
615208050
480639389
39982202
266878335
748491248
389064797
112664305
424377573
695228456
35132006
218201888
16754720
2621290
185226907
685721270
553133520
637654672
8882693
979726350
248706913
906729119
624551120
50026214
805623509
41549015
895401734
93879001
256087
675963012
657301622
79717775
8416857
224472812
458817396
545112218
721034539
919717075
452177162
52702933
860923306
458920460
335209101
923387164
670590360
33585212
556896207
583922507
53389191
16281651
918666
959064109
147518381
1024824
166924738
603078554
16682770
9964065
211554599
484517389
8915455
999543239
906452991
71597914
691960624
95493650
477902109
650721014
67110480
457745334
16257006
387907925
99522842
940879195
74953161
877679792
168429653
60400252
871932820
2227949
580677082
10463692
947913009
759021859
711954269
222549972
393559934
603156130
294868607
391099676
16680935
261667056
166586862
458153782
749629083
464899804
8423425
454610822
94574194
797050957
56002053
515689686
200535254
380422680
947947759
34081675
141222129
33566389
15205884
446957033
457638812
546209380
95008007
10482135
859807210
438577719
243253025
592126919
945969712
926520
604429856
35263205
550572935
544798651
959589251
477722165
8397350
183487936
953291458
779382623
686419031
779504466
823394544
586329862
921639128
518612479
599216178
255099621
35261651
550283938
248313151
202376440
420241555
96280613
373463692
977931075
933888460
223308065
8396865
666367546
240386582
302733657
359442456
140936911
532316725
736413127
58726507
564128594
641354145
141936218
677617267
15945349
322755241
283487479
262034243
598648844
248283813
27621421
41942613
28693420
281734484
703795235
408512353
744393902
306126623
625931259
591509307
684303221
484380763
34081383
380357606
966314586
195326709
687060283
72472599
305369116
395806545
332851534
972141555
570019855
719321040
98290480
2229396
438414305
366390028
256087
577461384
576428144
964465142
16650110
83292013
7770894
917050679
195927577
682411815
814736018
438508015
784095940
561789841
602513276
653172440
240523825
849606719
691137175
450726302
848186116
19340863
508890207
14709437
279293599
753501719
941220489
796069614
331134055
362567775
651950038
10482520
8683
929706497
395038468
584727432
2592026
33983308
161483029
177484743
929516179
569653133
639226503
617747426
191550073
445682900
868190008
550969481
427319114
1023374
153817002
71776811
33689354
670609721
67795200
212339958
974935609
325688759
241191970
213004137
474452449
802022461
254601316
460366443
135832082
206599878
492080990
35236645
854489767
960879756
210852219
516249506
8391057
962165637
921238157
14708201
190531117
66617295
818034086
46608556
497426290
14561952
346153596
7032111
338466393
525292
358471428
264741670
67926150
860779781
174750048
381000948
683977729
621878215
654384723
866668671
170515523
448530008
412827161
430152278
367345600
8810329
239470386
491419760
349453476
324830536
126038427
673886716
267188186
659613683
905568072
236566800
10481075
419493351
975197345
921956949
961981700
598966798
481961560
904558513
551783622
89313179
341667242
319429136
35133456
568378865
274139440
682605076
378905008
980642340
2524441
606226181
126853262
297566008
609798588
220162688
452411416
684272762
648920935
537600590
553683300
580606886
496222943
356924475
593447738
60726117
595846259
537411703
268451832
41789559
304709918
785759532
15082912
280329698
67010767
280138027
118754546
564022149
530246176
673170773
2129020
8490766
602992599
834218149
179552870
146443829
462498276
432437197
979317068
87331352
835525354
352606261
302001436
65118871
406532283
945683213
260284932
468426792
116462759
343878503
445189703
136291727
453085755
415860210
789947459
137929
617145509
102361850
903223025
149744804
881518391
67084193
971699636
181067192
33689853
660921
992006191
255887823
8810320
127559760
447540145
587147527
35255494
963333119
4071228
157012508
17866439
712119320
34081248
33665080
14683663
988255340
129408343
231314
126764723
935971660
466279997
48777266
124154757
921427591
731745804
696015893
9988674
739392759
395352620
431364716
950154038
536920182
551593985
481542183
307652036
286333266
612129183
489079010
889961436
538559498
741075782
393575623
74536449
261878696
162522860
159500372
906184168
101199726
169115941
946357831
108026505
279055512
157627356
440531934
4189757
59251097
724775058
508834025
258016953
964743237
388016407
149121021
160228971
494743649
785576808
166435856
658850522
246245013
33558628
10062490
351956242
354357610
909385131
120113151
411109315
562750788
956596755
71702634
382327321
14783519
848714374
784874411
33687785
125274229
8468242
142616540
573788200
714129647
196633008
564937280
775896188
262548
511866249
844957469
959585199
638816517
521125348
736957323
8792255
16682777
963909220
491899197
179107682
671107030
457313898
739048445
232039170
125134637
159812030
261103
129824195
249244783
164855554
90893346
194425149
542481692
83850386
991877845
443156458
594784923
648292
903227385
846364338
3776262
260062745
758637519
453272543
325057031
44876395
947914267
978910779
591914155
33656995
200278482
946365942
126622090
179719802
563447291
638077441
626812453
324093542
375250511
651240695
14714078
988050868
960875986
7157753
552749396
616418401
172225159
680298134
637936683
657480951
121100109
591765848
217412447
750435161
14532
235416431
216341067
256961993
835162261
264081763
41051
236484071
957650601
578118753
667980698
42180828
555679809
147119672
36610313
15102935
116923982
300432363
241710565
992522361
33954079
194370108
134144377
580495722
551343174
977780593
327987212
761549728
531704688
495016064
638582139
3698162
4171293
14806208
776185786
381178609
118952425
857849757
929929371
681785364
851183852
810717422
4159
327130586
698485682
978419015
865114753
479206825
323392047
602903176
10093700
273599478
419397246
35261579
220266872
656659701
725648715
765113706
365870183
453524443
710287673
430950602
166211417
71842204
124946132
644448100
543677863
18201363
921299665
2106032
57937
481734954
154227386
262818418
781109444
214215026
373936806
781674220
541096397
193243555
694461659
48187164
4065131
580811998
313664390
662673193
418835477
373436822
951067
685852854
175727956
977713380
202036537
254948294
305963537
305785916
406799567
998233477
562573373
15175147
440261457
382101261
261741212
16680809
15175147
537281295
911653733
342841942
64947077
531314520
525346321
233972938
886108326
743808316
3466428
437005809
387396562
242630549
161489997
129481407
537465928
123766157
326383746
16781178
234899982
701528236
33689722
705936706
297079476
562057214
620652893
310516526
479053025
72176076
918766
170042197
8815345
195997189
976525482
152751587
1023013
164011783
165692940
890289601
748672207
972531516
738811162
108063989
41478368
657137685
975226425
781819566
104643130
303521986
84665559
13295945
719101793
230695080
475761398
985525024
632675960
438691082
789013024
468843932
235365761
35648968
239457169
16675116
144607045
274125344
176553328
419741553
321496484
312204942
443944963
267036793
269778178
14690966
305856553
134324480
764764212
737782814
421450991
581096137
545737096
414139536
396351018
544878196
794215537
356625259
827404336
213626194
480252641
605655870
850557875
427529056
787088306
34052476
963880213
153939708
788531735
886775705
687906954
332825799
339964508
621410527
675076298
10382272
2493627
27048076
78530895
434880812
4188196
261734644
684395969
776173483
8398519
960750682
661417720
707093769
490107763
674295654
625176
675375882
200025882
570942052
970394019
319518348
775767870
934465218
267952105
557667
983111118
548687752
794343603
9970635
60736993
274995948
101364891
131855
4189755
2204761
543290472
509779188
575345759
175972392
563654862
731878438
532866037
140998202
900493164
968716861
670835822
692831517
2229501
123137148
611460850
22197068
881458889
418118897
15109102
496202971
864326678
768769161
251270904
981501924
571213652
564122399
274142646
315754032
559383544
35556617
241197589
902078406
73356365
283768949
142608814
160999662
706496782
759081142
103879530
148393097
121848521
455945587
526475389
124241075
589901946
401155470
528660153
3770019
85252784
476401308
132480841
323303812
337507759
569470445
605838203
841837017
16682772
552146605
229117232
508568227
901539274
759188233
973164403
668249135
515811420
336068038
711184739
345877994
471083789
620540901
799888650
859561651
731395648
294605652
92421854
10382669
788298412
296881722
484011137
379633313
2228983
37785686
403550769
830878495
163060969
162916475
798994796
203247876
941226691
207365733
161362320
564603416
200758665
167685908
4163484
166079846
653494586
593598637
938716915
546460928
427817857
14708268
968666236
22055443
954792200
10389979
326067418
348477917
563226443
767747428
284373528
166105051
192691652
234857176
583850869
535719198
544853663
992353632
691745696
282315680
286406796
692960253
52225968
2229475
849597302
217296050
134069329
88722335
866303116
260709
223251515
229678652
59523079
299692471
236565614
598570703
95538941
73128
236860267
582098389
974346846
241708932
411220408
33585247
960291829
2124860
575844257
918977696
742597167
269396603
67008511
2493701
721067756
233146795
14689447
798286227
535106003
236960564
280068534
557092589
10390738
136217410
356169906
188528571
957745656
221564416
725004840
797884531
801269179
750236555
575845417
998624904
238
122519281
252425896
356288235
941147208
27724966
3671680
752664689
280372449
62293844
398918398
732703584
3821842
569288579
118899685
98350811
889310467
85311955
156705984
550579004
702097944
14859
771833032
743135089
479871669
91371532
155390413
128082700
738376949
292039032
997842933
552858327
639814033
490572293
168333703
9283278
190207683
570867323
569035815
868211159
789332911
760043911
119710313
670983967
318974595
664576350
121739080
657950432
555353297
765821062
35531685
134324753
818183497
446724574
486256689
142198335
319277250
274885216
134234149
161876145
572506883
153186311
367597787
166423502
9964557
374598548
221334086
15078269
804635016
891107434
751431823
862817339
8890687
257342556
816758799
638244357
933963455
661319842
63558455
815380697
637585606
492384544
85574100
757181438
950966994
536904077
260579800
985205747
626662854
906110059
501497931
495768664
689655120
375536089
4086878
14806728
466149048
1018391
254533
753878854
276747380
520478418
15183186
40056503
188954825
10464063
16379710
782047653
561989387
9972280
527783276
1256797
844052435
265755682
745314195
932089737
321482956
537518469
4188497
340317369
947814568
567382719
345768577
828557618
125076960
428468771
139298224
259480442
238455176
141041521
48845406
16379710
234626845
653995315
95893184
743488727
85350823
202668725
459458164
186977719
58758894
13845415
159735772
788031625
747734220
322564628
254169014
35232023
2493200
359136550
430931311
581738114
142215275
639629137
955168078
689142224
682567400
58856047
572003671
463400165
950770367
294686668
489540317
556593430
14806607
97115403
935566546
35551575
658737325
33658937
868208821
503056466
943975304
2229085
673195067
63242475
254482970
505635433
528629990
973645326
1047655
1047938
786347236
557796671
849660216
682022692
387179534
34050432
577563103
2499875
389253292
915937428
749530873
723532020
250347730
14616501
735719645
65509047
41850333
659136992
669408645
604223026
700159316
957994791
33658640
780643165
35552062
3796302
722621727
54989538
378171225
702629519
453876441
905643787
196801689
154307480
775498194
436779420
624358442
966685345
225506777
201247493
49130618
177287808
638616854
836043039
42184858
943939483
632782884
518889029
152569197
236497998
893534391
172710499
290631626
21313495
367412855
705318603
664721904
791307244
114200983
441136737
993265667
586524288
879119864
151464
87313409
616360935
379233994
885938660
467021462
260724158
149188730
36550532
833974054
437886702
139555
879185483
269275750
33960153
803377427
471760244
858362756
518483641
492657560
470190553
4896130
374308523
14685082
714428277
279175528
247742302
427411180
219924854
688993810
478370252
613378066
160975390
799238468
839348430
49521754
19672851
955
823163696
535078925
583144657
301581761
276061355
165445926
828496372
934637994
873261241
2187
274022676
325171915
147642744
417163587
581445764
8520398
588293965
923784053
412417121
8909270
10095250
42042236
35140050
473610838
575794892
99381341
264467290
383543531
612939734
436849614
765524524
142865034
647998
238987727
279049461
507191233
345095742
2206
557186702
581341680
664297497
55552810
134356848
927270884
35081036
825199738
109925806
757673582
930742238
154235116
417555023
34075100
355653569
96762061
483404730
428235464
2122823
290064807
16262716
518843853
33688168
868076826
550277797
701666031
276680907
72143764
466803616
798827879
722593355
533272537
82012945
133083952
874505526
41814080
163551536
645844867
622226844
994149125
941228411
877211693
8657
174707010
563051639
256061
887533965
462639028
167267402
39174
815279177
412472995
943408390
33978586
992828585
174388944
900822688
431838835
919800796
610054059
715269301
652799147
65117319
460784132
165421888
127946523
613983330
6989129
833594089
711059141
41941348
399073824
701641888
280521788
735381518
312016410
156103
367947947
725934989
512755766
922962875
858572058
608861273
396023489
636600993
447078580
456639941
302604663
980370861
736407177
67504877
162364792
34058288
666788348
159811913
276459125
734859571
8398512
521942013
879957911
48083565
118686161
394906362
818109163
472565333
993934818
220547226
42289198
35133950
466361802
924581
920826145
347826898
945078313
228282448
436755030
467482280
34083318
395543018
516141375
241216715
34940
10359084
110009670
776299843
636895885
557560
491654113
368723285
570050764
65392
118944004
942184978
544755124
583635820
645571668
104200636
673178242
412518178
156939762
958714787
13874848
583310437
429992173
324302505
853713592
216604504
334496708
246301153
469870754
431292510
258622364
977750401
686594755
673172084
878593346
654176
981456402
489100956
307405009
941245621
683942824
991391062
519767949
327018344
95033048
235147063
968250401
909630976
437952518
272498616
832371084
244330275
356143803
224882916
186503180
867033891
34481
740160623
67241808
2099728
277203742
575444502
96665
970869675
8792357
717945851
34082902
170570587
97246351
8883078
647433998
852288532
911101495
439546425
373260822
676019251
571021067
901481825
23373724
581761209
3704438
106149838
73251729
2204464
157912
250328959
276611619
743933945
306676001
31096419
34052019
16381563
606222819
305016644
351910584
781875300
779858342
263347531
911020522
241544921
847843413
712399589
849779517
601975751
893205690
688074196
140543075
970253461
625533115
965110144
908497159
9964533
2131043
33682101
121152252
151871556
161385415
577138164
392142639
311609807
870965923
408325972
673513682
8382
794877534
1041351
121157258
86702687
60325968
391376265
10269646
637585924
725967352
431453990
414023708
60797963
128872816
65297
351763527
578835542
909293563
492039600
2105913
33560080
14714372
126411127
988514377
544357857
652543277
895182921
388401967
149583628
592899736
398406021
78896866
770626286
142092201
16363099
241851492
631175618
926492
435343759
762224719
582037906
481427
10276396
290720539
131771492
877380765
637561389
161592457
67455385
15107533
702301629
2491650
167595519
15108976
926494
90941891
36695774
406408233
978814286
522889814
94522550
35238465
3704312
492994792
15177117
142610000
872777732
767249245
440586582
662755061
148659553
680862921
482872688
330508777
122052360
542394922
586848481
133972305
93358107
894714737
510547447
744702756
952255459
262522
34083325
48604666
472816789
981302600
681064753
59119972
4096365
552275533
958391096
114431181
691587522
629886634
334462335
723433660
540622360
3671685
15200172
623649097
159974305
501816258
986852831
154717881
301174884
806486112
680041834
662497175
14812904
9972187
22132924
159513484
894478652
797513687
664722268
13531363
193075050
629517
33958603
721403812
731516221
980009255
300579968
41941063
160721122
136194346
621297070
720325824
206920054
600893333
20045964
429219843
149114938
174600981
130752779
35232308
16363064
173722215
10359450
971533690
537085257
15206250
211414511
104386521
274932898
313035359
2598207
4066975
438566185
741513026
47790027
947445762
337732226
154705173
16355338
475965212
10087232
113868270
190497124
550677830
214027558
961560205
556968739
141305022
186766801
190694984
1790275
674221775
828333635
558068407
320046929
779134762
184803601
157331929
593960555
67108933
971429215
2517849
634499215
670719325
2129101
62216391
548063106
770095298
907651235
972006776
114638473
65443168
114998462
427099807
16682361
10211135
134619819
895545339
911716498
941523257
958626671
521664239
149221096
746995797
819937450
575864171
3796596
150634187
676555690
655609
780140434
4196216
827961758
892653966
740899564
272079808
306686954
715430734
446285517
379219617
57282342
177821846
566746368
35261572
319211606
628577054
951058470
339451196
361120338
295124206
462615904
666929959
458522157
288466347
593997734
176843229
976449076
831007630
4677862
375220762
713127084
402939168
214256432
401515363
376954220
34081647
25123736
260812429
721102481
847085153
742927846
97697336
742867832
243183855
753702732
400472857
742836848
529863696
993166873
757363193
526066023
275350884
233694393
602866374
2129386
267134077
39867404
831210145
148543440
473977626
943209597
525051726
40216085
34583
57139337
33976742
200565523
274679570
532915064
624327692
456953615
656923748
531988588
188797865
733122754
232173516
55096064
242822536
599259064
61922481
538511565
56310360
186395495
469089686
802798246
168600218
881516840
847511812
541773197
944722228
472731106
400976077
371792706
246911221
568478555
657561971
485530041
670542408
1017198
33977132
955687415
124447688
842922606
878024741
15109102
65513704
264793053
390163075
965215044
500151664
284881475
9091357
800224742
788711118
393816674
58046990
720620826
294295127
263136474
308603862
9970334
466815254
404013815
608685698
2497931
760162716
766987181
490347194
712426260
664697236
667831895
16283224
869476489
16656587
633539425
1024458
2099735
8890808
402030672
468620727
623265
643947653
597799345
8781
789477431
584165127
358466412
61519643
740395017
328005753
228087345
221263693
947160010
371720207
4195957
979694979
963017498
247999596
40795326
15181708
398852946
15367659
660233118
664703469
173413093
208389680
974389889
35533237
235411508
381513889
351948171
250175709
515248043
192370643
10388455
779299886
573546001
549776171
216282266
460955929
45915149
60822888
466082962
638073183
46044309
260184256
35255009
908947021
562946855
575741073
431766752
590569330
224603853
426456883
873943252
423083254
324141497
640414489
697359076
562474934
2229494
623267
829551516
156460
117944864
659086502
140479498
384335268
323016054
176791984
400479523
645445284
273874913
898585708
352595998
205299416
16264268
420131192
259593274
692399154
676037710
545575409
300408521
772719090
802397086
676039635
867667146
233318582
708096994
545269731
73772631
178983032
705947141
119693054
488217588
569368244
8908887
616305566
3697879
10300
853884200
505129273
176038272
2100120
662073622
645422623
583606532
250130065
129965502
954068730
433652608
735700797
478576335
544986877
273770196
762884277
871223262
934869642
979737551
350088240
737335352
620996425
791020689
89904358
441784534
33584755
614037725
726181586
3671972
107018421
14460
525292
354879233
492140496
490491720
457605216
169033320
624406704
556188502
657436016
581246916
999854863
491782061
861182356
236884835
14707883
585645114
518941174
733628242
557669
452120860
939942671
28720739
8489515
15182896
973211838
332236409
91661292
437293251
274941553
160571608
797262258
853468917
368330949
407719387
722282043
16543655
292577512
562056722
474743062
724366285
341277433
10089081
294739381
541787685
275457119
696405522
162931510
60299785
72843819
928790662
159820033
570052251
312607031
791818526
53492842
204474809
39951491
77599096
225218052
759720550
33977132
16656160
48188467
47336241
981823086
544878203
62588277
419339307
537476203
925648548
221921702
174991162
456423148
558074944
59095
4071326
181660071
214747756
10069039
334396870
154329251
361295972
252692817
315562846
996510289
985173059
629515872
252503908
501634069
630612708
555501772
570025526
768185926
3801294
669021318
256572764
701202199
718413510
356930641
386219523
218058044
285582690
120930121
489274906
676129917
10724188
241124188
101176175
672676512
966420748
789141347
93560200
497902259
355775720
552206856
82234429
251138728
73254268
830229656
663399385
737565530
919018537
75066591
432698746
345380246
230538950
630759801
688484245
231445
944863
123747107
10088663
951551905
505968405
887921452
64394248
109545638
262006032
359404925
213492447
245656888
536423084
631485
893764769
133492531
413874958
700019321
878975063
893406974
35261572
234925808
747502204
472178326
16780917
343031485
235016510
699564309
405389973
8784228
271553082
621010835
165950781
148014582
3776167
680598000
896704003
35236937
178646039
879768728
836417445
246794967
861200184
701151758
14714344
944505604
866723115
209646336
597932676
770920646
855849229
727911228
12306
814812560
836839943
895172961
298506811
139147113
520251674
153993933
777024738
624087880
671606104
93298656
358196964
162618798
61179268
8884611
296208951
8914954
650610738
686553339
321725451
242563728
242496879
403279605
247214236
556043
186599639
39205018
42772532
246175124
192734417
637980628
992501427
573005433
154837936
82575858
301466226
673627293
81209309
758540672
33564730
348448015
129649140
35261185
8417375
306603787
774558999
102257356
575740681
832987918
569024038
74750680
150954874
658039395
383424807
697413188
969467509
551874352
154528984
868397926
964841294
699634279
90601440
69907877
26010157
520451671
109337114
180210549
437856055
654589527
4065131
394638238
233473565
121641018
316048085
185943309
765041026
219307053
189632911
764361208
756918091
40813249
729680811
1022889
980965047
937164258
336629184
318622564
474579815
531468
488708213
8889154
411423630
40322716
972588702
284905878
11870415
314945045
239794950
248185348
33958209
680042081
645914102
446972343
236886751
494570990
4196249
542024524
309022326
538611167
112565072
43991580
256572771
650379381
368552602
829903978
733342846
278618302
694125164
78670033
60791815
873426138
871851634
136920348
912063504
136194714
33005460
237272872
423645504
499843152
59121459
913936801
14689338
1047655
968342695
10462121
853362640
937660717
308925880
9915
262491193
538565672
16355445
456721863
16281252
758145942
380051710
538055377
218494159
593775621
172969056
599701122
568452382
10070218
347011521
207273634
702384405
16650112
706202504
118422483
735539824
900730492
1041845
722135886
964100486
367627848
10062590
756886294
532929
839956311
157648
997429804
736582802
861308979
198656807
497296956
35158105
932082159
225291100
555032203
10488330
51246855
507401873
256180457
964846319
382140084
664326345
755823715
433455643
873312213
333443236
196226186
758670207
707418883
639160959
989556422
71775340
419599902
934841515
824751637
35261278
235023054
262128
265465543
683377572
740821338
266482945
580521801
155388833
475963697
10089050
155414659
4194671
787084368
3776587
2493694
392794225
10482237
65541735
953615804
389672635
903408200
700583537
494509453
374681080
916802440
354728910
809896743
713119661
300932732
2616697
260761453
181014645
90682089
980037206
167753522
166105964
10062884
50756366
340682364
8815443
546642954
325052843
399923348
262380273
127183709
187046246
701635097
66721506
654859176
402810502
516410793
230754253
669150313
795204375
35525868
10365631
891923068
332340296
70132247
597577995
154326978
179501161
14814363
501741142
846179315
10388427
464870009
709002742
619116628
347087920
658978443
16380011
508227233
649526
2223320
789001197
281898700
296995912
729823463
311851190
658663276
14806735
343855944
686139589
69886601
972004118
261731477
2203311
16779358
317760825
623184414
516357040
248364701
651114971
162638
289191641
166824585
788916547
146374477
260184755
58757349
639749779
570017603
999445484
2223225
10455943
492547764
571410748
448520485
939548631
951166837
657562073
785700651
16258171
171852767
98973161
277500927
930543443
263358575
16651645
173025348
783360573
484689145
599943398
149800449
537337671
582130554
739111653
191097549
861112735
639868670
142814710
598700858
160817350
855318233
700851318
475284613
162144
890114620
970041643
916235664
767556772
445299187
919959
33958703
995366749
549958
687787319
513130002
538019650
188126053
418044757
198394109
594815191
67381985
567530338
236985311
653480095
214260399
955291857
817094962
869776732
12516758
133222065
12813847
948790392
2522466
725565522
753109851
868354752
138639737
147936565
568472300
412263523
612483843
377610208
623659
769365732
295808175
526030791
66155979
502210799
33982849
107828917
438068761
64213
136299427
754097452
159912387
792750974
907494565
893829552
342526707
552170846
235318125
753683330
617198501
555725
944788464
973992202
460966368
734921573
799912803
229872316
357783239
998558845
248185764
177181709
2198160
825743314
153694578
389600397
682353444
544743824
179476913
33565129
14689730
16650084
712509865
924352741
911746345
65847020
467925237
15078186
82420333
637980922
944378374
599826152
990068402
15207835
562539335
659106544
400649027
706685361
917566816
930917931
673221758
479682781
213561009
142118001
479461155
711612313
143556890
354390057
10070218
213741048
14715898
515608450
267927560
35525770
558958011
78575306
262406540
262072423
165687957
340799703
533902380
647979
510136872
263087299
138255198
932433453
530353068
963756741
947946647
153915151
561071315
437006928
10462147
949582
555656570
152601130
971433440
652444764
115951256
113230173
287667664
649452
935289549
651338661
267959434
577194683
951710325
552486311
810812984
67358899
542728992
374381539
620530411
637954728
954090905
847872478
800405358
86959281
130255973
660496595
493380685
880269671
106454077
898615414
704217688
127447765
617666497
466976435
273770196
1042924
557616519
871377583
252896376
457500135
134357240
559441372
270288221
79740404
471998474
167753524
65785231
3678120
313075697
581638622
145659001
34860783
759134994
635552857
785472495
777432699
64239
560734977
694140347
187368049
875680653
254576657
412050145
252921663
10382244
16287855
258621294
391540199
80422332
583311915
628684912
828561115
601559223
463277787
919933
353135978
244297809
466232827
262553
604541083
176820341
60429423
91971781
286689220
552201478
346844313
853137564
637679414
827031164
678004931
695198498
14560
680902917
162669
732099569
512030561
515594117
987580614
741817203
749309894
250440388
757670437
10089183
132146374
846779317
46933352
364854849
677501665
657242260
209262521
8491158
181068247
381601915
707482140
160740869
832276625
257274961
120601882
511870714
869471136
262655
671014258
651369542
16257011
581744316
8786072
66592391
8018242
996280919
262058976
468709350
589207431
995898869
111692141
839604810
147964681
550330080
56869850
485617828
65142479
868438882
929224305
630951334
507694994
699930280
16775109
35531654
669041367
86102026
63577648
702787186
781398553
600311734
556865674
332097472
605927553
878094227
755782525
958121665
519131827
138029
534810172
524056563
555751
926525
825381007
165792931
40716088
180943702
594440232
760858657
759844009
267934875
850588870
867085469
537018222
254639947
657609993
772195213
205541498
8913877
634686643
982161153
574194556
903273072
156081705
731249835
473648004
769997732
152994270
646498493
142197962
809267886
230593933
566443241
477146119
66623181
716339095
16258099
653907929
153335166
35164799
477078458
522552859
525194
855268969
179394868
6844407
140645833
305275190
690021941
2596674
604940733
205607011
16258558
197862439
937996073
514193713
462982577
82383236
41773286
5024765
179372179
10062592
256345962
145215224
140524474
502629741
602873163
574913751
367852148
135930497
530387972
682404355
423009377
654020497
234999600
602387798
121663166
530863465
7054231
736294628
601871950
975560475
256154267
340913643
775459125
680360965
16511
543673731
679263482
764607854
813505098
905246654
871383621
2204362
16263189
192395224
436254574
875155585
650845298
182261302
395517882
266354091
400327530
723447298
312551420
596561045
16781278
652420098
800542168
1047627
567143974
198858992
376031922
4091323
4194374
815489248
155968073
240430751
166079777
467788947
647765226
71769031
583605396
872047921
108636536
480851405
570414615
941984110
414932772
140135442
835397551
781171680
126452151
417873253
639523188
158021
788894996
134258321
663214965
8397326
8913775
818646130
496424915
154490099
964718231
144340004
668568449
153835074
70111269
15207935
260554647
897543944
517897213
2087
269916146
304382079
467196816
949188816
583643042
685357667
537016677
391507647
268347131
584089948
142518141
657026582
275857228
806286335
349038441
639017085
59218304
893946358
215955851
707412157
268647040
41298065
16361146
325511227
14684816
258172238
849805544
8417347
894429723
8415697
208404289
495543151
711917029
1016806
723323356
414619043
178643491
8913768
8784235
821247873
77881437
769484864
245394014
969213620
8815362
39332718
645339424
59121
878159081
902499975
15076734
469909894
815363623
159395453
208833517
715842297
441172900
683880457
4194692
28383744
768016096
947545720
354609568
398249891
582131595
576540797
372744791
665592916
14783521
943341565
35550441
14246976
578983215
640056948
400952890
351641607
257203943
890733488
777991592
83742126
554026045
842491224
34923799
799545993
468860074
338710530
96691388
167383247
106582550
90775773
957695558
790192879
54039295
965214633
54639260
162352278
939942645
512462270
388298552
971191988
4071335
439531078
657138168
110153786
40341106
762882410
33959737
2129393
458160807
974871960
997195491
329051333
607947246
799514149
775068628
587923627
147621404
861500723
779744258
216658370
651368389
946267419
778045593
575370817
970059268
42183332
570679491
373751887
454257340
413166632
34050950
621191827
108707640
249127956
4097494
212759229
315278836
562471870
943411
814163541
825316153
454611664
35140131
655160183
362170154
402101065
939102166
243884988
294339808
229152157
84004957
399166974
59664873
308932529
27901967
2616771
20024169
149189871
440539838
585167339
825347446
434439408
337861493
423969978
532793183
358082325
832392058
942925691
114098019
577793350
161467194
524662264
390948697
150825676
544853635
438747338
134131986
35531678
605319783
180968641
2099763
486000981
734574301
554959467
34082800
323173221
954391489
35978301
531136199
618759162
354910553
562619265
398304845
207197014
480149559
330259222
629070403
15109102
279097157
180679872
452900294
8490512
479688929
927934221
852437762
153968358
569098995
275477123
662827693
33953979
131335
184409856
35158614
134715048
824450616
58030
562566290
614278088
166942993
3671970
963285712
845872623
157947
823587338
940784472
712079774
123621471
921155707
241610115
560984848
405944362
446168240
95230662
596841029
670854009
14707776
381697523
16750388
113628199
267935162
558148769
856719251
10088758
258739140
624671704
605081179
753560298
795383677
8883052
8415322
637217677
150816668
923696506
970006156
357535964
138419455
10388738
105447554
440984496
865759140
823084746
34057028
3696194
504996476
8392210
906962315
874602887
649424
570414515
16380102
919249045
10089183
211440258
202665094
119259111
899426744
480227538
111490207
3796568
695377541
940602139
203089001
65541633
590325123
35132305
798093035
281742214
176243255
451096167
370000595
9990616
892117696
419240328
317472968
977811039
966618515
475716349
632735317
751336483
349453532
326815679
62789430
788001728
885168606
165973896
262132649
368378053
174749680
103434262
725385741
600371167
991057662
835608434
655877821
230749067
997475366
329944473
337740531
406903041
159291125
147283969
587678057
121548486
474858789
857253729
222292896
970791278
978990707
256549676
8791989
10094965
448491880
476035679
805954641
897345757
2518265
941135576
102096247
262054751
340842426
919744998
644242717
471998482
87313501
776091428
33977167
672015815
542873619
277112035
654039153
10093408
382898000
941639017
949513
203059072
499026849
676388119
131463
805875863
128926914
529308026
531250725
194808107
243748580
899612118
896974390
134330661
904371095
466330419
389636592
644271584
829329678
586952941
748762621
321426854
511851291
356935579
693803037
293347865
463844325
978636326
16289381
907080535
528254152
783679407
181068727
417448036
441854660
543510155
692673799
928628857
463858533
507456057
864220384
863167297
925532088
35133591
558748059
597884293
64835477
394168024
551979053
586311758
532502208
169500923
391695472
452498660
14783521
64240921
59244997
775334913
189431293
244014123
60406354
987924487
237800390
104950040
863702722
261548579
939653313
692370357
79879034
488261212
38723885
734493403
33565103
367211570
160652576
159523432
46488534
568452750
821090499
676574478
950430042
543993934
636623977
746137089
697239790
42781719
249857579
694753160
725649245
356363405
892265552
542194680
8514246
42827448
39851528
1022913
311896030
437835481
790142255
2229083
33953654
999294827
834779488
421869139
347580136
366693207
184122047
862574204
4190140
96200344
944490
684397495
143521043
161459564
364210101
821389609
938133862
322831173
767310523
14715513
983535291
549778866
323019267
657139353
777136740
58643648
48583616
802410487
840292739
694604384
35870848
146617527
417233844
768722318
299799521
161678831
236964768
35557746
9439709
480281196
134644526
224083651
262982962
715273323
169813483
425346429
23448975
215408257
145029351
551042165
703631533
157655
312550593
720430537
460423629
25651108
5555935
829424685
726415335
950789362
75628916
49496933
4097527
639652464
269680554
9990625
875752453
133006
928646595
434746983
207318121
931509267
751071797
951160
691298588
39882349
75944173
35558138
238188642
15207417
99058744
140086378
694793009
41549502
166081714
238410992
468836769
33683185
983653689
677692611
139509467
563653186
567884055
92505779
231788246
173109063
236454
215175397
2596748
777698383
657139596
184111909
887015068
390703326
583710104
39437858
3697853
242350865
183432740
268027518
300076476
14715922
972911316
681028586
324043324
492225298
786428092
778648724
12801628
662782266
545287662
405925322
117200684
236361
935789474
801757716
853628657
609918092
462197575
227730060
436664936
568447741
2122925
390664355
957080753
290298477
234992136
9996827
281076267
207784517
930906464
891029791
538219149
8423425
441536953
854555387
174591945
776717189
348184046
966293127
276725750
661750141
932623086
662847576
166178570
19054169
558537116
16289013
370988907
466771793
919924
282596515
694422025
268831765
14078010
972000792
15076743
287008849
34081283
10463697
570517435
59506
204741189
588486238
171143869
453769959
313462250
244900074
593051424
834397248
450094585
355096806
388112488
523549166
380076485
259284305
986269547
16287356
986965269
167364655
370226459
73674600
246735219
106430595
353097158
15201358
2621024
46014933
2596363
547696755
71776419
10088689
486952953
964816946
647738226
497732883
963279281
709262612
16264342
632765929
41816019
33566683
313077883
44073934
662129107
147471087
67057809
852562193
374153863
704902096
528835938
672315382
9917
2497959
87323348
15101355
383294531
209950738
413027642
680402213
376272207
135825987
124309243
643879562
628270028
185946672
478654607
923217728
2498349
139644016
89910462
8397359
601623783
10456437
783422496
390110568
22756787
531565846
946699707
538487258
112677977
179768596
243494679
655002829
10089048
33583268
971139952
246394034
260480876
890290225
823951145
563249429
326051222
832538930
702225835
95666147
130331928
9972252
838215530
276354693
629155467
400427533
50041442
627933381
567330050
664296461
2098185
9996801
10364205
478135259
10070593
774956248
8398417
94531600
831794708
861314643
579071956
89900322
268057847
65535533
521562044
882684500
933202893
134194565
66484679
996270124
10093781
152589760
925805473
767191734
382884238
368837171
196306277
516310439
633414447
939032591
790900385
415059239
141841762
4188514
928537806
429404775
42307557
764018083
45915636
507130838
982143355
857445034
959549707
268427199
682797559
971134075
579320597
175474415
789952696
33566365
8515408
624637982
676111875
635437226
2130938
233699628
167751654
663117591
14625146
729092839
41049
4786564
444578414
271207145
975820606
472003851
35158129
489803968
826455299
540896760
34050831
14704851
230287
14684823
459204111
989832136
976116791
615679792
543673241
968536058
697353480
704760393
3770110
696228146
487380644
133707411
254902541
552152456
167389388
911959902
179270615
942406965
563734737
104208844
162458231
936113878
682181726
199871601
284225423
579990057
365506019
306240617
632532962
108245393
467619636
229639468
977036883
63738
396954845
643966931
812880641
849948734
399712467
161096523
161491549
63721
884326198
721516698
657456846
100118147
8417347
218460996
878585766
953279682
127467382
677691553
676611543
383587198
35164799
409078452
254581409
4072885
768578671
63366552
16748936
998463431
187262173
608771806
4157604
920316
558043643
