684102616
306981303
538157976
173938157
855193568
139010042
26691347
5085463
56033937
481845671
965222258
721395851
218457709
247306505
284429470
158845828
663630396
70761026
850260542
867898178
182535909
379388775
843390947
188227625
134377452
70130570
589216101
989690737
695425651
269990121
812475508
345719978
682497618
926890290
194010975
312057789
221487668
389072149
910022154
75718778
230174366
399227365
98088297
570702571
292539881
141936476
703382778
137724838
902655594
579336627
219798066
372446073
516281
841841989
434363535
237656272
758127013
630927310
365618539
362695545
274859039
330601736
156618685
579455989
526732523
506069452
991674895
249582303
891952962
778033825
454590411
742533385
16461413
393521462
134344416
717041518
648339445
270698680
417563094
83342127
20220170
721044584
669591448
974603328
511980480
941100466
653125843
346584164
449460739
881587388
442486668
493576388
519711270
195386653
93582733
568035379
77486280
204162882
292285215
614510845
20560984
578082623
512283881
752294810
808237289
111706758
977255311
351992882
473429462
319044931
262317237
210752851
161015341
225000822
922110129
886664092
967827828
792246692
249762369
405637463
745416899
989353290
454618017
362597995
141480107
809613121
681791016
381721265
68627192
993363657
966548594
303798601
681611911
694525025
774869859
394417562
212204144
147381721
698210802
856131959
683534448
630357780
221876146
401941618
550750620
817495923
574054866
192672394
25405911
405064376
328714843
45779664
67269434
842990255
601049987
822712396
329643415
799637546
441088981
764249342
886054925
862883407
433222183
590993363
832134928
863156324
791624299
393486054
77936428
997580702
336389959
369790704
875048342
275574996
806056033
782881323
986012909
523275294
503682439
582820234
526186747
440621955
253539015
471953436
179458925
588624503
746479268
90043015
252741651
220702477
480000130
16245422
688745474
791110129
469856685
143899096
913393492
456416147
327575222
651696310
893561302
32011374
832898438
852905579
357531531
686058933
518158593
68760337
564256498
181514249
694990848
3305461
126648630
511725340
427664058
172513411
110550048
786282872
114613967
459306824
228251920
117097526
879648054
682378841
148357519
362875528
76807658
322769293
685188008
993285449
542556315
330732935
696823233
510106722
257488950
914686512
670564075
516738549
855260283
488758036
275463183
603518632
156202884
687878289
465538124
445074909
62673703
895098351
827093905
95273073
249489679
369828769
26014547
437080782
455077863
595695227
641736901
544744851
20754228
653705412
686564461
737213218
54793068
661127435
148047414
177116284
872388736
635470362
565006126
227098920
290892375
433218323
700369379
4313670
110708762
820470029
262033674
295992273
272354789
857472954
85877382
860629636
658983861
34534141
699205371
898449954
920930178
393701048
918611222
269415035
562673826
535797707
493801231
911836362
598815839
641338762
341570727
839463893
451995744
660958145
673689770
459690767
983368558
197425075
462474062
701921288
120616700
460441484
462822876
889183299
948217678
323392634
377668199
439543857
818295291
635189086
885740195
721131909
189222637
291360810
100962904
65867655
227348195
804148661
64683556
982991053
228916981
479263198
777933144
543214180
776182793
317033505
100724362
126224633
555560451
394776252
152174138
931714935
418482490
510917855
232158836
364815899
693551959
517811226
304511226
417886289
151919849
720484187
491847829
18498864
675682881
486262047
329815868
566157088
41830192
489256589
897373079
195467268
447856813
243394974
174623469
478944934
136194090
423317763
30173543
185812699
305926746
334293561
201132045
963958524
964895119
154415270
185143294
864883769
723115489
223424534
660940615
144032793
108930377
293611044
836778641
899065318
15969835
277722004
779800223
699682900
257055811
33590037
45783381
225614248
23866037
51145250
688890987
306429095
766270568
869771928
879982079
378139967
298715918
313459455
882220253
885267111
486119915
83996636
490644702
864903750
147019992
526886266
173153719
391550114
441487486
163594103
603751958
738880745
613062501
721287502
905981979
241326039
843712884
145463193
905324746
186360046
243248127
884861905
656954195
310893509
617893928
760315506
459169682
573545794
623146764
883196256
140823605
409991792
550067977
557427704
947408152
431260461
849516946
639302559
607118312
135816760
960696120
515760932
222420636
395471422
178151712
235781106
120613207
164692586
563572663
549796958
460433920
215726753
399914714
598265371
656647150
287990258
756250273
682553306
225809529
144648508
87291973
346897251
550183493
364163538
115943889
390274009
684267119
144293780
40094199
631044238
22969039
504514795
792440677
857381557
796070558
230838502
891410014
989786351
845346871
176990538
522622052
757895665
268036808
874075713
980530178
84168577
11682962
324808122
402588300
191981346
339225275
708168637
131460955
318029741
135995332
715312490
730608065
471877559
792132061
658678704
33821621
238556864
113204366
921393662
323962108
966886588
91640181
39487184
95805543
331326786
935196035
166288961
102435786
356796943
826162020
123880578
879369342
359745173
964936747
905430313
25270060
796667012
894779147
220534385
4498040
918592909
110379815
305280615
743939965
467942683
895491725
635981583
907775410
700550929
494433843
661397355
490355232
913478113
437729548
418760496
132647487
255530554
965279762
192016255
887792189
699615926
998569974
353646104
670185036
419131989
690494931
498490405
811662588
346265116
825563519
437426606
734463263
1094266
68560345
841693448
556008437
65981476
779942995
493569882
937179360
791400979
916633622
811022578
339065114
416660083
411104546
981840735
906757843
826140150
692119312
233567008
629789066
355064884
609931938
893093539
108208380
728126353
255595391
658053677
792289691
59916127
84423075
183929313
223660359
58116576
80687278
316227279
633012824
800758717
924543138
91624501
233288322
889375711
59015609
460814940
762200456
895658406
528495477
495771022
514904212
718167442
886196007
931979232
462088589
885519136
655330478
118620938
28572253
921091504
363109459
237341160
183776390
172490945
15116079
220153372
987884952
286943178
114511301
34227212
6091643
622797825
199093111
888883598
969353520
669236976
594602797
982424834
613060690
71614647
4929153
102790564
760914307
7973844
19946841
898098050
626282060
353506720
490179963
916712366
692366816
554272631
557655565
126657307
804750109
433895676
576244270
50784697
897630971
213702652
949483312
731252580
91289273
809392252
930584323
437664889
699140769
938502249
614963937
450961934
277421614
903629077
913813552
897686197
626200068
73827886
435522639
571374904
356821529
654431750
389527983
877700690
290058245
951411417
812435071
392029454
969712848
487930233
359560
48525453
426700226
322281100
195326698
262666301
493769296
575541558
734354254
566044914
194896905
375713777
585142263
998179472
668458925
541430854
985834609
77156325
761612800
479914234
471033558
93614488
472993575
420151333
118858915
720932053
658779403
200753738
487831427
992356959
539345570
266673781
295893273
208119839
1623816
904332462
168651042
190060523
807087143
504733938
18662384
228665327
626158219
806818576
927183637
835644995
32804164
654888367
451750728
455728412
635928332
629157334
212493365
763801587
512712454
745027843
899549845
478354750
892662825
864723730
836125909
73693963
226040790
266697815
483978134
637509265
531834654
756089941
263481475
77553818
525961506
333259794
788523300
518554674
11374177
366120904
679190950
912281261
42808078
951401891
305749093
362904344
554843832
605274124
488493569
549990162
159811944
521209466
209462758
567367746
477754325
995679167
405127802
747525005
521916100
696144800
111780441
794450180
578905334
770935180
914275681
957632689
141887579
755705000
378288947
314264998
758479183
633641945
47441467
679019160
609953017
700610666
738943951
988778116
638006140
128159781
900508639
479377683
913619956
323872126
270617453
644195494
629072085
596038856
489455749
454529191
238428892
478086409
816042588
625624625
432984226
554557448
345072562
992399751
180245446
54216868
743511571
661816369
318421808
456595350
330235942
544136281
711119158
549114022
893578161
921204851
303532273
444980853
290725668
311388565
676898103
219610255
829411824
270411575
849192281
653444908
745718019
625010679
573810332
801053144
291497080
480449094
817644331
412227897
774254944
425789179
99449181
194187446
96307574
902334707
194654144
609198629
396317532
467835229
863663043
572975475
586815078
20259504
482012542
230437899
832858948
616682409
776337605
115784245
281961424
47167574
886770769
791000796
66368776
541571478
939962712
254526098
493123099
307030393
197026538
318623036
367685220
344557986
664865875
929594913
412019254
686800331
957735265
273610349
156309026
232212441
651272668
532168234
822903731
75760194
346872383
428767588
950144025
329542413
449708860
897748776
684767604
585298710
774796915
445741403
546167053
428578664
244497479
716827272
443210922
626833861
887871715
288285679
605075211
389493444
42629104
609393816
40022108
576365737
597067073
347596609
449556893
980232143
746442232
521908307
795018368
925524811
748312381
20735282
683920592
420545810
30083186
798996716
65692974
461175411
805280331
548998000
516333505
686023769
524766989
459326497
334232399
738954914
414703674
101720019
546134997
148648926
519509529
913703556
275080027
374359372
337264611
634697161
781310475
439822941
322277435
938617648
593935970
14821764
517393262
25070657
546754314
900582569
937016097
910485435
255181899
808810732
679116301
530557004
273715433
65556691
730568248
518890137
874122080
631443031
646561429
784237594
242952368
206856123
9272971
577798613
447864921
498342932
31774566
73528349
788395208
493792976
398762536
39142389
540084262
434312662
981971768
533876348
902517504
343725783
319407133
569277237
624440511
482835504
349259927
745386767
648404020
257630200
940705414
574732567
893002853
3875736
720984942
263825584
942165465
427858832
546253091
682894187
862317355
882852088
979616948
899615468
891603572
893948340
836695829
630816303
95575199
581736518
519038525
137498765
764584989
699378535
744592835
857185254
956229813
117906325
393686541
979027572
177369224
311105007
84426587
905683699
722597650
135079473
833639720
48532800
27753650
328813138
142157209
77760749
647696133
876919096
728045745
916198794
477288125
801179105
818132314
278317969
832443948
185048289
28118023
800780746
18596644
300632248
60106580
917813764
962968028
323649282
699304127
688585415
906194760
163008120
814655154
51558736
64247827
492223699
206471311
90183933
983500172
72280905
820598817
228019834
518590979
488313366
310341383
903984755
975867077
475523824
773129765
833019381
388610402
864704392
610129789
832270012
441878469
334671855
762383265
455202408
278572623
808887404
111011278
597181437
816664912
352477750
279763827
373788800
109433209
669880978
548204340
156828500
546782607
985963026
536751047
565217821
222172899
295572941
217577819
730577496
5283090
834807093
590819452
781849752
389439530
152841076
327115626
58176522
579305632
578362335
560715064
778828802
637896691
593235966
16555684
505272396
224975184
972555025
470563513
27484034
697330154
127360157
714797357
404364752
553451515
832446497
431036589
299818459
178052956
707859821
608456294
286782000
177049828
11467799
319998619
706865500
534140821
632454671
16055886
269747451
39061417
13827415
2779667
467209000
250340844
535726876
24777863
671619559
23487859
481830754
998029057
978084362
120588089
71078337
993494606
984699537
331938674
42135347
260053083
673710479
746232632
258066835
536029905
866884281
528316573
727339844
707075520
512080078
951750571
87792084
258725847
743579589
131561256
805231694
492094911
264888296
279547710
423018247
809880688
677149925
33178878
987879772
637375791
411418089
539672203
493956545
951108801
952451108
497500278
288898961
461035375
632152560
388585056
77071472
251751334
726253808
519483567
455635637
511628726
990713833
917712054
558458249
918860241
754567069
225870982
476907666
783661035
472141661
655653096
263176395
237698257
360662092
838648378
823097371
760201957
296801730
89419845
825433686
916176241
755536650
951742992
885125483
813352563
30142380
367626541
624192495
215428493
766010471
775779791
203869901
812617480
939345607
28503644
955529938
27562827
98381787
927524418
75295151
420837939
416700084
340240644
135570613
750906750
100249918
389318629
482065683
287703327
38224552
547109107
785723574
498444773
118590732
756807904
486581689
371415132
234779917
202756552
435744650
379343443
218005795
390452269
485734372
615975087
131103175
73659270
919294178
151794810
881060568
920902031
275214446
325129616
567721681
442049163
822697786
644792244
900412872
709291063
341330417
105511074
641337325
807706013
219426871
860002977
490675630
504112523
686027907
479709859
133227711
924650965
287725862
147724898
140524776
278145265
487668277
724129495
179682827
806128473
484989284
32183619
328651145
824057147
771253752
360728013
116330096
55608684
652789157
927918906
907349828
756886990
66735027
40019387
625785914
407616901
280879814
575596363
16902791
782626610
304478671
540699085
525811824
904403566
728934237
566512041
244795289
281086045
855968367
741948567
811062273
551971018
938456071
52512716
645198708
845235650
450814322
164050768
298365160
316332421
993774815
910553144
344976851
878519619
459096549
978706375
882280934
410642152
849192126
683343313
555791886
366154315
168806831
805005868
301975744
566724052
508363748
147326657
614125040
408927212
259497081
57369028
252949034
191330594
782304752
814230845
127634795
884493551
543412270
491063927
364794638
720705338
393898746
790576058
920039077
718001749
985227833
166681250
454287964
875798631
314484040
877000308
444300292
471301481
370946135
39477519
718443869
889067084
231493738
690782418
973887448
214807230
521706182
720043339
89089800
875683350
359523778
38567714
140002678
40512964
830597846
123376975
718821021
512314187
435107030
346435133
296465788
266291082
388832561
589475041
350718694
795041029
484470582
331304155
403732759
332889211
790325040
770881818
214158952
590667998
360471828
170666490
722838735
785807713
839820525
867077293
906052660
144357538
639457203
553640169
860169237
959960957
218152498
783469667
49474187
778195663
771814945
659284384
521361742
242703741
757451184
428229590
813901494
505039384
170268411
177772153
539045906
100737905
797330185
76116275
149372794
997564510
816831834
460562882
60225197
536752376
956218243
855786934
710577466
411218197
115915329
688452298
458239184
243491019
136363123
279713348
615219148
364902551
424991409
662456208
609499458
938903086
254870129
580679419
217809992
960921892
783262463
597993489
948942850
89902975
497513131
243881629
343351093
797322210
689377052
78473628
858565279
994792123
134796857
400648074
181931054
861133793
781264745
461939120
835375245
368942666
141661108
763885192
915073385
199027560
492989435
222752248
146103015
811214650
27657315
756828268
784875163
122914206
649238594
887498935
775844508
973822016
439868565
545748222
907337875
626628384
673286086
633442843
410618062
267778738
388834558
386459990
623179421
489571465
503886977
457862086
520282618
49376320
768145213
562716839
737963049
733237659
255364776
234833180
797046468
41950088
352715883
9550619
101561312
730171041
553100359
174506087
270133265
651973700
626240398
597638747
367290529
123754052
236101776
696717557
858819331
285461157
741100649
47149306
733025164
658336891
802730489
400917098
71181723
588755247
357574904
651456194
486806327
164188775
71307356
866172391
709405068
919973522
467611883
74687357
821235241
417324697
950187536
438303765
166542204
505143151
904454997
367197862
665709496
808399272
737034739
875229480
14122973
32724172
824400263
471320823
187991964
247676379
27099747
435352637
223467397
378778845
590844311
156164770
436824124
430115438
729774628
889879444
789105082
403901132
467412961
360871492
429183511
654026352
681190674
111744718
660473031
859874322
629216390
264659144
232197136
666846458
736892378
431043956
624017736
75382547
325802341
472252051
25435643
173933691
875547881
976509910
91949723
370619629
296743799
798358832
543212321
418400104
801917826
181258870
999364113
829649395
719506880
801069344
469406635
444737019
139976766
849091630
152775970
870236887
461230739
841654853
478810233
461861065
500263822
712588022
140261952
790381082
559004784
996405085
920138552
812032164
72290395
182750670
442858604
52354732
974433787
111219605
249211281
607828513
362895206
238733856
197804617
935468582
937573541
584282998
848105929
575366552
827205967
805826321
434324071
722661889
222410491
610196552
954121554
702405860
166865942
89075942
645915409
214041918
498794757
571031788
482676122
671186959
868089495
241334951
866505518
141557788
707714789
748233196
476202212
315818780
269976075
256107009
107979941
85360147
141045175
356553533
937428847
70862063
106841946
120189510
792284329
417588172
47503603
557247485
738629493
664285466
440025084
332735526
520681859
937888039
135745302
416126013
326582729
752079593
839882928
239069877
411450642
705272832
652154791
983774354
991561011
74864358
944181390
171853079
162571045
210774351
414050640
219914715
996228200
256611169
467806025
46636136
195313656
345935764
474420099
134824198
365888357
48530354
476002965
212492053
109764079
876005942
207621174
713853606
574562722
522607749
393556594
189777218
217758456
3141523
956229345
563665591
331245095
945773681
562224839
214307881
255174307
620773040
715873481
474253930
332368374
817645372
809346093
727953930
15557480
580290360
791981168
16128947
704730921
847224551
553752554
763876006
701195758
194183392
363429347
36089948
168194566
209426956
760888706
914382722
436477381
410459239
629917145
50601053
656745525
880860707
499316026
296999661
247171496
886507781
417691193
905003681
279931627
40365534
69486571
794764807
608898790
75424840
622865508
725674641
558212611
381547881
470092603
948099172
822740578
522752505
405515936
683007842
116004910
881846451
389189284
332416570
716312463
974131426
823687530
62441959
64374829
410622770
489048987
430381371
91548025
737346869
763004860
101659211
954100563
962637190
921859382
95178387
50802169
290213885
267082709
216879307
677479766
571385714
233817590
39415822
9135907
299882731
284809950
825441643
318293694
46225707
649285520
968781374
541090448
237851380
898817527
119578288
911043739
331382435
499391141
34752435
179730165
177686215
745586322
330070268
473010518
997880911
164338330
268958367
734770422
925901516
868631077
696752230
183573017
12283585
270179787
991607835
969641452
11560290
41840632
242054833
43650570
322175826
218639366
560158912
920370465
964729629
496295357
159007770
476126186
411206873
168307060
606809402
633257301
968106262
992907822
82116445
475849312
207807699
783825872
924693379
979889629
494458330
159794413
910462314
7764322
142606108
416071604
372610686
501750449
183636711
12694032
462163430
479481382
605588232
443436268
990946474
600615184
43046385
376115612
559023798
200927466
135938341
249582748
296387404
690962315
390680536
510291028
910389589
534842235
300528343
86956921
209138730
622589109
44648418
703281856
221563967
400343510
672003952
327072402
129799070
988201568
491766643
225345934
81635254
307271807
426392212
570451743
367031566
359214339
277429696
55865658
661593305
631179855
411907328
927303154
986233732
120147457
157648793
920040917
25639483
842281827
177524233
458749735
134743001
167513232
382978282
87736880
809770590
27053958
683587436
572576066
353810717
138739541
946106856
116042743
826354357
31398140
888555479
613310949
179723889
363284142
453821352
618885349
942182904
927967815
598472092
849250400
491587416
812358919
217177721
689940939
848749827
49235698
31712265
781493136
174233553
244830768
290428566
145189542
773719386
12871136
585681319
897387386
552736891
460551705
439081919
439215870
206103483
724066024
184975846
185229558
181530834
309840179
564991184
982081291
604964192
33762259
692989574
33997031
184716922
824901919
622662140
997433346
225006363
988854941
564874465
462460627
538858759
232320001
714546078
653450937
609122477
84168235
424301929
118528799
43830917
128710480
388411297
991758935
353536130
236926811
24593526
436226907
692422333
348315383
52543371
766732475
808147530
3119773
596759650
651237875
942932384
88689551
153389486
821439231
215800166
329920636
23242453
884364063
375070621
915691913
656274617
65282845
757110166
587372055
613863995
523453761
96911114
96107461
81103479
600832962
850778862
655322412
516097588
263088978
21770192
770757245
836592920
997127931
75940840
727302451
975016945
128660565
644083620
933599742
878172316
942782425
418896794
922692576
128439163
681467746
838197715
831506335
475526512
724962248
420247645
402352925
829544276
306891145
690066559
762554043
452646392
995931511
58673682
683301714
882426473
202341885
681492338
530247496
651582779
541838456
719811741
162506856
995510727
257625005
159440824
864478473
342834743
363799828
698208553
12572120
105810326
4629447
233593771
955436146
631746388
463165803
432008622
645046105
627251309
891978935
244254622
177155851
803446343
684131180
345441807
807331820
547615041
712689122
423027414
976590755
257076006
722528734
201432953
969028445
535036064
191996437
966449199
740923627
776986918
720493776
213189505
104194281
157179842
880300645
201140598
720536572
459480585
366114579
59545587
212176896
140715243
787756587
723561229
946032620
763368288
823743757
650608383
31188563
748651142
198489785
140667817
58282442
552344567
440138377
232992987
179956775
312613286
285790461
493826772
400744888
291425848
441538804
231766348
9895193
917215297
565322622
63160959
640603791
612396019
540821888
507319487
859837188
506076889
863747270
256335000
354229738
562815531
361301584
256297293
238728660
529641165
994486600
628178345
179367534
756994430
335738461
647366549
894540807
614347116
125054689
127790212
794289664
643758099
608312369
86040144
883898332
567988444
712207993
475156292
201653645
297069564
793222275
671609505
360541683
155895108
907101884
297372926
283583771
378764987
59534406
57278419
282788380
992508811
653251570
337820704
51367562
710318358
211857264
578816753
918184422
629210474
130145696
50302350
533789595
749427847
597633855
910620638
615491592
83977960
968678959
706872448
920838086
206587247
877710507
580898340
736260559
734473525
981307734
19364177
171168667
397743971
480997190
294007147
335546281
599255908
19258545
981910585
616179066
6967492
578093783
104751877
811010708
827318045
337042997
97385630
381016124
685701367
322382162
571378329
718384814
274640317
659358153
534710666
642832163
19130978
45853088
965626820
285298472
461183147
10061368
880763876
71327668
371555295
294286887
164651837
552808379
808873725
520041335
606271287
726114115
152080997
152727370
765122316
740727080
75449640
959324736
206422252
595486220
994306687
76039745
704642008
217959710
337612634
923484780
232927570
917955277
344537484
69517717
88594361
479886503
11609734
132021559
597627015
69570703
473789543
393763298
899294249
627894234
940438480
940549037
525073112
855400848
149755848
730643527
175730734
142679367
193700208
184182585
929577868
258733704
404987371
362520548
258110196
947169824
962612010
619872644
207588034
697037596
41290475
93930998
521010648
960019449
485050681
310972009
455170087
108672803
839730789
179421864
120450518
769946296
147337831
694941163
751318266
590290658
445027700
186474630
726585077
44806942
988093557
5182828
28844235
88009178
4023473
585032537
731776549
76950904
868722473
370048122
511700431
616996164
186947141
194219473
67641870
32018949
447869840
159527803
80671156
524536404
849146551
670593758
138823453
263960622
735159847
923332843
79968549
443950458
790636792
478202051
915577285
320128949
370003014
975163550
804114851
775874135
409596163
990218939
203917805
281225951
892771058
608114657
718500226
997133666
616344956
651100248
11421844
209086628
277953169
187477495
347369966
872498881
654815859
715154684
696280132
882837343
503848094
984962531
744446066
80362663
319871443
131513610
840854072
217480565
378579824
601387661
69657750
768740754
335351281
233651280
839912295
688506719
553040523
553897645
699085021
973429171
808198701
846810623
852957894
853605741
147545286
115160293
223439932
723419691
401552352
277035633
632538173
384683672
933753278
27475574
147255819
954086182
70593537
370523045
526983828
245751668
63805262
222588906
900869528
844750055
743331966
703468180
527046948
442468582
471048308
212999694
26023977
850176030
252836620
771637723
718172764
796053505
270150978
591129650
333646255
163860483
134057213
908496516
231136935
489895350
366043879
588382549
882765167
684418974
870050829
277986320
895766437
837484609
128459304
921895896
870282795
529344992
447398176
3274616
339106696
322327458
244396543
731865407
93970018
313151593
76188804
184130228
182685103
389957363
578408781
537648725
949170400
121413958
44163846
883509245
107281688
542333692
542133824
312149208
492515492
841399926
273669212
766819258
80689797
616717597
987575351
131116694
982491512
985521023
748487307
373454383
113353204
114282816
329990954
299627497
456915897
115853190
671329063
632567726
602961667
74979069
181871379
681136600
624633302
434677976
976296099
20016312
436493258
232851469
917801626
232318991
243759905
116437764
174875870
403744855
797194925
232999262
510978726
237057467
53670010
602185614
138295508
650041032
44972282
482254634
168406940
692498721
522307348
719754021
293788034
946041828
495878517
118454164
520434287
467016094
978731191
904920307
644445611
537001123
967396838
677172693
413318042
951388150
546187427
899947285
760310025
903541390
946183798
858076179
790915451
419041625
756823664
833581506
531164545
22223220
337646623
137538596
102924591
510805329
480711774
490880456
309915760
843595784
410810749
676208037
616357467
603606627
214809040
60175090
112124151
312968457
662058202
398488693
861878232
688107224
383224805
248327486
372910096
749350759
25726368
327898114
729397597
123255622
702307838
367320408
822120303
970813741
617071205
648063437
922388390
585956913
155752565
967599024
402266038
386556402
8524065
627942381
607189184
554066013
360834300
138420611
884954547
229586827
727568164
325192678
223910516
943243888
908836964
351659017
135917380
512456010
920173528
256988206
73450309
543380849
370519862
890805030
382017756
738227380
642442781
80960634
917115641
803590406
465457756
783332637
516278008
649588649
54080955
854610652
460882344
57084657
968365615
219364055
631718311
557274288
611898966
149723152
590287201
94434366
142168869
436290350
163850162
432769751
733800591
776063643
981537113
182119968
124712908
944976614
737945683
285568743
949531362
208966689
969028636
351072475
524898140
368756155
970563614
683380493
184959122
583169121
75720146
449173520
857688455
20457086
312536910
972128116
355314727
318693345
824759822
803490239
712273076
40492688
218277862
905033668
183555242
650114637
442693849
173388738
621507388
171065236
381043181
655596151
52324441
687925373
84782333
705180642
579165886
268406282
69176810
706825611
384626171
572735338
674961449
498402435
623134126
860846713
253598431
743240341
840337328
600570615
760893185
999879911
72109676
884451056
588699597
259731217
264760291
626822375
983975749
842866752
715107991
370629671
55032015
999908353
912423166
37302891
798094594
562780316
226524658
461823565
77458221
826222438
141260802
714294314
147073291
384972608
352501941
192103018
746374681
364719520
190182488
910815481
420476130
524598501
674478937
67622865
790527694
252975077
486228127
429312272
849852385
621391556
149360688
470812627
658102221
930503663
332375287
711342553
824406888
209541129
554241974
61201370
180510485
742883099
848123673
837798474
446695095
348849383
209085833
644357260
345830736
777853256
881180637
380022169
827507483
661751776
276334223
674652722
919679312
470971740
741581816
524640655
722726546
236504374
788122442
135254736
133967729
747805535
834755788
407947698
367098009
627562464
766166894
55362610
890789098
838992555
30606282
724167918
973670927
825431424
526159474
615001404
259109482
549420907
243397985
959630026
979186718
205702076
913453239
300436883
609222892
275621423
245439957
35379590
866681506
409047344
900195563
617603482
352184221
92775856
778241950
441126547
265761419
337745489
898528442
75701518
125169904
764583021
996073400
996455786
22536497
121351839
971245684
397897793
468748210
113144041
137178891
184679918
83045901
503694264
714459096
776239835
447235335
873227176
821334447
710132245
871981171
343260304
968197612
538198926
500599641
37822970
386712408
111872677
237081821
921402559
161786504
213433926
298244713
280251926
659894600
103077501
582140298
202117357
808456677
920579890
325025454
592074416
269383028
766834581
164373669
448139374
183868565
784505203
370795075
608247301
44964464
979446212
557299454
238424449
384348413
429139051
892856021
392143038
332677963
994413386
739824332
85770961
469145680
726508890
12650978
180854959
792270825
510587649
332112515
482509516
92724575
548100672
787079679
812221925
313195799
695885228
514910
203627388
621925888
421979922
234270895
243625427
396587091
715554369
528022535
989759001
297126170
639400482
717462094
672234146
870114491
154658408
59851618
291936199
212404415
456417913
613097843
310139583
188287095
118571421
190550623
688664992
976843576
811914654
777282445
37192484
928023370
272228447
170349280
634729494
985633664
20078864
249450983
465579356
660593635
880223887
409269605
269748112
368289887
502901698
93126923
67709024
101016709
11115858
778982973
861919560
810870793
393197025
147041923
163910250
729797509
67879510
400196628
415263967
215208612
138634912
107712583
389417935
825661510
758456688
178439487
248015827
980045085
989627972
869537144
983676586
716731599
40363102
426918027
31174155
330937899
296293308
830308772
845488671
841485747
880862805
885671931
927934205
938959824
140458252
570720658
968861837
442563466
140356482
800183498
627823077
922580279
424226472
811175882
761077398
958278789
994997834
651806019
615593261
795759541
818703402
104708443
71542686
91502863
647336439
6421140
967697798
347096627
777117323
177868707
743418401
933949551
800108380
35297159
76719511
989729118
68677785
699726777
100696932
829792179
903945335
42679952
565349569
159881713
274614386
841608865
88727461
440643084
34377423
263934892
243647346
930648020
816990842
313131036
646352839
713303499
745656548
874241274
368670594
240364406
485818953
517077722
874757874
386426151
934965837
712125474
364091039
117757310
792701258
418163834
71580329
187351199
455086925
974843947
847806273
149639428
224076388
595641051
706403524
824955867
151930686
295912500
350901208
989688325
24366829
353742817
639666676
870449270
67382136
243216792
825561353
418375163
678663679
533902173
655801418
495999220
131953548
493536350
712361587
838132608
996138829
651643214
676093058
118449772
603080409
52096455
509968273
818724653
915710867
258689382
745615088
971570169
367090156
861980605
630805396
94703245
490894994
210486315
480782385
780856389
717191984
292800524
934035911
967814696
773729124
911976929
626987131
746383412
700046277
583198896
338814362
885664088
125027578
216677354
435847942
463093555
145454160
273986981
329553895
677447185
758911466
537487616
942995319
439948252
153059282
760536559
832054217
855378597
284873703
107649603
462500458
480845750
514953148
400059429
924632680
144526538
727689002
799722198
813335500
899618293
79557680
145523606
401919298
582611649
895451367
882914016
871747826
740839054
823912713
826978672
52003073
913198957
501868745
858999136
625304524
764497589
788343900
547752076
639584444
884066407
390258696
953631794
661610214
119630164
883403814
37590905
569120519
430463940
479401517
284751367
800932331
338761923
313933698
313481643
586230248
806640307
193230742
318838817
229033409
262916158
928637127
492966020
220137716
590528186
575629678
222760337
280111182
830686511
404731805
117043733
814985960
606169511
537781199
486134795
675981131
579072618
715077256
894405044
294233818
208394108
184880666
891473574
938136770
605259113
768109933
703759561
718864532
323907408
175232569
696044051
779465904
518315506
960763625
290890293
792057389
618910729
798826222
974622403
841581887
917244949
715539052
90767580
915835861
668343764
895069796
827592849
668593785
750255565
994801047
766634522
404204
822118473
718419373
424191000
476139427
325561491
989555816
496765609
577760030
256241340
90954789
403680842
24210845
195977704
286944539
560233257
92232880
255894238
762119385
464331318
363720457
81028974
680214953
205114280
715429947
756226178
53305888
208801139
150311598
672598850
242714711
527978048
612155977
589350047
665342978
530896059
932548000
883250426
987738254
562304076
333991844
857727654
80832660
622255703
795256954
594868907
187452538
906533390
523869805
865945651
277744196
26268938
215927876
990164199
736823081
448305617
224922441
900887245
71169914
769663669
979624351
810935407
78113598
770627909
162831027
743738140
990746146
629181763
287381460
164330184
420777251
475388900
612499971
40337406
281584034
921065334
365125816
815414395
400615889
570311188
82162638
411067296
947187469
976693124
666076443
255425856
634929530
683898257
656922006
49726189
699287520
436151090
340118157
376564628
16149988
879049523
124142739
854494281
215269251
131306464
171014398
241372054
816608470
876340894
139931769
670127271
916156909
277353768
919041960
543550192
780748274
389689632
526058837
615954198
347192703
740872531
36412245
853894870
646006247
246483167
477114081
690960920
986974413
492552425
876832268
522655399
660484092
491020563
620271251
18192541
772249085
174912036
678874220
354153904
326923723
777054440
803674673
671783367
45544033
299010576
415747434
582976509
575993846
813883639
27618071
349262642
849809516
383624619
488374943
633380429
82003407
297499510
965304198
283166967
462087570
293373357
944115061
420838329
783840951
158797840
420659048
886513283
535380961
990824137
698430297
752704864
772725080
425112952
882881445
575916626
907702634
754289482
51335118
744795642
425148181
501930160
126291754
750256425
647294218
722900099
523054824
547009457
410158155
537114949
202022324
402656304
518746345
753107677
894779142
13298604
77056906
674671083
882282164
20949964
544209688
392097352
52942309
299785013
60363523
540863634
511837047
545407756
527945115
688787106
580033616
192948578
834632777
859536041
688787433
788849230
150648732
921358975
427402424
8190482
229583984
371691016
768493965
22621569
685445551
29762250
949664499
60491223
572149435
19606858
727135688
830930314
152685512
543917688
748042604
393038557
155831268
431356906
399323146
446295353
730016801
349712560
303553159
533033519
787599767
25212210
847232016
560953425
237210549
713243205
343516882
389296923
491651101
720528923
367351706
807822780
351421693
291745484
764735627
356414994
128343444
123491029
305332889
737609895
542077416
964132016
93016545
515276749
757090585
529662421
486636481
302055768
785710362
937755324
65780013
952169546
105081527
411614398
528178640
98319250
469261477
123281334
669788954
131066497
106461789
656665310
765709655
941895625
815611735
836784348
108347834
109551639
484054158
531673742
97158653
182365232
309247591
922221993
424270771
194527054
494568025
754160911
336957053
910498399
285897481
553245297
785387111
422610234
54570369
451234106
162909067
410104296
588162252
555574031
717678201
289357835
614660446
479333370
929066309
407058739
924441618
996379309
836157338
764570068
217354565
796445142
150145031
664746273
796519252
505150764
986386772
130231687
114479246
628087778
987471929
402458328
662814166
295032034
706566746
721408924
449417524
289885806
355619220
593280767
354141299
509979961
238328512
305358373
872345187
608469859
258465403
265784778
634939805
335230822
989701046
477248286
19201309
558758698
177713843
740612202
312426315
591215994
375362502
89204419
278213439
66875633
345121633
604638528
908500610
415074894
256340050
280067696
698547336
642066746
211438318
832944533
73413571
702658740
537444712
707466956
683043428
485694653
45690681
424082579
948031817
241226268
917164223
658363545
52825831
511026654
564315856
272172871
488394682
436424963
137641909
995840574
226160639
791819915
54347207
659451659
673124490
779238575
407438889
719428263
582089830
413775507
630671779
161366295
412203157
961040596
235117533
150619212
361200280
719311906
731305750
549024563
236374982
164424111
645011271
927176692
476512918
728716602
89068325
273301740
647694843
156196544
827521386
945061421
958992261
386642947
195341196
676041940
19975552
425044510
619476628
544957759
951047538
496632477
614010639
415868400
224092731
794883866
795482601
809113150
274820392
309662267
31278573
925411690
832394027
502511559
981850890
323236944
245403199
474566542
201849483
16687495
322318592
416755647
299189
811206766
110487417
316118346
443217287
459569785
549289206
501393247
612137886
610955715
460434217
319615194
328712584
50096658
501916313
906206219
956701633
76041408
589328934
530863328
568943926
163078610
775050946
429836954
787983228
595119051
232790543
184862982
227897558
194873893
321405107
36698739
962903064
696787057
138076269
90439901
47867605
526146578
463798058
255666016
531645941
352489226
34310566
446921030
327063826
896317919
480988894
113208834
316508394
581238180
828623067
899629228
92827130
32827904
340872159
83997751
45283028
914167866
470833973
28750155
477146598
530957672
939326799
505825910
253077442
152974281
662863927
437673011
792296309
686850355
678148984
411955342
1759594
46065603
496246304
843744369
494344127
210133949
901592069
255093161
80272713
823434946
309472953
217620610
989330656
296238704
692034039
191554950
106206228
236386392
359988357
575363743
776826211
615187785
635918770
344454153
64816694
535388584
718971590
876511313
119502826
649345427
218615554
274189087
170437356
52498096
173882171
653494464
607888654
443695130
736110667
270072672
614993303
623247739
684843122
700177867
629664697
555421836
483550659
167248645
677894475
762122611
76688081
367506709
684497807
643539798
214832604
16241124
611386862
680264398
421280262
149926472
699183707
971767121
479206399
970453281
802972732
60711936
295397863
743033617
812721324
182672008
639374820
352186730
792820868
549340781
255070830
288630344
547859605
739000116
509764954
644529832
266236612
429707491
934343916
998736470
708945363
40870872
625235787
451053201
543797999
165135683
864345385
884042100
690358482
590658070
105804176
993243933
509515436
946861118
334532954
111121809
543656632
39621336
467628010
670948917
736940648
692458890
885352609
856458222
938324014
794860342
403076554
556623115
80935291
283303163
603144269
602989232
818400426
638733719
265257911
546461579
14189822
515714633
391711042
90352234
408918177
385213045
580209268
460827498
562770726
937309892
95012817
690838375
889758398
633897748
880684174
848871277
225513962
256643461
520535463
850004229
693038144
66586280
57237910
723352912
745091207
266531617
3453182
859345916
182248655
350813825
649398934
730310404
487392825
152415382
572906179
737901694
606264650
349443199
530543080
173341070
973469864
220315146
114028947
332369956
427783753
769838546
267687686
265641408
754068644
951303443
664770033
154078407
28249733
374910753
932135795
112064152
21043987
979427981
475640008
496149612
21014469
810585981
494200776
601635165
692496944
525092933
422002791
661094275
974226699
909260088
867596421
290809227
483619366
535485087
13308695
381944135
902323740
486575587
67556714
134560893
334492525
433554186
375214207
610014700
720740623
118377732
229677380
65847814
185790908
228197609
165701956
219988929
158445587
557824912
722088603
330626597
982659425
193749841
489169106
184134600
65806432
364777217
516953453
43089751
969086424
720346883
184132493
877881944
419208727
95646942
256294637
493442074
439837106
820938177
299875645
259904355
939971319
278523585
725329502
739373886
500925631
475036238
881179016
993816125
189804692
418625160
121350348
824468725
335187883
537893095
687799893
759212216
82432509
422870595
409712826
21507781
264402142
662662075
128152387
177118274
932818674
671735833
882592521
108043702
168720735
805639382
565850448
675132205
829132888
837892075
660781805
967287756
835508886
113102230
904238827
562828823
810570462
961871469
353697709
434576621
71505782
938819625
985904817
165570835
152887661
803330916
751699244
484824823
109116392
632018162
640420593
631895875
907351482
107466875
224353898
34513001
630154430
233520651
507219821
168029412
882844851
872121668
972196715
32712313
546411362
300261021
520441469
652960763
150671633
969794114
984379922
138180740
805077119
990651473
866024275
952895708
35241101
890146101
156413812
496859424
388568084
480699388
544013433
3619903
311970683
453729037
399070707
152064213
93838502
405145075
601603663
726922261
151737195
345002049
897496536
85857127
686142003
265783624
121255003
817471481
190972735
897361991
504752644
618788040
836511270
401929060
116213474
725605358
487386076
129308183
241116161
108474679
702693474
785810156
813728826
814401995
836241692
965624770
725719956
918822996
32913875
455164682
939842491
472531061
804828136
442093624
137596606
669670090
664650092
308336735
412014643
153403642
837854955
117129706
909738224
127714101
745447599
907691351
977249838
869748207
829378879
702013875
557864609
932327004
763485106
937995124
794916702
112319754
156648941
21005938
98689510
580823720
984166190
645515149
819705666
219331734
336404841
631761556
596338748
77310841
537235612
896990147
614429009
531232857
342891446
493571730
485731208
190845563
850216104
301543011
782061240
306797502
276343069
93159065
778383327
357996536
149828064
714002700
979116571
489230582
910121146
851283316
697170183
337370677
543949158
680978616
259767696
407679734
13737401
736601999
601055527
602996806
192280696
403141530
913155576
68825077
364223562
5560738
376095519
660593001
289127627
181366189
9888646
649831409
696643574
241372563
243371762
942078374
99600248
764150791
293893479
558783254
330004524
623981397
442206296
584951109
49079568
577882879
772291428
578224309
312977540
581110802
518262985
494477840
355356714
67388615
299892044
451827990
184157398
633168920
888257925
700483523
193761874
49492652
490696682
717940489
869239629
632969099
246260705
767812872
578570367
374035485
947166892
527147877
745853880
34223771
931806070
505551468
487055829
947225080
722335679
755589107
111315254
940592562
156691731
326490603
680481878
798384457
957332161
392710728
624648929
267026365
175422045
114648021
344686726
537089661
101893765
639678721
876189363
403382026
672055801
49736261
511649868
611554200
291952669
449719253
162620572
5073105
254325420
620269495
920981172
44361608
537159165
576378398
992762294
640960512
236434951
229089032
744860093
692894542
825781743
24510855
860338749
739083499
496525215
762659989
114904376
247477616
642523063
873901404
413148791
327210153
537169174
497151401
497266754
447241161
275249127
498099249
507441282
113180356
138543449
839097305
52944860
40588410
449893924
871767721
368271979
897672282
695001964
677012313
56809618
185468213
807896717
339243861
79026452
926073080
676170600
587563814
249948959
399132589
314815902
688947835
296156444
380740937
609248047
311344047
310685509
947040053
104848247
879611724
918876927
217690132
202814286
514051584
998634044
463955581
319290880
831896445
281492855
265105171
984170750
936409740
976166403
312850648
886222886
841930368
976287528
114018254
688429568
351374179
330231278
679106677
379478271
857754563
370706608
598090350
953956444
401009539
151038093
581585136
650459566
882983979
79210077
890466328
679820249
295662844
967688329
471059487
990600193
569574182
630307630
708645267
585971223
580730206
609715931
687636044
88206065
702342130
112223001
698243075
675601109
908587064
450219823
671730743
304694084
972193425
196988992
46375924
138306367
677538806
282661151
869725583
98939126
869340019
468198324
744750297
286080791
484192247
833450647
57550239
218292344
576098960
898358016
132925467
752762829
624536616
619693173
882335759
505933366
12736767
492912266
26616699
851368188
903996608
873106383
226658578
272766391
27223092
590221323
920328058
732693526
977620556
265485639
513174204
990144522
903350852
591751087
281138748
843403528
662097613
88809162
261075911
834330139
79578898
953921284
876043490
493344828
499749685
205698263
542234440
141515836
145689597
221497280
214381399
966315902
264488631
233166744
141317634
496334675
989520748
183535400
261094706
633899472
793282263
931537035
56422850
745472431
925293596
790515892
118000803
284482198
324352154
967595144
890559259
84395614
557696614
944367086
814178806
475660356
61242745
82723041
873586195
504970295
143482354
68354461
981058171
131310240
857256094
307609923
153742324
840101288
640562201
316565785
140295874
113579579
493258359
503468146
342550019
839361772
704372993
225535738
517643392
138552348
520721894
366365116
239982411
770959404
288284307
835850117
438111306
93209035
469912407
909685515
621346013
734233376
709282684
304896901
975641592
765459017
850314909
955890336
370365443
616041300
34983160
138108320
926512054
835250671
958217344
886823865
81919252
817293418
827174574
578507219
187338780
867629190
338322238
19839091
736383534
267477021
927169774
165734383
436827651
997920940
584906674
181585110
954052189
207041447
103095583
990552243
712301421
989396128
152841051
363773107
911724835
793382247
173797959
171511217
83938958
560896608
850600977
284279528
572142971
83963522
867030103
740249481
528417586
316042839
860610781
395607836
228948197
400145949
548644640
511866574
607312703
822188282
856434865
561054264
203917084
786838696
417023102
794450101
620268356
346368637
609161808
771284497
670418657
995979497
261683982
331252152
693255520
451506370
193986473
95339380
761479299
274869364
94985932
207021549
14748433
164686346
275958970
430506959
448034550
632493143
814658140
238137539
626825940
416218798
312630337
777355779
620577252
36884229
499225414
234136219
191189060
957200702
547714670
799399089
300140583
231688303
233370144
912265908
850201259
174659347
817850124
420734568
990433068
797685673
388551149
129799976
588027157
653786091
766204623
100539847
819923885
124885854
475869220
502523347
958054404
342110980
723879444
975896857
129667322
138294392
204814049
444134096
533045604
968564046
164734354
598034921
176309216
81811016
42728187
649255903
957919036
645423793
358682626
372759280
747033510
553572978
73723973
963039611
384124990
581434655
860465393
340384502
52770140
514229051
314920818
571785224
288096821
762657908
56029619
687158044
617533449
578302162
812995145
612369138
736375616
106564918
650732467
2756878
409463550
713716807
487835898
325549851
15685924
526298328
517821053
517427462
34044139
720824366
72680018
360841757
906186660
409194102
987585401
677474091
278062475
971742992
487933961
572098654
239789930
722646093
563786967
508297669
873635194
250010713
594649705
306937569
993883132
238038312
620420501
604683551
829698369
314325273
676611188
931876276
318803361
790828339
934847793
114807016
372982980
759596900
742084618
770568634
562403366
544363941
770321619
361376739
74379666
454787933
725613019
525324182
483380145
290271548
973726388
644200908
534923957
351525976
220251328
527747569
128893695
833950800
114300587
584547508
971056655
905322393
447964472
592519767
413428632
817396822
654333788
592381357
176647274
463868450
628678840
60711691
135070402
622737273
68717605
791439132
220526268
24886568
14312537
383909341
57651233
729842892
935961602
305659724
730104837
986326814
538323237
67961806
993141835
380525961
915476966
514263659
186904232
747224644
644168948
646050355
196369353
810528389
70912546
87589919
845238929
822713511
444636690
59990481
678978021
876753429
190454229
847438742
812976719
214915024
142500351
452240107
982256801
545289633
89673651
756265104
895337982
907407695
636446709
217101113
484599369
834327080
871982002
175054050
815463199
309400962
865572660
125937441
80469229
997816075
523737300
558193266
414664211
970259089
639012182
589845299
4552863
611459162
145549601
908358696
465735840
769619454
809451341
261010131
897915845
632824106
777802677
222596764
337918973
917795501
295982316
45964979
892415818
849133923
549040036
24628078
107344977
207550746
928215654
93775866
704536518
667346070
89301391
271330869
415426261
215832352
873338086
137796128
265248063
361676620
334143484
138321861
144926147
658830026
995713093
548645461
766471410
980570565
312161442
197100526
536073497
113343226
305397208
373842492
872531002
842176773
529037462
204869691
563838953
384197723
275231153
987819176
168431359
446185555
827249039
894239463
350608318
969214870
313370485
662286167
445007179
304801447
49141436
826936387
730210007
407789145
852707239
436787967
107361751
754333610
630071559
91213991
452302898
235720911
792473112
482354050
228905387
355778067
382391236
926750957
179229753
897967864
670299711
206653073
783320446
416791701
227334135
58009196
139046019
404448775
667852537
44902929
22443970
658772752
789331233
299183371
75477770
254846034
687329473
378644413
306456039
994122981
173917951
894847352
186334285
153703560
49840555
127963102
172390387
292728925
497345139
915169328
152700050
93987335
994694549
536986832
770177536
371701253
200940195
67891865
224798565
875132315
251961384
528296276
291968275
433527360
553855502
704648000
829894536
357247867
185652426
495524546
339507320
328409461
797624977
449488643
621030149
855604097
607678491
193575194
989633180
902811947
994201669
964551557
989628338
614106024
403211275
819333507
98194783
864045106
744318461
913366949
371224007
948199076
266839906
296118636
275526325
595936100
581002189
529634908
322749829
760758080
464572924
124200465
784426114
659619456
999627956
737061764
889380852
640458585
774265901
413273135
699172847
237813971
448716804
839155559
497146099
478893877
19371303
749128500
155266795
856569917
988034179
195528937
291631394
681469768
801557484
291001081
577706599
540587339
544732446
621736329
253205827
836044249
261110893
784652055
456546701
149206456
659454367
585897453
765848380
759736889
843668860
204058436
853840881
224354262
819372292
378765347
566062020
12594398
548343028
893746936
997195497
680107596
192857160
616343217
623750565
396828709
682301244
402231061
448928646
402799997
449853521
930737942
68275576
852017478
33119784
530517743
602540132
908910219
77159607
611358965
976065913
115657104
178463559
244030031
197315897
900498384
879222933
867684065
158159826
761619206
503322145
695668780
646149459
851745082
596534856
542854821
622975791
951495719
61932799
182145707
359493351
231974651
324371343
710074273
38150187
165958474
410245431
921453170
274707444
886132589
759136608
447971377
951622961
601381937
102039495
108387738
166460868
365544074
712636829
929358479
233660154
660749895
41210427
71908922
60423699
22294668
588907715
101590773
884290465
812954688
274838157
189314584
640901931
40383272
981407133
752844470
666513985
352514052
399817152
237134073
991375539
207454908
96632781
343978496
625812445
362710800
676170019
907185517
229142687
446035002
839358458
467385373
506851082
393920484
696055504
720407801
272938112
531670006
113225721
919515370
454509339
261618412
687793483
638362787
145182364
494645208
438159627
527801153
340225491
182413711
893648081
768714536
262862179
357966458
240728352
890903274
480267696
610931763
697118030
955956696
672106641
857702649
370920672
457802583
738798003
217900428
263909793
792331225
340562674
257793036
707407027
69965318
113219797
407736840
706007990
817552647
541086950
948906196
552493049
788357225
197808881
668324054
759347977
656579638
804696359
148591974
66448666
399999653
483399521
732944378
78880963
591551892
951010992
328366375
920063511
88347734
537626566
902271555
796433725
212283634
319612603
880537864
34976183
928356734
217178191
150679777
769683945
56108296
695397784
940445597
758708203
167419918
757669677
641344699
832863202
703553659
816380233
323729206
48140748
715929075
111633202
728318231
208197952
839839051
554615065
308178365
982887661
229177487
740943906
68627910
215810371
699261257
652300228
388693435
189863423
138675346
91309547
935259464
710731844
559558783
566352316
880268379
273532624
246693754
702649734
464684266
631225151
893072626
423316567
942295604
739292231
583444032
384431282
371422290
91152957
73841132
796988341
481045430
203677320
847377085
895121853
166375483
244185430
707506518
836283235
112139371
869400825
361312992
159080641
865642005
311939687
426592733
367886037
795222590
711873726
703673290
849377713
110633394
561893598
446620759
43930114
549988242
28323895
624940667
455603924
678590330
83483211
780134313
82179866
961416380
771363366
26973108
625415841
82019282
635287321
428759163
358179232
89536629
984200171
957405926
782277950
114869633
141565017
878566313
218954028
146527637
756288604
438268813
764367215
536922179
78719687
217349922
540267026
936140025
566427702
743137689
894148919
165675072
523062182
507958125
718394829
95992106
632437569
370026255
316381988
954163479
107333811
440110121
989226656
887931418
983742833
543039667
325895086
243917295
196514542
328209272
465127965
181385499
223360683
642847790
516346387
822936681
180266703
482106949
810234487
895430350
444660073
287401737
327150557
122437502
197703884
743612656
880659685
446444932
504658946
246073298
733281955
678665636
164985133
613296639
190654774
497452624
412328769
7435715
663096825
783518572
691358102
209579571
293786206
696349310
861247082
885916354
644220652
783018163
990954774
564965931
369651534
621908637
123179601
900308270
245534681
955518028
29414862
466895947
632708885
288724887
814944648
129643002
451757159
731356695
899071033
447312366
146975540
952441221
917067615
37678866
878844925
382882738
228030570
808269724
78540838
785990586
573324482
654810135
196325164
752310747
249642780
113720314
797783372
446023108
280665696
907247319
869214086
629497767
794378272
594841463
635963031
13968563
772787242
83843809
338646877
443805672
620451110
49845735
849065416
300868376
50969576
802602710
222131252
517623169
827359941
756500689
664560069
171976638
456277390
612039139
48456298
331120028
121192863
32433206
366545903
921545552
320905027
991399791
889269020
539610711
362928781
606319286
877441212
716351711
85671191
572563639
446890886
552794143
800533684
452490908
483337394
72915264
826184927
905193820
840207864
860043957
780564648
908851802
791123408
171177223
578712103
950803536
362389474
57688778
488911249
752884014
384598198
160713819
321662545
688864476
216960251
634832877
908759221
793302938
148894411
833548305
815523280
699090454
212749404
453604674
265497783
675041809
369132718
207197924
428943427
969188960
824232761
391034420
42263474
295579496
338548284
689882481
357634214
632112587
412686327
582810110
295481401
795841768
381952539
350656848
924098878
624229854
169703561
707238028
271979503
761017065
849160623
184866605
162830307
802468079
144801798
586646569
380828030
883404275
561644070
380450032
317571117
761443078
657935946
147170230
444830685
376345599
738260045
11521609
497069026
919659766
234048169
887437095
792474675
515611682
278319003
737515960
334653248
141347824
210793759
321282460
72789023
910259622
144393096
472529155
819866054
138604286
463591480
893964619
316167084
654545480
470579137
300047093
151062520
583595623
183992303
481642502
389179584
754540404
887902467
970828746
325008729
803836338
665244776
807611330
480942788
819182026
217760312
423592331
52583669
332971344
782544883
538836623
441508932
803816452
434274890
803247997
573522727
407204742
124602920
532284360
770226775
814664528
311391904
531937615
766425486
930310428
587367532
680475090
960912069
151937740
616906095
241733351
135755729
511317791
324778086
223928667
877450405
527454498
974030948
807169382
653547035
372132578
539167726
730337222
425458832
124265782
270495801
324071858
311151057
246766150
868171912
74135630
75373666
600956378
527948263
985804989
523418134
133971633
693872958
617822205
713283361
169330208
847466366
561040229
961892422
903022692
562332026
5429824
180242958
64277751
884185092
503934295
849725368
669288620
509591248
326275261
694474736
829247317
174161482
25801933
420333543
944208596
745655963
838618355
97388578
51183018
125787440
26895260
169828464
883971418
62712827
382212326
874765541
641699772
200959407
777709519
667486057
124125919
365244886
725578762
860018751
359625042
309385709
322842238
95166970
47975675
833248160
428317167
932146333
144672888
185871535
889531561
825644871
107858702
98710583
60083140
671336559
833904655
528846861
656175813
303067972
922742570
745285034
191980390
808368537
676357830
802291108
759548064
848269835
320515955
944751767
250735848
472924109
585015740
430279693
423946834
718123613
990480061
921703910
976601488
130159743
698271187
646490915
363965818
339031503
653619268
563588745
850888315
644886726
206343051
386558029
446521547
377883405
104732024
998988008
259648135
326012533
908945955
896774858
601276093
877312096
46380770
973854589
928312312
806218135
802961261
810722212
739517822
812456998
361652016
537591460
881988634
363652181
151996210
408597685
246777703
31301621
231582699
594330088
219322967
172222122
783340100
326788443
20109567
735408633
126516533
62823796
446947942
522707996
932825819
476572965
660987371
580606281
195142055
820896589
941879
688580938
529774178
28613609
396524913
361335468
966867101
825278135
504788569
758335579
522943891
715364113
451370218
170956957
186298229
49913073
717219494
249722308
874434286
947340369
152807069
160412357
235992504
427203881
208007571
805415056
298969620
783557762
96842165
829323205
562256943
22904403
192531820
51508377
203775822
476367581
233578034
401802328
419780289
977347110
486420160
267850682
335106327
389175857
603948559
445714158
405311109
433496545
205142230
687087023
979077523
711194553
459364524
74226329
979893848
480199810
40358857
967448490
792370290
404873193
669388184
587614331
240050427
643776528
310776866
124280962
516628376
953330319
134360764
291767133
928922370
655155574
896665258
310852878
805346838
919411414
929177314
306335298
603106675
42557775
723266415
972450421
352247617
633051496
388165458
270679775
470673738
43800859
877348869
633637995
62542591
953492123
120750249
351630984
915511884
406713330
635833495
816967264
369372404
968835404
994513808
333884780
756626609
711042176
142660464
492237331
960861178
861250562
117813296
935031230
635296437
482011423
815706910
245343565
623280319
378270602
569464385
545562816
449271786
165941595
677138364
30357395
947858221
154412921
668445571
159662952
327689056
383162938
596383409
345689534
480134805
579289139
151159580
502849632
70984051
949281239
596575696
137535647
175191141
842761594
802869716
604344874
195139438
239182835
572137225
536071919
130120852
59962171
90942367
575975332
172751889
117172825
379747797
385714392
190644070
690772576
714838687
375652856
666309927
5438097
374193546
185251402
125068583
200734250
349692031
537215089
230067981
43664324
539445270
722210507
135117456
404749233
224500794
972501454
815218658
727439792
650132597
620022176
32908645
784151894
905118636
25822797
558563126
52674795
590801516
505680945
189740435
956979858
261205501
546874444
181462200
397676501
287094347
82683837
155001067
165481306
599201167
855766137
407877885
828758582
904254597
29016703
59003024
668374956
510201138
862190885
261519829
794905690
301017871
425993885
265233965
476236717
940722028
785567545
526423135
701296081
648553532
940083059
708899516
956673944
31120206
541807447
615000098
606190281
420424979
615110352
159087339
654753357
447398429
355302483
599742792
497151006
473176630
311611895
64637116
681092728
438650129
344302109
717962201
495787590
934345403
549034896
236190043
333709122
985778682
146613429
977715629
551402781
689612670
944840396
343988357
464088465
377078444
802082812
842875318
439893846
662018709
684003881
293936654
73935000
697974396
211829920
455408475
266237910
273680689
923536032
324225035
808411217
420995414
716358926
756566905
39827516
498702685
594028131
626608158
226053075
426277505
183853225
776200205
907564915
415045188
783235363
574240676
967687639
577351443
112993862
311781682
628178127
488344845
431752523
501133779
467409969
213688630
267890539
404475360
305035815
426562012
688686383
560616418
384344663
149825119
709768464
775211726
309566326
287629519
19144627
81050815
547697360
20824717
512279268
851406776
258514280
957051052
445929880
908542554
466470608
135349985
905095250
550617668
423396988
919250926
907011409
642127266
397644752
925815678
556979436
48492811
561015951
348663505
712905015
103619968
26388552
184428235
704110556
247808573
498604627
784268055
275419412
450559772
763320641
513601158
56459741
614417014
370875949
498247118
132960460
506038346
110166013
838827487
412843472
676412289
302289969
268724958
260804199
527880423
472123109
495820833
985049445
854638622
874097879
730970838
728787872
484571354
429346433
176256433
688953187
767478618
671452023
91365124
734159130
562678428
975663236
87621640
768386635
560420337
126539135
190018850
351229296
582567406
211712409
609608669
927170375
657583238
87889145
349394674
538313053
465238433
725910424
487255534
413340040
625944504
101766568
353007634
254315625
883743301
175660234
202272621
209654464
294809564
796009997
966840271
884953439
991531785
120983255
982087927
649618006
812954619
107670459
379003402
428738317
671415046
776314296
678264878
660749689
213858446
941139110
313505752
397397216
257688997
201606441
586982582
883515702
518985783
783394014
790621800
704083400
353458251
104313086
103393471
683359480
767816369
509353573
852441495
935995902
776880082
790383637
745899034
420552180
213511264
959886634
568278882
243111100
289297690
727077756
922100322
117395580
806242247
408234704
720714985
678012566
876369597
103363613
766947379
763871187
554358973
484405787
732241285
381233708
90689760
725858884
212864822
791425514
9937040
200980382
130411926
545028528
74959081
568781026
780171956
939735785
585873071
46504163
170561308
829282420
995060571
746563986
929608428
294552920
598790510
739978022
204535525
642861004
139941887
906969862
804738312
5502334
626394013
420174258
799696240
296326814
209032274
541750963
934937722
749247241
439790019
696329462
980583013
216122679
148031716
770656798
844134394
665080356
752533939
722281843
925148111
548770491
330218816
503298413
179495132
317534208
347283948
81906801
738842638
201856354
606058192
591982793
244195237
458912122
507994283
588154965
957988144
518465618
220110918
45831641
423758362
575819095
326743663
705577585
505595003
132160887
564406795
261810826
483509962
142618559
261252642
617306236
614958373
674627103
349719451
920637398
832372812
696628574
978442683
789673075
404720006
843433716
168862167
103532378
998076114
419546739
488787213
97463437
671099738
224462986
297794980
611312299
436749749
630049613
703179506
331034241
418298033
307602132
114985661
442974420
890382119
492675755
232377677
982773432
901762615
902197444
352439055
727876459
575978681
429667159
336529897
960245930
778922693
271107571
15461063
418069366
604973714
51858014
70290865
340702785
981037688
423751355
296226115
124063359
185525511
719701796
333098504
937710869
401481910
438791341
375667749
521941384
228239333
636208141
949608228
830223251
31164656
487805303
716800365
52371896
312080728
193777253
683707330
570293914
256700275
6608181
811950032
5024110
207503876
728839972
203729036
861671071
366610202
66202062
387772225
439068123
818289431
103657991
275256169
135481845
281850401
472110713
57735885
21824441
214629026
952026129
427038907
739518926
891563493
961285528
389828782
522419257
131535317
797071429
563243588
864403868
490308155
298538714
447137507
700756876
489650379
13948121
884067957
402972915
669817088
649542043
470805023
961279068
812682757
165410832
448378881
54856882
552062351
327082461
163793647
575934310
799506486
782998761
207446567
331652535
964039036
211141556
476929392
510974402
749508369
82595283
463821658
463792118
410153983
156514732
53650625
548576650
1080365
728599772
47071022
961913097
545883772
202420947
464599277
916124204
734847188
998791253
341717497
987893238
902853807
306436614
896000611
911140548
426368927
201646979
500023657
857457323
560851076
790045025
314845533
374802302
392723032
966482595
473080462
56734893
145297307
893477886
811607051
311716149
734298446
389048741
925640762
205514969
77334496
879197085
470366437
366390415
541976008
58038389
606343833
136281527
992828880
325077683
376303525
792520868
337493272
882101682
595655126
226420740
31659869
215419244
370431764
938329241
515017594
424987959
525119861
336534439
633623174
697317213
808974314
257616750
316134691
313203677
812238708
406788903
700951332
252611876
491544574
694552230
564791033
41381432
401799611
651100236
827940804
572259568
291310835
317532987
171381249
482443886
639136158
804743806
424707998
160137543
739880951
665103200
325465165
296678615
71435291
663806960
340758593
475602307
364031475
617692230
193766665
796150805
75297412
555134880
386642917
773851542
460561172
545712939
950006584
568307962
747340342
862612729
964516991
411064868
896716939
324658664
801933945
696733415
894455737
50762099
242529639
707637738
601467103
228825558
491080201
923360403
458169481
105205001
186415384
759446435
307226064
576538430
677794026
347099631
370635950
360250895
428261593
888646137
69687657
135280114
324754545
217037026
512515565
86560340
327334391
146707802
332913747
821637583
481889609
733333146
341173131
86603797
824768765
441064705
62956601
384792040
406859126
300657509
159909695
831112868
104946614
579296313
539693892
738521492
257439464
970956420
573488055
880943234
843761545
826402041
493032179
363531234
323364544
724485335
790609065
454649164
343075336
606669606
825776485
895643508
42996308
595377703
455781327
211832609
470103830
876375521
289893522
867575680
64829239
568506509
577211581
966079608
453129516
39115145
593509437
137542848
408569678
72847441
575776874
732674415
333916954
581838848
47389561
674484090
375108674
503743150
536343540
86860727
504446842
40488197
157542504
562437609
759041440
49979734
102970439
711960390
943260953
549200786
363970001
594155658
514077751
694214166
163219124
282175192
549992217
561801396
287689720
397103246
28197698
9107035
546042904
688532092
310367391
916940310
275790597
247189557
317680092
429962579
915851535
83439513
448358599
248059727
80650739
739564506
228098442
244797002
415704586
288730537
270458386
385334942
410082818
957737596
937832868
564778247
98124998
429820253
80280572
513708374
731683097
188132995
440896270
519893075
950667927
555306442
136577263
328378654
46077754
343789989
139707163
563390086
717115596
677660745
403994516
264775593
955040820
873598384
373231708
271846478
392460786
598559365
864659743
86257099
409401603
719593040
595332579
969927495
263012857
385679473
445528437
295194526
420452249
571562763
79996716
510973918
492716767
321185936
906615729
647126119
559716164
387285719
690630624
564181326
669608735
722137540
110279573
890695948
30971869
468605055
517924006
206412112
308622453
297883651
510560421
2617776
548026538
97010716
593580294
241248192
629719560
741217135
441970848
425018377
53597652
287848696
290755927
384762927
731849238
599283859
779999287
448772532
492359190
648463184
380763047
606234202
64918544
903627955
533757379
111125616
63642797
862493889
367729149
677465902
593387803
184139818
909015753
896179880
227136000
255108084
593111709
154205219
757812595
798956099
10461684
645689420
252615173
812520986
31413847
323048894
817778629
969681486
84065490
278279120
672362655
667903940
592924419
534685837
430299112
213119411
181760692
339605624
792790071
127662842
874786640
731753554
35534995
675908707
626659450
596352788
348452865
880966549
604262976
893467278
392930584
118675157
314647593
640482025
998558181
697931416
721697247
528854344
171040424
676256445
860383335
469910871
570453596
779600667
949536286
233809831
996236352
866780590
286128879
952683020
943198467
933317299
370294567
45265235
71409961
608234917
56058774
442845954
770326844
833947366
709676294
567173430
159127265
369009687
859255133
584451618
318677815
933008220
223184398
660976101
425130453
954399676
567246363
410676409
696554563
731359757
303507040
129787548
328019189
575446515
257776124
841215846
122729004
350024425
187664829
442347682
299703628
301579753
243223963
727047145
857825875
487831208
291131091
646023694
357609008
143606973
937401661
394201221
605104253
175009122
457096835
236165315
93579198
655297381
746905238
578581014
412521981
813088924
246404114
861291499
327068531
659885513
571255451
527214213
647717790
371267944
183357309
383031639
418598844
786300944
26964120
182433303
505238865
436354473
49691317
117468659
242662786
62109561
976186076
40689224
25830509
904478668
36047000
30833766
156224592
576288979
486602901
346600768
328515572
90003666
900387992
566436264
232767941
294719865
995781641
639698209
471348625
576109630
656193239
382796602
349080327
872647119
138901195
524920409
591617694
83516870
938801362
105814301
263982136
832794693
102047114
490429709
601420179
886266223
817199097
363914730
804105586
663327663
878826594
580609593
839358647
39594792
693200364
452591954
848317320
540280094
904056039
206959842
957074331
197052179
555392344
224773278
175884686
276940211
637337771
290394261
688577678
395908840
137142710
268900248
339426923
101460975
957599300
853322029
354919231
561096003
322429119
6363832
728580387
525526168
931767782
571392515
881073881
525163533
458355600
817438312
753123730
645792945
886609772
737155119
901797706
381097899
350011139
628688458
378413865
159433275
572032207
115600936
528935739
692449579
556654902
424712090
144387826
376770266
551017007
144559828
209214296
708742099
663380825
435743791
224760233
878015984
534339391
246495945
758874172
329118059
624002416
897190000
118110549
252669833
788168972
839189129
117314003
957370653
499264645
795353473
985176280
311524308
76340322
49268327
413414083
111749613
748384435
996143553
331031000
878038071
878857109
530823597
729430354
331152390
697483146
352312387
639875231
922768203
98909976
2411424
419821114
144574135
633388555
555389132
374200780
804711991
127089677
511862743
541624668
245755986
700368199
315001105
656550891
341236649
624339889
491823271
599659961
103163036
847660561
453857385
53555738
10700636
657659312
404016306
742727210
643369631
525859807
269840197
411328507
828051929
414929070
206499829
788045662
385604582
257660108
589962350
823492795
908658196
126285252
596142401
961131372
425711600
376376332
407738195
880717797
634508730
676333443
197617499
410409509
421597583
76196723
528804737
254300275
421657701
840620931
82871245
626057854
277731508
182898110
690928315
201386405
847462415
411144788
138402653
162957914
317122218
706757182
532866214
145686543
441607709
60493049
597945560
731862768
58616128
422759592
121862969
919143751
644969096
120194365
539948980
847841831
622413790
729396196
161183004
162305849
850914919
197189173
821822553
702454403
721831540
927097478
513015638
672633706
328427879
528122864
48828483
738861631
489232296
671885933
458134586
40488803
210723070
717377450
84167186
880248604
233650399
583698315
357589999
68381075
459222714
972697873
868147345
26910369
718187158
506853901
776351855
51308167
484056803
793736425
205008467
615618410
328591475
362071964
229333069
930755410
964778520
557584519
807356648
507374677
222317543
140950106
416525142
600639393
404486211
406643758
540347679
603578963
578849960
148895977
805542187
965034153
955982204
198654035
416059673
4388706
413478509
356518023
776912554
955074110
319928636
578294075
415278721
776296123
258501517
458481525
437408304
853697783
86593424
452791865
666643613
282562899
675472049
860924545
566823624
277615617
20999295
499673714
809261310
489158065
933283391
633133391
547986952
993590584
399378887
158484081
510315508
46089684
693724426
320757754
81438294
679928462
868382808
753329972
17625174
669614509
328322623
522352034
198742625
151691008
424227633
47619758
427065014
173106856
883060486
285909728
532536945
533474748
401370345
717015904
127971275
368410127
204950508
831133273
584927547
687429264
85530567
214103671
354009894
88025780
580144695
330183086
559484507
698918005
58882343
739294403
363892922
229699610
777344098
931817982
989280290
68478433
36962189
85880082
978114712
228992942
359643996
37968308
425853385
541788199
983668114
587528875
586196655
270082015
82163107
218094903
480984722
414653277
907506679
606233011
597858009
170260013
153247309
174621641
542714082
332094353
884192592
943442504
33771924
159492471
503400582
882115221
658842199
739094126
826165117
442331831
339709968
69110098
79826144
390281305
524894739
231793510
510791635
495835307
161960525
954831285
151016916
229996531
172766443
922383897
655054977
620076542
886903976
146308720
395788671
782146078
688553860
440194623
839514525
882620253
830350752
359610068
395835699
10035335
867096176
640973657
676880070
619072220
963336440
248849653
115154503
558055198
151833209
565726025
91631531
741343058
851035785
878371749
288151931
79690270
235242416
105279029
314931532
869926011
707492155
813841110
946511773
425110229
493279180
818326994
107636276
418235823
91751506
820715237
715680438
690560794
610065467
172801404
391454562
180842077
323786891
459489332
36964649
596658159
735764067
361268575
513793673
825530836
605243430
38918959
77901694
564347280
611031798
394792877
81361829
136477681
169304288
404315264
724086210
21821632
502562683
941982667
128168709
617179691
917260588
557988656
506358568
734847361
115522794
624551831
45904617
888502118
359379884
768898277
184628250
285473586
299655679
989858210
892996988
849719662
423223289
284717083
312913140
192069963
10871333
331552870
250818215
510830031
508206352
994344758
441555485
762093906
4885868
835488980
271645164
646676475
646584871
847027499
22614014
493470310
57068770
960953849
604065398
865181863
825218164
664236357
968864847
359742534
81213917
780642621
897589417
589137805
850572744
920530860
566097454
348117834
638784082
214044351
698434136
809953141
767878727
578715276
369024772
935534098
72306762
801322192
527015668
33117356
190991208
893128414
930119604
448584022
605633184
943060594
866328950
123002717
58448512
550692863
712498595
690628402
988828073
695936050
575009107
560166572
524047080
383388930
410337765
649432587
495986766
228306753
599817464
858469697
807825503
500568069
109081944
642398440
643495781
530532842
97426650
39283274
981591158
344876820
924672508
237495612
475744866
66112983
591104532
826618985
205689824
488587195
143919038
944501504
386556465
361702243
127075434
577726827
186745195
801719227
646365496
726470941
167979742
382766800
351582324
715720056
861769752
461358307
560568315
573218389
610877531
240550750
976392585
787409465
575614962
101994075
459325534
677192451
790933307
977490612
582905858
54027938
199785497
768363967
627213859
724029561
580631864
889509785
752115628
723792546
315296170
228176160
752520757
898770719
474656299
815632741
620097696
288965023
546772020
995009725
140439216
966803890
188498899
197577782
443075406
968292438
483246370
296434996
435206068
626159138
835674894
411776750
540172995
297893773
534365840
916236914
689218417
464890551
822555541
278550374
901509531
439711799
192517502
812995970
338567173
430612812
126727718
700693935
987376766
631383938
799492281
415107301
691404003
164995709
653498547
961583005
110653681
184608855
861661148
93263597
594382127
472631723
141815800
831108340
604918661
515194577
709343428
544679245
973837538
384713187
187922729
181955319
129946983
404853235
894341634
475657584
509334353
581675139
769339178
115514
427693462
778192493
550524320
448582970
237287324
668476910
89121813
798070075
183647724
281162118
9735139
555554976
462733177
816290466
506770985
172313461
647205275
319422998
387635172
152041177
177110473
499126803
889198234
321203856
684684187
694871551
602978937
132124589
139314054
209125457
461534543
984719913
170938124
289905575
859465912
979577882
22661256
931263034
179927145
243331954
173079475
738327755
206189162
215944241
568738864
138559579
605032641
236007725
168090941
407706323
29722549
760474666
771495635
459465273
831441613
896585770
227788110
502795970
857529637
905813058
823106644
508301009
354868707
945542076
257749278
848871815
883916535
265192421
171599406
856722055
853336732
925132137
894964318
873751677
112165059
275635910
732945546
794365241
330174550
298988001
467186231
955263839
528864126
16252339
216304564
67232602
752818140
743982448
791700306
488478846
53400515
8952797
723259682
89783365
554396538
422291749
317933021
113976673
16099147
305683915
371882177
706131444
70716528
349342029
562389277
836382694
637837181
237091090
906879387
421064450
571448806
331428171
495442637
484594906
168970156
618773622
805150292
428815140
24289103
156867225
598620364
395349778
937187699
857481015
307748215
575241520
178692718
628067695
470479094
583177833
613185485
208207291
341176564
569791042
809089871
300071503
12489843
297708530
564024976
785949564
260734496
414693129
211828651
128071236
717928758
197628871
794481061
20857120
518073060
670273925
170874737
839552696
338795322
45783554
905032550
249972038
785956215
445786450
817563478
556296240
282933020
126482120
180478599
459080591
495722823
855454561
386469151
155953683
285881376
436760272
331298162
914990534
286081510
127239201
138296713
553305507
658553772
166830228
233994930
631641770
179518941
917810019
859380303
929310296
702211694
917207932
412545146
543008900
104826656
962318165
698453786
720009072
367758462
610459713
428984100
411130509
646145218
405515482
396783689
91101125
262548894
54998184
485707545
978750850
128784173
869265942
985363242
379104143
890163541
91132899
998750776
417820755
10704212
882516861
715182806
690778229
498864387
857206916
123810757
92278132
64811767
329909237
732900390
8421107
98198006
241318184
507467786
773561113
369295819
282776785
746601182
161079139
141407898
259895264
172090740
702280933
528616401
467401781
781924517
470935423
109100598
212077953
312809014
812019854
859154933
93796927
745212930
384552266
763686327
428609263
646840101
188897552
326709817
353603505
225236983
955993514
152714721
196378637
855019664
314968145
178561090
733473850
992525862
262147584
246487287
250854156
499458022
312505846
864771817
378905998
281237537
605535675
196246996
857264986
681696215
295219883
446056951
925338206
157389366
242135259
985427874
476940158
934239263
834663054
987033506
232412556
550308293
901476524
953900360
519443687
434344737
552365538
693782350
66921867
439937729
598753579
198704425
277603839
892876707
772053774
653780829
674894548
298478844
658968616
287125623
244726409
506960283
678813202
362226944
899182860
912289630
788427441
950535001
594195621
827395261
238939200
992258641
998555022
445913150
366311082
364709305
677759878
104075080
399811911
238754625
614430787
949210733
576917054
923800366
361011529
488876304
284209424
962192739
863915416
888625146
982165353
47002941
64540601
780895635
357565804
35913122
411864309
781099902
187193652
724238419
436626070
316351179
998711511
172543353
378273289
681369050
404261043
577934782
852502621
316253702
703002040
79701823
425498938
299621338
194172679
439442843
605650430
85127686
721363862
684289626
29336590
152421229
612243693
595205365
305357355
514958597
479038614
947869991
609298739
338803210
999557506
39055993
281814086
657806822
659133875
169549964
106025438
883334324
643313816
312816166
27012102
874441734
504048126
272591692
952284290
993846024
774601672
376988785
750091106
327299272
4752791
869735168
241686531
754648753
823482859
908042009
756510585
235612929
963990732
245325610
72118213
204232285
996888283
471991582
136607126
845302345
439367324
118104705
212380299
778731090
452431254
758858046
223594668
535393752
875242840
695542994
143933828
463866286
154904875
694533758
799477127
369036804
934574002
619975644
487365887
666628858
477573994
417529472
752781909
24808389
539157164
670904346
256000602
472408268
731806845
834560606
903317986
978774932
556293570
66086802
470226898
39529738
916403556
480411728
121442484
635499148
260087358
848062442
251436508
866496051
641058752
980391748
130807077
650986202
155295780
777479751
620670683
531408899
356565012
556100797
979884324
553657489
596680006
295945651
818068313
276768088
380624004
844397531
523273100
442598115
287903368
523026660
865710385
251183190
909437703
842275426
350073792
697942755
799743476
962725856
982765686
293971753
468326567
782206955
448095645
72592210
179110106
251149276
988846750
980326845
812601250
807382901
36061660
277460864
688162303
955494991
174061224
263335096
502858012
713525534
192875426
237143493
611350936
262675868
197005499
199222655
427926140
122009348
26053393
433168197
530305274
126541700
233253942
174420129
802146972
810528735
851279745
765522175
193598442
763987232
122313526
240326228
988246764
202821209
856030333
156000238
918919069
723705354
645844046
895504221
456788879
126623061
893664281
56138119
495055194
463990308
953721382
363988959
175665389
712924651
963558610
950255649
926901304
8605491
74909269
600081113
391957639
328058043
255114464
804572985
366235937
191812984
525950746
218496038
414143221
133868944
792537607
67133285
352038513
472550138
640103556
917015067
44704065
280037429
615126251
82790852
635797947
784566203
657408059
612463549
837998449
178315708
739938754
536720201
831946917
826205499
157633582
49957599
355706036
474478439
354625853
996558146
394207982
507518198
459510119
210934926
90929748
896057117
789100613
237350458
358631395
273120335
902819021
920546989
291574594
604423339
323113428
941017342
632668757
223434542
687863201
845546606
860674039
926625713
192278943
826816550
486281754
623792498
297361642
996079719
401255843
479319795
307966503
65730820
896850999
218143390
521347066
343839387
608033421
830673457
406670
543701090
513361730
342950149
809996741
408218340
646943964
169605455
305642703
317845516
888537662
345826279
833828139
145226191
307422030
827305464
233552029
53762516
773554606
122601634
549547218
530912779
119489153
584809712
553813007
210211015
179595104
470582190
654907020
815559979
719573249
76511545
232542326
950386871
85462492
27376195
718897431
177196652
528689959
362339006
482472864
874817558
120345847
586571312
430470261
903179170
795681980
692259003
471033785
730801116
786832021
283247927
66836329
855562198
28658380
427569203
730098279
67405298
980096477
710067332
607531377
196043034
565806861
206170349
727246686
242611101
225007834
717515039
204477333
403112032
248606305
710265808
9538171
516131926
589716226
467983380
389961617
434722888
620022870
841791133
644602651
119602489
346052275
251774613
382421403
742174785
895788996
277605518
613097086
823520088
114148823
926724893
579141589
890715049
615154746
714165272
802801562
745256334
734162684
919728952
196436735
382299172
598549841
944752105
525420051
347083854
811972577
32395666
587204347
862003036
659594052
961947749
790559246
826874266
143267318
266063117
94042584
563513257
555164381
909459457
825106476
717538659
682440342
375261425
807441039
787146541
130930306
99723999
294518684
350087178
991044426
448181464
669137861
137929016
423059748
200860356
577269988
22970645
424867408
822951690
82855866
242969609
14956927
132481204
891852769
793354684
143442663
880992874
495815820
122260778
108529286
96376525
914340797
584079960
305285768
979779138
49241283
129810579
415761169
722131372
905686504
324448427
976701461
427221942
122183101
592984383
539878339
203164265
192118352
566821091
856450679
721705805
78070109
470444012
717963095
786356580
5930458
397483160
884516918
193387164
614484660
367371553
403974629
544441602
630203380
517878093
957828870
83038071
939719344
8309048
744687409
121710720
485154494
637002004
296602759
850700391
342457049
110826641
19813029
129146958
119506304
901639093
488653750
172692843
275569944
817113894
401362577
163507809
891207342
663632260
850903517
813457132
719514904
626653174
80231560
765749867
376357102
793006518
495925753
954645151
22956920
826453265
362509743
15753864
630028364
118572498
886235445
230432324
733514697
59055807
380182100
506948215
236147640
683640067
62107455
63699453
974103458
631527097
64249704
933438026
213623764
373486709
718225033
528882427
813890037
636482949
508029106
52268525
161174439
161217290
825749159
262238258
856073676
223377895
566799347
770204973
851099240
558230106
716674278
338184433
715315349
836008151
519395267
723292570
953195345
631654276
741168253
60027931
622529866
750342568
60519867
218324391
554473335
411906926
209825773
419683538
568846358
922563893
747658508
622721250
485938467
210976808
246922345
366477640
582922943
830388063
769259834
466716826
98304939
452044061
755242754
817973185
927128981
219840154
441365589
753955589
794174829
521100860
838381208
579953931
460491744
893599341
498866664
785695850
27965475
209643137
398437948
656007826
633306451
944616576
662133970
981424812
966358071
361318712
378881185
443955098
358467009
136381524
524764516
997074420
872257109
57510385
690117425
896871319
518908910
657455775
247423990
16386377
840131546
659549377
712390179
346592582
871195948
497340023
21719626
533072341
645590913
818803528
168183521
568483211
252244459
642215358
146700413
205153677
631311647
403941076
995267727
144973428
348027649
119684494
785239127
615042582
2481048
576244779
806213222
314487636
195555719
538937414
184318741
525791707
571791320
636005569
511446598
584256682
15239434
104642153
284864390
437474007
320538589
348248884
49777169
176960095
279428475
599552765
999040425
454105067
179609917
346289746
269982856
689084381
893512429
917974612
47341803
651785030
998150044
77509305
675216683
681451515
988129892
881945316
115526029
32636096
945862746
27286105
858016006
214781773
357097263
265733313
606684181
612912125
784164633
534992911
780393509
877322776
348810159
220054018
205467874
610638968
30828037
76473167
425083900
286558234
235803287
685858193
377532977
824764861
825115121
136843599
642555540
841236082
50167999
637711830
182574798
739031434
744469604
862480118
6303720
120115995
166709653
285722891
860705866
485930811
239259802
323949250
61857414
879796522
123083299
561791397
285827254
828187448
415540213
608192590
57638116
438910637
481850325
82707337
506162520
705368584
401295329
469355652
22935754
420833161
634556729
756301130
405242565
337266122
215958742
921917563
154118589
704528164
202721365
839546165
796180868
850072546
701644533
703454099
28281592
342264429
867013818
628839995
976130591
510990385
131997849
859936238
442932851
208060379
184022495
337015582
492375678
743333870
962641330
777830613
264206810
33523419
849801983
285036183
545237205
413534397
93597900
689823973
896782033
248085888
895327087
142422184
326413291
153802812
497861033
757153874
705299642
896138304
352378346
548892830
379258585
499967803
75538606
863998394
668932322
365747778
391358140
272692682
703712578
511318205
915647748
914054073
888964789
452868551
541634363
988426703
45055769
52635638
414324399
314679182
451313762
268573794
614625929
580536722
151943817
524072220
540040473
244143216
1488663
221730633
277568555
798990697
664311603
146238667
58780925
621067903
958190303
912456839
618779863
515460945
991406181
723563656
448480668
476634705
702862786
412113076
330966903
209502282
658498803
395653212
883488194
516915724
825479753
172344441
179171018
298944946
875905127
948571975
759676863
168045102
929471391
9921143
379795673
157175412
442439836
979806563
86745526
364850657
80270377
166822413
499977461
963219415
892258966
628529774
572962134
180408675
268835178
847188983
742488261
66891662
632931876
657159257
960412394
984405312
86154079
120463427
275616634
571882886
935684904
456633560
855555548
830753630
975053421
388813758
520644542
841759820
822791913
743636767
508052776
912543794
525435915
304406852
176679936
440630138
424290533
768954435
898475838
533397244
41897275
713366656
844000780
164279835
77219650
741384622
83482387
878145399
752668325
691972005
57415207
617313002
645317843
99199012
196312218
137528939
26682166
738713744
97487949
994727178
94442671
674399048
816134462
482837042
616146413
35492059
105620423
604139093
857907015
956798180
158483593
581360565
539642570
700872427
368975154
82282191
754858436
286132708
107139122
930414885
538947916
488526115
333888280
963446445
638135192
886726581
962155481
562943262
938049504
971004534
721898372
32247654
715305411
738838930
439065931
788366621
875974622
137629651
636962417
973700986
431248621
944427927
776541465
936140989
51123400
896376448
335672656
203887424
966746417
482796551
559149243
1943461
200258283
187328189
830805038
339960523
546734707
626907237
18515472
813046100
425766538
713868694
574211303
957737589
572371018
911214366
728038656
930860995
743477995
749759370
901885082
73310799
911920330
830863152
196681061
724275232
813952361
880319285
105317011
228655591
580476490
277746409
581007028
797115437
533502445
93593398
81918104
549437484
853530749
584096337
24680812
800278710
396772172
178449710
651077380
785070484
975571923
797312122
472867161
760888321
531566768
499530783
904578800
114150734
478013807
159897114
875214602
385773448
227300045
400381072
767562088
242752466
666486184
733043950
3395394
636879216
750117475
593837466
775104373
16872554
738839020
38708810
430728877
136306408
319944484
438104087
298934048
903370511
906851412
215407404
919568677
204171003
267813019
307629770
841148547
315947582
420074403
814596880
363843918
436097230
218542773
476149840
77535840
43041919
605910582
959806172
409029542
50661453
245592031
653853426
440927511
315236097
772100068
545690256
881214652
30409553
743226291
365292628
115713279
902383965
58782254
938670817
400753506
828674056
88271385
221247916
146659560
787314933
827417939
13567261
792872193
659928517
788231056
873058907
34451803
190348031
206432338
205962351
548803736
520596048
407830610
386367652
948950025
278094938
750239308
982407784
401645741
62417916
720001913
718774175
816081853
566873507
98547770
29448946
769093501
933786632
575759127
837519153
919562028
2421174
673614445
213682887
10266292
537077830
612279408
146863741
152590885
422868700
411865902
378281298
88882295
851134594
646836722
408807687
736291001
828966412
310402609
830648564
423785217
463452289
771384549
60400604
635535586
835669191
959698489
467500197
669845712
165472985
234541758
477649575
601057063
887213722
136259781
138779795
339512862
126453858
933658538
482910140
262848536
64119215
714792095
807759460
848394541
710852724
79404596
252939879
917591084
664268501
50369234
495926128
937612823
910210489
825719186
43083081
860983206
548514043
945160512
583213137
993696269
584526141
442670856
354346601
468114360
100269731
283696274
932899851
94897153
463245349
212308143
692364479
208942009
207638971
541382350
551138662
447398950
647859703
183978194
428052403
687819108
926350258
127039473
767801947
577285356
539159367
298702106
768742217
488412998
8405225
296565833
427299448
376196008
167232721
888010855
578468162
850144984
76540361
189565222
950646851
933476445
580117637
634231778
118826750
714957028
750922523
109552309
370688460
535740113
748724762
335094488
637215507
812407265
724521683
48924346
541917549
458071876
814074032
260027070
910370839
248701029
899874439
769865905
970387112
172334824
382037893
253309622
494248685
875581976
93366059
887561633
976594339
476770442
452642420
687266056
386483545
267120374
885548677
642281559
966196783
945258313
519783391
957845903
700055771
289126923
143452651
460199431
59507491
737613417
537255349
276367542
621933971
67956442
434594024
616020515
698627684
787543214
853281292
312152127
468671054
791381083
881713176
677439819
400925649
30258508
256325150
482063301
803949678
855592161
817321521
828398190
68820765
214199331
141699228
882497935
847225420
322169512
477153214
516457567
378716802
44607802
306470810
946189428
51845031
626774643
128874094
832094368
405402786
894411537
701120181
680008148
63683867
892396157
542602765
238513507
256559051
833234546
203670020
243940231
726962459
68936026
546373197
175449967
55472551
8228109
247209745
703040890
190449907
859142145
547795119
297895296
511083985
223949032
953342843
348330493
423358587
720832766
67695556
402541043
168180502
579966685
701883653
161585944
358797648
257973696
340039497
21647004
523517419
847983084
177409
995748810
138593326
198331234
8898051
255339824
190570255
862599506
392961109
913602860
715740868
782001679
844748583
76438612
617445297
690794374
541448790
711993324
108861468
777161267
279215085
378173256
805376840
852406946
394686610
478501198
829795947
930717900
610841942
779922829
416724204
214106480
878701021
842790319
929432498
414404724
508496770
124811471
438478096
334435300
473860876
799362595
982997483
893915071
355405802
763931717
779804026
204662049
198039758
671410227
948189553
218994556
367731954
340013080
561320386
416335938
330195281
772708595
709670849
773307662
985123045
146903374
18466959
211099453
54047884
943785134
828013845
250161560
955456152
489433854
828492539
396176848
348858112
631053193
679726302
894944931
725685286
715043725
373553497
844202634
719480153
367642273
443718525
190019977
297584530
165399250
359969320
504967473
260352600
892522736
860869322
704475400
678480560
346555972
610448316
400880572
418992524
124149967
623162050
450405547
762213422
438382082
48948005
504017307
627371052
343611969
54785488
766720198
322086292
928678803
481425043
323924404
453410022
498314802
443394524
221612925
346871563
282157680
311519270
818353893
801477453
452858546
780701456
826194045
14255173
943269671
38539451
404863358
635356839
984945903
827737393
110061342
517458318
334347633
41654137
537154772
667951944
708459886
364089818
248439287
283818337
618839975
637066693
404100044
148945008
483372338
464322571
823176584
138734949
501448261
862081321
246415866
733500128
825064028
355383724
34200108
380509607
14221511
18780791
622868125
24148795
859665552
699395794
112794167
63172631
679070909
566087913
27208115
260649821
32654377
399060036
497764835
908211203
308981665
427118779
694713467
126805555
162928187
611979767
184333095
578720703
903262749
973627150
681074905
111101799
149608354
655687195
545348521
136442839
74349259
681231359
296371557
533931005
803470421
340136868
715673564
890748365
755820735
60166279
769586255
624647940
102736320
899542578
63886293
216030912
729931635
907525876
947698433
413146178
153347351
933820603
772492276
68091886
873559808
394802773
808969964
817810867
48373352
4767689
294864668
566242074
2448198
781459047
966476082
713208276
773169183
407055244
229429162
760892162
715493395
239410074
230625583
969068329
730654170
182297822
250593334
357884452
776877726
647457665
142039448
677556772
814871330
887013332
794899176
667420887
506179660
432603937
725052052
446689966
629480369
451752647
15225027
932358997
386974962
523214539
141562057
333532065
672729256
62511149
656671574
984984490
716082899
941780568
544829123
32874315
85976207
878683805
118875141
81745135
285622773
254782027
131236100
198540503
880251320
764246019
656885839
52761666
106350052
657159326
673082480
882531006
888659511
246923744
483926957
368509237
874508916
695047182
154115016
475675104
585811270
830935952
50848424
307995068
984976284
211718978
927184337
955619102
770958205
784355934
420242470
971593561
844079628
993506060
759756535
519039417
783845417
914920679
355151746
131932675
132680979
554041313
726100720
509759325
712998597
214479088
126727626
276696006
358436587
429059656
155461931
467672811
792126767
35620829
890799952
856980481
231749079
748455240
312939955
729318754
629073527
143759418
558970472
290765286
266252070
976572942
361657489
991891214
871675787
177653357
879464571
463815888
902913567
40337904
345626942
724232953
947503486
183287377
906754683
32125136
639448293
957835268
772199102
876280618
618197851
486453062
88369895
966985135
323653249
529344162
250395164
854331960
301660239
278411899
104004562
218577753
446362167
976876800
673902071
292125485
166208243
203966494
313971845
579415343
225060314
186913747
853716173
891211588
495265474
344037176
546796849
64249316
59580297
491150286
55128859
797658242
872754928
183117662
30543170
995619351
276273940
821879094
75258274
940210044
262575399
323031819
178421192
850793048
193630443
832079752
728400920
675105243
315054709
110506711
837912080
136754633
416560850
268365687
379159271
860441486
750728661
745550659
444852334
334497349
827556391
691767697
194420721
621889602
24912021
506681623
831799901
280480272
572349992
673264732
513116633
786067716
426648978
213494472
924121272
854483808
461558795
583091340
488200997
327692816
687701990
513487929
213147797
649887431
162166511
234093338
628746217
703433028
385671823
736713834
600543198
442092930
376854275
357032462
763547341
103026145
818204738
387288558
217417561
757342592
469898903
281296675
64959144
947622624
109814479
494807253
676088946
491260214
775799720
441347357
387392477
193334448
435611769
744807290
825377519
214470202
695860593
144448262
918026365
471902056
71368582
371051357
664271240
619797425
284150277
203102904
364125697
747773946
915023354
322966947
454367792
759532393
652625531
125214495
849704043
265755914
548788593
47675657
126837417
828299982
232726105
150729763
512607718
37105099
117476250
550954400
133192259
963563822
925796495
933033602
623304805
711284031
848737239
807956799
495462450
357197866
458899884
584291560
913105434
519311647
181731465
785065952
116398733
453613736
576843960
871139519
190818002
586034734
28486479
392107982
503738741
475158129
89119152
537060429
774273401
556403172
553191320
7453647
807426697
23899726
902684664
392916466
850010967
640731768
733754657
270647265
152531942
343255619
585973857
905168484
48123035
174662737
754899921
885626782
267572931
420190440
504352842
932592645
725935654
496359823
291987290
768964521
328891181
501430685
47306717
257205047
789390357
226024689
77920636
456613512
231738555
518809584
769278444
265538846
143669158
829462407
493041413
144959766
437036998
39895348
795609743
181664233
436712800
251809827
237057329
691502907
749565022
260242728
218799570
636249401
14093733
266081767
434452655
542171445
397873957
909474347
671717481
986256333
497341107
707302331
848830993
699340698
463984751
925262424
804180425
350162251
202395548
522182598
163000476
251888114
236804612
604824563
891025936
691282001
850671694
464763057
876625568
551323639
768839605
963286310
946042979
834865749
619417807
642091341
373072917
851240720
557792532
641562448
734398979
791290835
173649284
992369358
255325589
621211247
535686191
58470075
596916000
217237247
963774189
462127390
101403873
272451810
416294369
605014359
159922849
867209571
629599718
958061132
76384231
420279466
943103274
243071893
794849144
630895290
483128876
830228459
630968611
49537298
8213439
85950344
865235495
9383619
400414056
968851933
595528601
776059969
998708088
921379189
552422873
791996315
895891547
49547186
176086471
715692489
119875018
533448369
930372995
761736901
545444582
772033371
113525901
873997780
54067107
395609129
452155878
736564813
356335915
396356536
896524341
18469539
8955992
