1 1 1
1 2 1
1 4 1
1 5 1
2 3 1
2 5 1
2 6 2
2 7 1
2 9 1
3 7 1
3 8 1
3 10 1
3 11 1
4 12 1
-------
1 1 1
1 2 1
1 4 1
1 5 1
2 3 1
2 5 1
2 6 2
2 7 1
2 9 1
3 7 1
3 8 1
3 10 1
3 11 1
4 12 1

1 1 1
1 2 1
1 3 1
1 4 1
1 5 1
1 6 1
1 8 1
1 9 1
1 10 1
2 3 1
2 4 1
2 5 2
2 6 2
2 7 3
2 8 2
2 9 3
2 10 3
2 11 4
2 12 3
2 13 3
2 14 3
2 15 2
2 16 1
2 17 1
2 18 1
2 19 1
3 6 1
3 7 1
3 8 2
3 9 3
3 10 3
3 11 4
3 12 5
3 13 6
3 14 6
3 15 8
3 16 7
3 17 7
3 18 6
3 19 6
3 20 5
3 21 4
3 22 3
3 23 3
3 24 2
3 25 1
3 27 1
4 10 1
4 11 1
4 12 2
4 13 2
4 14 4
4 15 4
4 16 6
4 17 7
4 18 9
4 19 9
4 20 10
4 21 10
4 22 10
4 23 9
4 24 9
4 25 8
4 26 7
4 27 5
4 28 5
4 29 3
4 30 2
4 31 1
4 32 1
4 33 1
5 15 1
5 16 1
5 17 1
5 18 2
5 19 3
5 20 5
5 21 5
5 22 7
5 23 8
5 24 9
5 25 9
5 26 10
5 27 10
5 28 10
5 29 9
5 30 9
5 31 7
5 32 6
5 33 4
5 34 4
5 35 2
5 36 2
5 37 1
5 38 1
6 21 1
6 23 1
6 24 2
6 25 3
6 26 3
6 27 4
6 28 5
6 29 6
6 30 6
6 31 7
6 32 7
6 33 8
6 34 6
6 35 6
6 36 5
6 37 4
6 38 3
6 39 3
6 40 2
6 41 1
6 42 1
7 29 1
7 30 1
7 31 1
7 32 1
7 33 2
7 34 3
7 35 3
7 36 3
7 37 4
7 38 3
7 39 3
7 40 2
7 41 3
7 42 2
7 43 2
7 44 1
7 45 1
8 38 1
8 39 1
8 40 1
8 42 1
8 43 1
8 44 1
8 45 1
8 46 1
8 47 1
9 48 1
-------
1 1 1
1 2 1
1 3 1
1 4 1
1 5 1
1 6 1
1 8 1
1 9 1
1 10 1
2 3 1
2 4 1
2 5 2
2 6 2
2 7 3
2 8 2
2 9 3
2 10 3
2 11 4
2 12 3
2 13 3
2 14 3
2 15 2
2 16 1
2 17 1
2 18 1
2 19 1
3 6 1
3 7 1
3 8 2
3 9 3
3 10 3
3 11 4
3 12 5
3 13 6
3 14 6
3 15 8
3 16 7
3 17 7
3 18 6
3 19 6
3 20 5
3 21 4
3 22 3
3 23 3
3 24 2
3 25 1
3 27 1
4 10 1
4 11 1
4 12 2
4 13 2
4 14 4
4 15 4
4 16 6
4 17 7
4 18 9
4 19 9
4 20 10
4 21 10
4 22 10
4 23 9
4 24 9
4 25 8
4 26 7
4 27 5
4 28 5
4 29 3
4 30 2
4 31 1
4 32 1
4 33 1
5 15 1
5 16 1
5 17 1
5 18 2
5 19 3
5 20 5
5 21 5
5 22 7
5 23 8
5 24 9
5 25 9
5 26 10
5 27 10
5 28 10
5 29 9
5 30 9
5 31 7
5 32 6
5 33 4
5 34 4
5 35 2
5 36 2
5 37 1
5 38 1
6 21 1
6 23 1
6 24 2
6 25 3
6 26 3
6 27 4
6 28 5
6 29 6
6 30 6
6 31 7
6 32 7
6 33 8
6 34 6
6 35 6
6 36 5
6 37 4
6 38 3
6 39 3
6 40 2
6 41 1
6 42 1
7 29 1
7 30 1
7 31 1
7 32 1
7 33 2
7 34 3
7 35 3
7 36 3
7 37 4
7 38 3
7 39 3
7 40 2
7 41 3
7 42 2
7 43 2
7 44 1
7 45 1
8 38 1
8 39 1
8 40 1
8 42 1
8 43 1
8 44 1
8 45 1
8 46 1
8 47 1
9 48 1

1 -1 1
1 2 1
2 1 1
-------
1 1 1
1 2 1
2 3 1

1 1 1
1 2 1
1 3 1
1 4 1
1 5 1
1 6 1
1 7 1
1 8 1
1 9 1
1 10 1
1 11 1
1 12 1
1 14 1
1 15 1
1 16 1
1 17 1
2 3 1
2 4 1
2 5 2
2 6 2
2 7 3
2 8 3
2 9 4
2 10 4
2 11 5
2 12 5
2 13 6
2 14 5
2 15 6
2 16 6
2 17 7
2 18 7
2 19 7
2 20 6
2 21 6
2 22 5
2 23 5
2 24 4
2 25 4
2 26 4
2 27 3
2 28 2
2 29 2
2 30 1
2 31 2
2 32 1
2 33 1
3 6 1
3 7 1
3 8 2
3 9 3
3 10 4
3 11 5
3 12 7
3 13 8
3 14 10
3 15 12
3 16 13
3 17 15
3 18 17
3 19 19
3 20 21
3 21 23
3 22 24
3 23 25
3 24 26
3 25 26
3 26 26
3 27 27
3 28 26
3 29 25
3 30 24
3 31 22
3 32 21
3 33 20
3 34 18
3 35 16
3 36 14
3 37 12
3 38 10
3 39 8
3 40 7
3 41 6
3 42 5
3 43 4
3 44 2
3 45 2
3 46 1
3 47 1
3 48 1
4 10 1
4 11 1
4 12 2
4 13 3
4 14 5
4 15 6
4 16 9
4 17 11
4 18 15
4 19 17
4 20 22
4 21 25
4 22 31
4 23 35
4 24 41
4 25 45
4 26 52
4 27 55
4 28 61
4 29 65
4 30 70
4 31 72
4 32 76
4 33 76
4 34 79
4 35 78
4 36 79
4 37 76
4 38 76
4 39 71
4 40 68
4 41 63
4 42 60
4 43 54
4 44 51
4 45 44
4 46 40
4 47 34
4 48 30
4 49 25
4 50 22
4 51 17
4 52 15
4 53 11
4 54 9
4 55 6
4 56 5
4 57 4
4 58 3
4 59 2
4 60 1
4 62 1
5 15 1
5 16 1
5 17 2
5 18 3
5 19 5
5 20 7
5 21 10
5 22 13
5 23 17
5 24 22
5 25 28
5 26 34
5 27 42
5 28 50
5 29 59
5 30 69
5 31 79
5 32 90
5 33 101
5 34 112
5 35 123
5 36 133
5 37 143
5 38 152
5 39 160
5 40 167
5 41 172
5 42 175
5 43 177
5 44 177
5 45 176
5 46 173
5 47 168
5 48 162
5 49 154
5 50 146
5 51 136
5 52 126
5 53 116
5 54 105
5 55 94
5 56 83
5 57 72
5 58 63
5 59 54
5 60 46
5 61 38
5 62 31
5 63 25
5 64 20
5 65 15
5 66 12
5 67 9
5 68 7
5 69 5
5 70 3
5 71 2
5 72 1
5 73 1
5 74 1
6 21 1
6 22 1
6 23 2
6 24 3
6 25 5
6 26 7
6 27 11
6 28 13
6 29 19
6 30 24
6 31 32
6 32 39
6 33 50
6 34 59
6 35 73
6 36 86
6 37 102
6 38 116
6 39 136
6 40 151
6 41 172
6 42 189
6 43 209
6 44 225
6 45 245
6 46 258
6 47 275
6 48 285
6 49 298
6 50 303
6 51 312
6 52 311
6 53 313
6 54 308
6 55 305
6 56 294
6 57 287
6 58 270
6 59 258
6 60 240
6 61 225
6 62 205
6 63 189
6 64 168
6 65 152
6 66 132
6 67 117
6 68 99
6 69 87
6 70 72
6 71 61
6 72 49
6 73 40
6 74 31
6 75 26
6 76 19
6 77 15
6 78 11
6 79 8
6 80 5
6 81 4
6 82 2
6 83 2
6 84 1
6 85 1
7 28 1
7 29 1
7 30 2
7 31 3
7 32 5
7 33 7
7 34 10
7 35 14
7 36 19
7 37 25
7 38 33
7 39 41
7 40 52
7 41 65
7 42 79
7 43 95
7 44 113
7 45 132
7 46 154
7 47 177
7 48 201
7 49 225
7 50 251
7 51 276
7 52 301
7 53 326
7 54 348
7 55 369
7 56 389
7 57 404
7 58 418
7 59 428
7 60 434
7 61 437
7 62 436
7 63 431
7 64 422
7 65 411
7 66 396
7 67 378
7 68 358
7 69 335
7 70 311
7 71 288
7 72 262
7 73 237
7 74 212
7 75 187
7 76 164
7 77 143
7 78 122
7 79 104
7 80 87
7 81 72
7 82 58
7 83 47
7 84 37
7 85 29
7 86 23
7 87 17
7 88 12
7 89 9
7 90 6
7 91 4
7 92 3
7 93 2
7 94 1
7 95 1
8 36 1
8 37 1
8 38 2
8 39 3
8 40 5
8 41 6
8 42 10
8 43 13
8 44 19
8 45 24
8 46 32
8 47 40
8 48 52
8 49 63
8 50 79
8 51 94
8 52 115
8 53 133
8 54 157
8 55 179
8 56 207
8 57 232
8 58 262
8 59 287
8 60 318
8 61 342
8 62 372
8 63 394
8 64 420
8 65 437
8 66 457
8 67 468
8 68 482
8 69 484
8 70 490
8 71 484
8 72 482
8 73 468
8 74 457
8 75 437
8 76 420
8 77 394
8 78 372
8 79 342
8 80 318
8 81 287
8 82 262
8 83 232
8 84 207
8 85 179
8 86 157
8 87 133
8 88 115
8 89 94
8 90 79
8 91 63
8 92 52
8 93 40
8 94 32
8 95 24
8 96 19
8 97 13
8 98 10
8 99 6
8 100 5
8 101 3
8 102 2
8 103 1
8 104 1
9 45 1
9 46 1
9 47 2
9 48 3
9 49 4
9 50 6
9 51 9
9 52 12
9 53 17
9 54 23
9 55 29
9 56 37
9 57 47
9 58 58
9 59 72
9 60 87
9 61 104
9 62 122
9 63 143
9 64 164
9 65 187
9 66 212
9 67 237
9 68 262
9 69 288
9 70 311
9 71 335
9 72 358
9 73 378
9 74 396
9 75 411
9 76 422
9 77 431
9 78 436
9 79 437
9 80 434
9 81 428
9 82 418
9 83 404
9 84 389
9 85 369
9 86 348
9 87 326
9 88 301
9 89 276
9 90 251
9 91 225
9 92 201
9 93 177
9 94 154
9 95 132
9 96 113
9 97 95
9 98 79
9 99 65
9 100 52
9 101 41
9 102 33
9 103 25
9 104 19
9 105 14
9 106 10
9 107 7
9 108 5
9 109 3
9 110 2
9 111 1
9 112 1
10 55 1
10 56 1
10 57 2
10 58 2
10 59 4
10 60 5
10 61 8
10 62 11
10 63 15
10 64 19
10 65 26
10 66 31
10 67 40
10 68 49
10 69 61
10 70 72
10 71 87
10 72 99
10 73 117
10 74 132
10 75 152
10 76 168
10 77 189
10 78 205
10 79 225
10 80 240
10 81 258
10 82 270
10 83 287
10 84 294
10 85 305
10 86 308
10 87 313
10 88 311
10 89 312
10 90 303
10 91 298
10 92 285
10 93 275
10 94 258
10 95 245
10 96 225
10 97 209
10 98 189
10 99 172
10 100 151
10 101 136
10 102 116
10 103 102
10 104 86
10 105 73
10 106 59
10 107 50
10 108 39
10 109 32
10 110 24
10 111 19
10 112 13
10 113 11
10 114 7
10 115 5
10 116 3
10 117 2
10 118 1
10 119 1
11 66 1
11 67 1
11 68 1
11 69 2
11 70 3
11 71 5
11 72 7
11 73 9
11 74 12
11 75 15
11 76 20
11 77 25
11 78 31
11 79 38
11 80 46
11 81 54
11 82 63
11 83 72
11 84 83
11 85 94
11 86 105
11 87 116
11 88 126
11 89 136
11 90 146
11 91 154
11 92 162
11 93 168
11 94 173
11 95 176
11 96 177
11 97 177
11 98 175
11 99 172
11 100 167
11 101 160
11 102 152
11 103 143
11 104 133
11 105 123
11 106 112
11 107 101
11 108 90
11 109 79
11 110 69
11 111 59
11 112 50
11 113 42
11 114 34
11 115 28
11 116 22
11 117 17
11 118 13
11 119 10
11 120 7
11 121 5
11 122 3
11 123 2
11 124 1
11 125 1
12 78 1
12 80 1
12 81 2
12 82 3
12 83 4
12 84 5
12 85 6
12 86 9
12 87 11
12 88 15
12 89 17
12 90 22
12 91 25
12 92 30
12 93 34
12 94 40
12 95 44
12 96 51
12 97 54
12 98 60
12 99 63
12 100 68
12 101 71
12 102 76
12 103 76
12 104 79
12 105 78
12 106 79
12 107 76
12 108 76
12 109 72
12 110 70
12 111 65
12 112 61
12 113 55
12 114 52
12 115 45
12 116 41
12 117 35
12 118 31
12 119 25
12 120 22
12 121 17
12 122 15
12 123 11
12 124 9
12 125 6
12 126 5
12 127 3
12 128 2
12 129 1
12 130 1
13 92 1
13 93 1
13 94 1
13 95 2
13 96 2
13 97 4
13 98 5
13 99 6
13 100 7
13 101 8
13 102 10
13 103 12
13 104 14
13 105 16
13 106 18
13 107 20
13 108 21
13 109 22
13 110 24
13 111 25
13 112 26
13 113 27
13 114 26
13 115 26
13 116 26
13 117 25
13 118 24
13 119 23
13 120 21
13 121 19
13 122 17
13 123 15
13 124 13
13 125 12
13 126 10
13 127 8
13 128 7
13 129 5
13 130 4
13 131 3
13 132 2
13 133 1
13 134 1
14 107 1
14 108 1
14 109 2
14 110 1
14 111 2
14 112 2
14 113 3
14 114 4
14 115 4
14 116 4
14 117 5
14 118 5
14 119 6
14 120 6
14 121 7
14 122 7
14 123 7
14 124 6
14 125 6
14 126 5
14 127 6
14 128 5
14 129 5
14 130 4
14 131 4
14 132 3
14 133 3
14 134 2
14 135 2
14 136 1
14 137 1
15 123 1
15 124 1
15 125 1
15 126 1
15 128 1
15 129 1
15 130 1
15 131 1
15 132 1
15 133 1
15 134 1
15 135 1
15 136 1
15 137 1
15 138 1
15 139 1
16 140 1
-------
1 1 1
1 2 1
1 3 1
1 4 1
1 6 1
1 7 1
1 8 1
1 9 1
1 10 1
1 11 1
1 12 1
1 13 1
1 14 1
1 15 1
1 16 1
1 17 1
2 3 1
2 4 1
2 5 2
2 6 1
2 7 2
2 8 2
2 9 3
2 10 4
2 11 4
2 12 4
2 13 5
2 14 5
2 15 6
2 16 6
2 17 7
2 18 7
2 19 7
2 20 6
2 21 6
2 22 5
2 23 6
2 24 5
2 25 5
2 26 4
2 27 4
2 28 3
2 29 3
2 30 2
2 31 2
2 32 1
2 33 1
3 6 1
3 7 1
3 8 1
3 9 2
3 10 2
3 11 4
3 12 5
3 13 6
3 14 7
3 15 8
3 16 10
3 17 12
3 18 14
3 19 16
3 20 18
3 21 20
3 22 21
3 23 22
3 24 24
3 25 25
3 26 26
3 27 27
3 28 26
3 29 26
3 30 26
3 31 25
3 32 24
3 33 23
3 34 21
3 35 19
3 36 17
3 37 15
3 38 13
3 39 12
3 40 10
3 41 8
3 42 7
3 43 5
3 44 4
3 45 3
3 46 2
3 47 1
3 48 1
4 10 1
4 12 1
4 13 2
4 14 3
4 15 4
4 16 5
4 17 6
4 18 9
4 19 11
4 20 15
4 21 17
4 22 22
4 23 25
4 24 30
4 25 34
4 26 40
4 27 44
4 28 51
4 29 54
4 30 60
4 31 63
4 32 68
4 33 71
4 34 76
4 35 76
4 36 79
4 37 78
4 38 79
4 39 76
4 40 76
4 41 72
4 42 70
4 43 65
4 44 61
4 45 55
4 46 52
4 47 45
4 48 41
4 49 35
4 50 31
4 51 25
4 52 22
4 53 17
4 54 15
4 55 11
4 56 9
4 57 6
4 58 5
4 59 3
4 60 2
4 61 1
4 62 1
5 16 1
5 17 1
5 18 1
5 19 2
5 20 3
5 21 5
5 22 7
5 23 9
5 24 12
5 25 15
5 26 20
5 27 25
5 28 31
5 29 38
5 30 46
5 31 54
5 32 63
5 33 72
5 34 83
5 35 94
5 36 105
5 37 116
5 38 126
5 39 136
5 40 146
5 41 154
5 42 162
5 43 168
5 44 173
5 45 176
5 46 177
5 47 177
5 48 175
5 49 172
5 50 167
5 51 160
5 52 152
5 53 143
5 54 133
5 55 123
5 56 112
5 57 101
5 58 90
5 59 79
5 60 69
5 61 59
5 62 50
5 63 42
5 64 34
5 65 28
5 66 22
5 67 17
5 68 13
5 69 10
5 70 7
5 71 5
5 72 3
5 73 2
5 74 1
5 75 1
6 23 1
6 24 1
6 25 2
6 26 2
6 27 4
6 28 5
6 29 8
6 30 11
6 31 15
6 32 19
6 33 26
6 34 31
6 35 40
6 36 49
6 37 61
6 38 72
6 39 87
6 40 99
6 41 117
6 42 132
6 43 152
6 44 168
6 45 189
6 46 205
6 47 225
6 48 240
6 49 258
6 50 270
6 51 287
6 52 294
6 53 305
6 54 308
6 55 313
6 56 311
6 57 312
6 58 303
6 59 298
6 60 285
6 61 275
6 62 258
6 63 245
6 64 225
6 65 209
6 66 189
6 67 172
6 68 151
6 69 136
6 70 116
6 71 102
6 72 86
6 73 73
6 74 59
6 75 50
6 76 39
6 77 32
6 78 24
6 79 19
6 80 13
6 81 11
6 82 7
6 83 5
6 84 3
6 85 2
6 86 1
6 87 1
7 31 1
7 32 1
7 33 2
7 34 3
7 35 4
7 36 6
7 37 9
7 38 12
7 39 17
7 40 23
7 41 29
7 42 37
7 43 47
7 44 58
7 45 72
7 46 87
7 47 104
7 48 122
7 49 143
7 50 164
7 51 187
7 52 212
7 53 237
7 54 262
7 55 288
7 56 311
7 57 335
7 58 358
7 59 378
7 60 396
7 61 411
7 62 422
7 63 431
7 64 436
7 65 437
7 66 434
7 67 428
7 68 418
7 69 404
7 70 389
7 71 369
7 72 348
7 73 326
7 74 301
7 75 276
7 76 251
7 77 225
7 78 201
7 79 177
7 80 154
7 81 132
7 82 113
7 83 95
7 84 79
7 85 65
7 86 52
7 87 41
7 88 33
7 89 25
7 90 19
7 91 14
7 92 10
7 93 7
7 94 5
7 95 3
7 96 2
7 97 1
7 98 1
8 40 1
8 41 1
8 42 2
8 43 3
8 44 5
8 45 6
8 46 10
8 47 13
8 48 19
8 49 24
8 50 32
8 51 40
8 52 52
8 53 63
8 54 79
8 55 94
8 56 115
8 57 133
8 58 157
8 59 179
8 60 207
8 61 232
8 62 262
8 63 287
8 64 318
8 65 342
8 66 372
8 67 394
8 68 420
8 69 437
8 70 457
8 71 468
8 72 482
8 73 484
8 74 490
8 75 484
8 76 482
8 77 468
8 78 457
8 79 437
8 80 420
8 81 394
8 82 372
8 83 342
8 84 318
8 85 287
8 86 262
8 87 232
8 88 207
8 89 179
8 90 157
8 91 133
8 92 115
8 93 94
8 94 79
8 95 63
8 96 52
8 97 40
8 98 32
8 99 24
8 100 19
8 101 13
8 102 10
8 103 6
8 104 5
8 105 3
8 106 2
8 107 1
8 108 1
9 50 1
9 51 1
9 52 2
9 53 3
9 54 5
9 55 7
9 56 10
9 57 14
9 58 19
9 59 25
9 60 33
9 61 41
9 62 52
9 63 65
9 64 79
9 65 95
9 66 113
9 67 132
9 68 154
9 69 177
9 70 201
9 71 225
9 72 251
9 73 276
9 74 301
9 75 326
9 76 348
9 77 369
9 78 389
9 79 404
9 80 418
9 81 428
9 82 434
9 83 437
9 84 436
9 85 431
9 86 422
9 87 411
9 88 396
9 89 378
9 90 358
9 91 335
9 92 311
9 93 288
9 94 262
9 95 237
9 96 212
9 97 187
9 98 164
9 99 143
9 100 122
9 101 104
9 102 87
9 103 72
9 104 58
9 105 47
9 106 37
9 107 29
9 108 23
9 109 17
9 110 12
9 111 9
9 112 6
9 113 4
9 114 3
9 115 2
9 116 1
9 117 1
10 61 1
10 62 1
10 63 2
10 64 3
10 65 5
10 66 7
10 67 11
10 68 13
10 69 19
10 70 24
10 71 32
10 72 39
10 73 50
10 74 59
10 75 73
10 76 86
10 77 102
10 78 116
10 79 136
10 80 151
10 81 172
10 82 189
10 83 209
10 84 225
10 85 245
10 86 258
10 87 275
10 88 285
10 89 298
10 90 303
10 91 312
10 92 311
10 93 313
10 94 308
10 95 305
10 96 294
10 97 287
10 98 270
10 99 258
10 100 240
10 101 225
10 102 205
10 103 189
10 104 168
10 105 152
10 106 132
10 107 117
10 108 99
10 109 87
10 110 72
10 111 61
10 112 49
10 113 40
10 114 31
10 115 26
10 116 19
10 117 15
10 118 11
10 119 8
10 120 5
10 121 4
10 122 2
10 123 2
10 124 1
10 125 1
11 73 1
11 74 1
11 75 2
11 76 3
11 77 5
11 78 7
11 79 10
11 80 13
11 81 17
11 82 22
11 83 28
11 84 34
11 85 42
11 86 50
11 87 59
11 88 69
11 89 79
11 90 90
11 91 101
11 92 112
11 93 123
11 94 133
11 95 143
11 96 152
11 97 160
11 98 167
11 99 172
11 100 175
11 101 177
11 102 177
11 103 176
11 104 173
11 105 168
11 106 162
11 107 154
11 108 146
11 109 136
11 110 126
11 111 116
11 112 105
11 113 94
11 114 83
11 115 72
11 116 63
11 117 54
11 118 46
11 119 38
11 120 31
11 121 25
11 122 20
11 123 15
11 124 12
11 125 9
11 126 7
11 127 5
11 128 3
11 129 2
11 130 1
11 131 1
11 132 1
12 86 1
12 87 1
12 88 2
12 89 3
12 90 5
12 91 6
12 92 9
12 93 11
12 94 15
12 95 17
12 96 22
12 97 25
12 98 31
12 99 35
12 100 41
12 101 45
12 102 52
12 103 55
12 104 61
12 105 65
12 106 70
12 107 72
12 108 76
12 109 76
12 110 79
12 111 78
12 112 79
12 113 76
12 114 76
12 115 71
12 116 68
12 117 63
12 118 60
12 119 54
12 120 51
12 121 44
12 122 40
12 123 34
12 124 30
12 125 25
12 126 22
12 127 17
12 128 15
12 129 11
12 130 9
12 131 6
12 132 5
12 133 4
12 134 3
12 135 2
12 136 1
12 138 1
13 100 1
13 101 1
13 102 2
13 103 3
13 104 4
13 105 5
13 106 7
13 107 8
13 108 10
13 109 12
13 110 13
13 111 15
13 112 17
13 113 19
13 114 21
13 115 23
13 116 24
13 117 25
13 118 26
13 119 26
13 120 26
13 121 27
13 122 26
13 123 25
13 124 24
13 125 22
13 126 21
13 127 20
13 128 18
13 129 16
13 130 14
13 131 12
13 132 10
13 133 8
13 134 7
13 135 6
13 136 5
13 137 4
13 138 2
13 139 2
13 140 1
13 141 1
13 142 1
14 115 1
14 116 1
14 117 2
14 118 2
14 119 3
14 120 3
14 121 4
14 122 4
14 123 5
14 124 5
14 125 6
14 126 5
14 127 6
14 128 6
14 129 7
14 130 7
14 131 7
14 132 6
14 133 6
14 134 5
14 135 5
14 136 4
14 137 4
14 138 4
14 139 3
14 140 2
14 141 2
14 142 1
14 143 2
14 144 1
14 145 1
15 131 1
15 132 1
15 133 1
15 134 1
15 135 1
15 136 1
15 137 1
15 138 1
15 139 1
15 140 1
15 141 1
15 142 1
15 144 1
15 145 1
15 146 1
15 147 1
16 148 1

1 1 1
1 2 1
1 4 1
1 5 1
2 3 1
2 5 1
2 6 2
2 7 1
2 9 1
3 7 1
3 8 1
3 10 1
3 11 1
4 12 1
-------
1 1 1
1 2 1
1 4 1
1 5 1
2 3 1
2 5 1
2 6 2
2 7 1
2 9 1
3 7 1
3 8 1
3 10 1
3 11 1
4 12 1

1 1 1
1 2 1
1 3 1
1 4 1
1 5 1
1 6 1
1 8 1
1 9 1
1 10 1
2 3 1
2 4 1
2 5 2
2 6 2
2 7 3
2 8 2
2 9 3
2 10 3
2 11 4
2 12 3
2 13 3
2 14 3
2 15 2
2 16 1
2 17 1
2 18 1
2 19 1
3 6 1
3 7 1
3 8 2
3 9 3
3 10 3
3 11 4
3 12 5
3 13 6
3 14 6
3 15 8
3 16 7
3 17 7
3 18 6
3 19 6
3 20 5
3 21 4
3 22 3
3 23 3
3 24 2
3 25 1
3 27 1
4 10 1
4 11 1
4 12 2
4 13 2
4 14 4
4 15 4
4 16 6
4 17 7
4 18 9
4 19 9
4 20 10
4 21 10
4 22 10
4 23 9
4 24 9
4 25 8
4 26 7
4 27 5
4 28 5
4 29 3
4 30 2
4 31 1
4 32 1
4 33 1
5 15 1
5 16 1
5 17 1
5 18 2
5 19 3
5 20 5
5 21 5
5 22 7
5 23 8
5 24 9
5 25 9
5 26 10
5 27 10
5 28 10
5 29 9
5 30 9
5 31 7
5 32 6
5 33 4
5 34 4
5 35 2
5 36 2
5 37 1
5 38 1
6 21 1
6 23 1
6 24 2
6 25 3
6 26 3
6 27 4
6 28 5
6 29 6
6 30 6
6 31 7
6 32 7
6 33 8
6 34 6
6 35 6
6 36 5
6 37 4
6 38 3
6 39 3
6 40 2
6 41 1
6 42 1
7 29 1
7 30 1
7 31 1
7 32 1
7 33 2
7 34 3
7 35 3
7 36 3
7 37 4
7 38 3
7 39 3
7 40 2
7 41 3
7 42 2
7 43 2
7 44 1
7 45 1
8 38 1
8 39 1
8 40 1
8 42 1
8 43 1
8 44 1
8 45 1
8 46 1
8 47 1
9 48 1
-------
1 1 1
1 2 1
1 3 1
1 4 1
1 5 1
1 6 1
1 8 1
1 9 1
1 10 1
2 3 1
2 4 1
2 5 2
2 6 2
2 7 3
2 8 2
2 9 3
2 10 3
2 11 4
2 12 3
2 13 3
2 14 3
2 15 2
2 16 1
2 17 1
2 18 1
2 19 1
3 6 1
3 7 1
3 8 2
3 9 3
3 10 3
3 11 4
3 12 5
3 13 6
3 14 6
3 15 8
3 16 7
3 17 7
3 18 6
3 19 6
3 20 5
3 21 4
3 22 3
3 23 3
3 24 2
3 25 1
3 27 1
4 10 1
4 11 1
4 12 2
4 13 2
4 14 4
4 15 4
4 16 6
4 17 7
4 18 9
4 19 9
4 20 10
4 21 10
4 22 10
4 23 9
4 24 9
4 25 8
4 26 7
4 27 5
4 28 5
4 29 3
4 30 2
4 31 1
4 32 1
4 33 1
5 15 1
5 16 1
5 17 1
5 18 2
5 19 3
5 20 5
5 21 5
5 22 7
5 23 8
5 24 9
5 25 9
5 26 10
5 27 10
5 28 10
5 29 9
5 30 9
5 31 7
5 32 6
5 33 4
5 34 4
5 35 2
5 36 2
5 37 1
5 38 1
6 21 1
6 23 1
6 24 2
6 25 3
6 26 3
6 27 4
6 28 5
6 29 6
6 30 6
6 31 7
6 32 7
6 33 8
6 34 6
6 35 6
6 36 5
6 37 4
6 38 3
6 39 3
6 40 2
6 41 1
6 42 1
7 29 1
7 30 1
7 31 1
7 32 1
7 33 2
7 34 3
7 35 3
7 36 3
7 37 4
7 38 3
7 39 3
7 40 2
7 41 3
7 42 2
7 43 2
7 44 1
7 45 1
8 38 1
8 39 1
8 40 1
8 42 1
8 43 1
8 44 1
8 45 1
8 46 1
8 47 1
9 48 1

1 -1 1
1 2 1
2 1 1
-------
1 -1 1
1 2 1
2 1 1

1 1 1
1 2 1
1 3 1
1 4 1
1 5 1
1 6 1
1 7 1
1 8 1
1 9 1
1 10 1
1 11 1
1 12 1
1 14 1
1 15 1
1 16 1
1 17 1
2 3 1
2 4 1
2 5 2
2 6 2
2 7 3
2 8 3
2 9 4
2 10 4
2 11 5
2 12 5
2 13 6
2 14 5
2 15 6
2 16 6
2 17 7
2 18 7
2 19 7
2 20 6
2 21 6
2 22 5
2 23 5
2 24 4
2 25 4
2 26 4
2 27 3
2 28 2
2 29 2
2 30 1
2 31 2
2 32 1
2 33 1
3 6 1
3 7 1
3 8 2
3 9 3
3 10 4
3 11 5
3 12 7
3 13 8
3 14 10
3 15 12
3 16 13
3 17 15
3 18 17
3 19 19
3 20 21
3 21 23
3 22 24
3 23 25
3 24 26
3 25 26
3 26 26
3 27 27
3 28 26
3 29 25
3 30 24
3 31 22
3 32 21
3 33 20
3 34 18
3 35 16
3 36 14
3 37 12
3 38 10
3 39 8
3 40 7
3 41 6
3 42 5
3 43 4
3 44 2
3 45 2
3 46 1
3 47 1
3 48 1
4 10 1
4 11 1
4 12 2
4 13 3
4 14 5
4 15 6
4 16 9
4 17 11
4 18 15
4 19 17
4 20 22
4 21 25
4 22 31
4 23 35
4 24 41
4 25 45
4 26 52
4 27 55
4 28 61
4 29 65
4 30 70
4 31 72
4 32 76
4 33 76
4 34 79
4 35 78
4 36 79
4 37 76
4 38 76
4 39 71
4 40 68
4 41 63
4 42 60
4 43 54
4 44 51
4 45 44
4 46 40
4 47 34
4 48 30
4 49 25
4 50 22
4 51 17
4 52 15
4 53 11
4 54 9
4 55 6
4 56 5
4 57 4
4 58 3
4 59 2
4 60 1
4 62 1
5 15 1
5 16 1
5 17 2
5 18 3
5 19 5
5 20 7
5 21 10
5 22 13
5 23 17
5 24 22
5 25 28
5 26 34
5 27 42
5 28 50
5 29 59
5 30 69
5 31 79
5 32 90
5 33 101
5 34 112
5 35 123
5 36 133
5 37 143
5 38 152
5 39 160
5 40 167
5 41 172
5 42 175
5 43 177
5 44 177
5 45 176
5 46 173
5 47 168
5 48 162
5 49 154
5 50 146
5 51 136
5 52 126
5 53 116
5 54 105
5 55 94
5 56 83
5 57 72
5 58 63
5 59 54
5 60 46
5 61 38
5 62 31
5 63 25
5 64 20
5 65 15
5 66 12
5 67 9
5 68 7
5 69 5
5 70 3
5 71 2
5 72 1
5 73 1
5 74 1
6 21 1
6 22 1
6 23 2
6 24 3
6 25 5
6 26 7
6 27 11
6 28 13
6 29 19
6 30 24
6 31 32
6 32 39
6 33 50
6 34 59
6 35 73
6 36 86
6 37 102
6 38 116
6 39 136
6 40 151
6 41 172
6 42 189
6 43 209
6 44 225
6 45 245
6 46 258
6 47 275
6 48 285
6 49 298
6 50 303
6 51 312
6 52 311
6 53 313
6 54 308
6 55 305
6 56 294
6 57 287
6 58 270
6 59 258
6 60 240
6 61 225
6 62 205
6 63 189
6 64 168
6 65 152
6 66 132
6 67 117
6 68 99
6 69 87
6 70 72
6 71 61
6 72 49
6 73 40
6 74 31
6 75 26
6 76 19
6 77 15
6 78 11
6 79 8
6 80 5
6 81 4
6 82 2
6 83 2
6 84 1
6 85 1
7 28 1
7 29 1
7 30 2
7 31 3
7 32 5
7 33 7
7 34 10
7 35 14
7 36 19
7 37 25
7 38 33
7 39 41
7 40 52
7 41 65
7 42 79
7 43 95
7 44 113
7 45 132
7 46 154
7 47 177
7 48 201
7 49 225
7 50 251
7 51 276
7 52 301
7 53 326
7 54 348
7 55 369
7 56 389
7 57 404
7 58 418
7 59 428
7 60 434
7 61 437
7 62 436
7 63 431
7 64 422
7 65 411
7 66 396
7 67 378
7 68 358
7 69 335
7 70 311
7 71 288
7 72 262
7 73 237
7 74 212
7 75 187
7 76 164
7 77 143
7 78 122
7 79 104
7 80 87
7 81 72
7 82 58
7 83 47
7 84 37
7 85 29
7 86 23
7 87 17
7 88 12
7 89 9
7 90 6
7 91 4
7 92 3
7 93 2
7 94 1
7 95 1
8 36 1
8 37 1
8 38 2
8 39 3
8 40 5
8 41 6
8 42 10
8 43 13
8 44 19
8 45 24
8 46 32
8 47 40
8 48 52
8 49 63
8 50 79
8 51 94
8 52 115
8 53 133
8 54 157
8 55 179
8 56 207
8 57 232
8 58 262
8 59 287
8 60 318
8 61 342
8 62 372
8 63 394
8 64 420
8 65 437
8 66 457
8 67 468
8 68 482
8 69 484
8 70 490
8 71 484
8 72 482
8 73 468
8 74 457
8 75 437
8 76 420
8 77 394
8 78 372
8 79 342
8 80 318
8 81 287
8 82 262
8 83 232
8 84 207
8 85 179
8 86 157
8 87 133
8 88 115
8 89 94
8 90 79
8 91 63
8 92 52
8 93 40
8 94 32
8 95 24
8 96 19
8 97 13
8 98 10
8 99 6
8 100 5
8 101 3
8 102 2
8 103 1
8 104 1
9 45 1
9 46 1
9 47 2
9 48 3
9 49 4
9 50 6
9 51 9
9 52 12
9 53 17
9 54 23
9 55 29
9 56 37
9 57 47
9 58 58
9 59 72
9 60 87
9 61 104
9 62 122
9 63 143
9 64 164
9 65 187
9 66 212
9 67 237
9 68 262
9 69 288
9 70 311
9 71 335
9 72 358
9 73 378
9 74 396
9 75 411
9 76 422
9 77 431
9 78 436
9 79 437
9 80 434
9 81 428
9 82 418
9 83 404
9 84 389
9 85 369
9 86 348
9 87 326
9 88 301
9 89 276
9 90 251
9 91 225
9 92 201
9 93 177
9 94 154
9 95 132
9 96 113
9 97 95
9 98 79
9 99 65
9 100 52
9 101 41
9 102 33
9 103 25
9 104 19
9 105 14
9 106 10
9 107 7
9 108 5
9 109 3
9 110 2
9 111 1
9 112 1
10 55 1
10 56 1
10 57 2
10 58 2
10 59 4
10 60 5
10 61 8
10 62 11
10 63 15
10 64 19
10 65 26
10 66 31
10 67 40
10 68 49
10 69 61
10 70 72
10 71 87
10 72 99
10 73 117
10 74 132
10 75 152
10 76 168
10 77 189
10 78 205
10 79 225
10 80 240
10 81 258
10 82 270
10 83 287
10 84 294
10 85 305
10 86 308
10 87 313
10 88 311
10 89 312
10 90 303
10 91 298
10 92 285
10 93 275
10 94 258
10 95 245
10 96 225
10 97 209
10 98 189
10 99 172
10 100 151
10 101 136
10 102 116
10 103 102
10 104 86
10 105 73
10 106 59
10 107 50
10 108 39
10 109 32
10 110 24
10 111 19
10 112 13
10 113 11
10 114 7
10 115 5
10 116 3
10 117 2
10 118 1
10 119 1
11 66 1
11 67 1
11 68 1
11 69 2
11 70 3
11 71 5
11 72 7
11 73 9
11 74 12
11 75 15
11 76 20
11 77 25
11 78 31
11 79 38
11 80 46
11 81 54
11 82 63
11 83 72
11 84 83
11 85 94
11 86 105
11 87 116
11 88 126
11 89 136
11 90 146
11 91 154
11 92 162
11 93 168
11 94 173
11 95 176
11 96 177
11 97 177
11 98 175
11 99 172
11 100 167
11 101 160
11 102 152
11 103 143
11 104 133
11 105 123
11 106 112
11 107 101
11 108 90
11 109 79
11 110 69
11 111 59
11 112 50
11 113 42
11 114 34
11 115 28
11 116 22
11 117 17
11 118 13
11 119 10
11 120 7
11 121 5
11 122 3
11 123 2
11 124 1
11 125 1
12 78 1
12 80 1
12 81 2
12 82 3
12 83 4
12 84 5
12 85 6
12 86 9
12 87 11
12 88 15
12 89 17
12 90 22
12 91 25
12 92 30
12 93 34
12 94 40
12 95 44
12 96 51
12 97 54
12 98 60
12 99 63
12 100 68
12 101 71
12 102 76
12 103 76
12 104 79
12 105 78
12 106 79
12 107 76
12 108 76
12 109 72
12 110 70
12 111 65
12 112 61
12 113 55
12 114 52
12 115 45
12 116 41
12 117 35
12 118 31
12 119 25
12 120 22
12 121 17
12 122 15
12 123 11
12 124 9
12 125 6
12 126 5
12 127 3
12 128 2
12 129 1
12 130 1
13 92 1
13 93 1
13 94 1
13 95 2
13 96 2
13 97 4
13 98 5
13 99 6
13 100 7
13 101 8
13 102 10
13 103 12
13 104 14
13 105 16
13 106 18
13 107 20
13 108 21
13 109 22
13 110 24
13 111 25
13 112 26
13 113 27
13 114 26
13 115 26
13 116 26
13 117 25
13 118 24
13 119 23
13 120 21
13 121 19
13 122 17
13 123 15
13 124 13
13 125 12
13 126 10
13 127 8
13 128 7
13 129 5
13 130 4
13 131 3
13 132 2
13 133 1
13 134 1
14 107 1
14 108 1
14 109 2
14 110 1
14 111 2
14 112 2
14 113 3
14 114 4
14 115 4
14 116 4
14 117 5
14 118 5
14 119 6
14 120 6
14 121 7
14 122 7
14 123 7
14 124 6
14 125 6
14 126 5
14 127 6
14 128 5
14 129 5
14 130 4
14 131 4
14 132 3
14 133 3
14 134 2
14 135 2
14 136 1
14 137 1
15 123 1
15 124 1
15 125 1
15 126 1
15 128 1
15 129 1
15 130 1
15 131 1
15 132 1
15 133 1
15 134 1
15 135 1
15 136 1
15 137 1
15 138 1
15 139 1
16 140 1
-------
1 1 1
1 2 1
1 3 1
1 4 1
1 5 1
1 6 1
1 7 1
1 8 1
1 9 1
1 10 1
1 11 1
1 12 1
1 14 1
1 15 1
1 16 1
1 17 1
2 3 1
2 4 1
2 5 2
2 6 2
2 7 3
2 8 3
2 9 4
2 10 4
2 11 5
2 12 5
2 13 6
2 14 5
2 15 6
2 16 6
2 17 7
2 18 7
2 19 7
2 20 6
2 21 6
2 22 5
2 23 5
2 24 4
2 25 4
2 26 4
2 27 3
2 28 2
2 29 2
2 30 1
2 31 2
2 32 1
2 33 1
3 6 1
3 7 1
3 8 2
3 9 3
3 10 4
3 11 5
3 12 7
3 13 8
3 14 10
3 15 12
3 16 13
3 17 15
3 18 17
3 19 19
3 20 21
3 21 23
3 22 24
3 23 25
3 24 26
3 25 26
3 26 26
3 27 27
3 28 26
3 29 25
3 30 24
3 31 22
3 32 21
3 33 20
3 34 18
3 35 16
3 36 14
3 37 12
3 38 10
3 39 8
3 40 7
3 41 6
3 42 5
3 43 4
3 44 2
3 45 2
3 46 1
3 47 1
3 48 1
4 10 1
4 11 1
4 12 2
4 13 3
4 14 5
4 15 6
4 16 9
4 17 11
4 18 15
4 19 17
4 20 22
4 21 25
4 22 31
4 23 35
4 24 41
4 25 45
4 26 52
4 27 55
4 28 61
4 29 65
4 30 70
4 31 72
4 32 76
4 33 76
4 34 79
4 35 78
4 36 79
4 37 76
4 38 76
4 39 71
4 40 68
4 41 63
4 42 60
4 43 54
4 44 51
4 45 44
4 46 40
4 47 34
4 48 30
4 49 25
4 50 22
4 51 17
4 52 15
4 53 11
4 54 9
4 55 6
4 56 5
4 57 4
4 58 3
4 59 2
4 60 1
4 62 1
5 15 1
5 16 1
5 17 2
5 18 3
5 19 5
5 20 7
5 21 10
5 22 13
5 23 17
5 24 22
5 25 28
5 26 34
5 27 42
5 28 50
5 29 59
5 30 69
5 31 79
5 32 90
5 33 101
5 34 112
5 35 123
5 36 133
5 37 143
5 38 152
5 39 160
5 40 167
5 41 172
5 42 175
5 43 177
5 44 177
5 45 176
5 46 173
5 47 168
5 48 162
5 49 154
5 50 146
5 51 136
5 52 126
5 53 116
5 54 105
5 55 94
5 56 83
5 57 72
5 58 63
5 59 54
5 60 46
5 61 38
5 62 31
5 63 25
5 64 20
5 65 15
5 66 12
5 67 9
5 68 7
5 69 5
5 70 3
5 71 2
5 72 1
5 73 1
5 74 1
6 21 1
6 22 1
6 23 2
6 24 3
6 25 5
6 26 7
6 27 11
6 28 13
6 29 19
6 30 24
6 31 32
6 32 39
6 33 50
6 34 59
6 35 73
6 36 86
6 37 102
6 38 116
6 39 136
6 40 151
6 41 172
6 42 189
6 43 209
6 44 225
6 45 245
6 46 258
6 47 275
6 48 285
6 49 298
6 50 303
6 51 312
6 52 311
6 53 313
6 54 308
6 55 305
6 56 294
6 57 287
6 58 270
6 59 258
6 60 240
6 61 225
6 62 205
6 63 189
6 64 168
6 65 152
6 66 132
6 67 117
6 68 99
6 69 87
6 70 72
6 71 61
6 72 49
6 73 40
6 74 31
6 75 26
6 76 19
6 77 15
6 78 11
6 79 8
6 80 5
6 81 4
6 82 2
6 83 2
6 84 1
6 85 1
7 28 1
7 29 1
7 30 2
7 31 3
7 32 5
7 33 7
7 34 10
7 35 14
7 36 19
7 37 25
7 38 33
7 39 41
7 40 52
7 41 65
7 42 79
7 43 95
7 44 113
7 45 132
7 46 154
7 47 177
7 48 201
7 49 225
7 50 251
7 51 276
7 52 301
7 53 326
7 54 348
7 55 369
7 56 389
7 57 404
7 58 418
7 59 428
7 60 434
7 61 437
7 62 436
7 63 431
7 64 422
7 65 411
7 66 396
7 67 378
7 68 358
7 69 335
7 70 311
7 71 288
7 72 262
7 73 237
7 74 212
7 75 187
7 76 164
7 77 143
7 78 122
7 79 104
7 80 87
7 81 72
7 82 58
7 83 47
7 84 37
7 85 29
7 86 23
7 87 17
7 88 12
7 89 9
7 90 6
7 91 4
7 92 3
7 93 2
7 94 1
7 95 1
8 36 1
8 37 1
8 38 2
8 39 3
8 40 5
8 41 6
8 42 10
8 43 13
8 44 19
8 45 24
8 46 32
8 47 40
8 48 52
8 49 63
8 50 79
8 51 94
8 52 115
8 53 133
8 54 157
8 55 179
8 56 207
8 57 232
8 58 262
8 59 287
8 60 318
8 61 342
8 62 372
8 63 394
8 64 420
8 65 437
8 66 457
8 67 468
8 68 482
8 69 484
8 70 490
8 71 484
8 72 482
8 73 468
8 74 457
8 75 437
8 76 420
8 77 394
8 78 372
8 79 342
8 80 318
8 81 287
8 82 262
8 83 232
8 84 207
8 85 179
8 86 157
8 87 133
8 88 115
8 89 94
8 90 79
8 91 63
8 92 52
8 93 40
8 94 32
8 95 24
8 96 19
8 97 13
8 98 10
8 99 6
8 100 5
8 101 3
8 102 2
8 103 1
8 104 1
9 45 1
9 46 1
9 47 2
9 48 3
9 49 4
9 50 6
9 51 9
9 52 12
9 53 17
9 54 23
9 55 29
9 56 37
9 57 47
9 58 58
9 59 72
9 60 87
9 61 104
9 62 122
9 63 143
9 64 164
9 65 187
9 66 212
9 67 237
9 68 262
9 69 288
9 70 311
9 71 335
9 72 358
9 73 378
9 74 396
9 75 411
9 76 422
9 77 431
9 78 436
9 79 437
9 80 434
9 81 428
9 82 418
9 83 404
9 84 389
9 85 369
9 86 348
9 87 326
9 88 301
9 89 276
9 90 251
9 91 225
9 92 201
9 93 177
9 94 154
9 95 132
9 96 113
9 97 95
9 98 79
9 99 65
9 100 52
9 101 41
9 102 33
9 103 25
9 104 19
9 105 14
9 106 10
9 107 7
9 108 5
9 109 3
9 110 2
9 111 1
9 112 1
10 55 1
10 56 1
10 57 2
10 58 2
10 59 4
10 60 5
10 61 8
10 62 11
10 63 15
10 64 19
10 65 26
10 66 31
10 67 40
10 68 49
10 69 61
10 70 72
10 71 87
10 72 99
10 73 117
10 74 132
10 75 152
10 76 168
10 77 189
10 78 205
10 79 225
10 80 240
10 81 258
10 82 270
10 83 287
10 84 294
10 85 305
10 86 308
10 87 313
10 88 311
10 89 312
10 90 303
10 91 298
10 92 285
10 93 275
10 94 258
10 95 245
10 96 225
10 97 209
10 98 189
10 99 172
10 100 151
10 101 136
10 102 116
10 103 102
10 104 86
10 105 73
10 106 59
10 107 50
10 108 39
10 109 32
10 110 24
10 111 19
10 112 13
10 113 11
10 114 7
10 115 5
10 116 3
10 117 2
10 118 1
10 119 1
11 66 1
11 67 1
11 68 1
11 69 2
11 70 3
11 71 5
11 72 7
11 73 9
11 74 12
11 75 15
11 76 20
11 77 25
11 78 31
11 79 38
11 80 46
11 81 54
11 82 63
11 83 72
11 84 83
11 85 94
11 86 105
11 87 116
11 88 126
11 89 136
11 90 146
11 91 154
11 92 162
11 93 168
11 94 173
11 95 176
11 96 177
11 97 177
11 98 175
11 99 172
11 100 167
11 101 160
11 102 152
11 103 143
11 104 133
11 105 123
11 106 112
11 107 101
11 108 90
11 109 79
11 110 69
11 111 59
11 112 50
11 113 42
11 114 34
11 115 28
11 116 22
11 117 17
11 118 13
11 119 10
11 120 7
11 121 5
11 122 3
11 123 2
11 124 1
11 125 1
12 78 1
12 80 1
12 81 2
12 82 3
12 83 4
12 84 5
12 85 6
12 86 9
12 87 11
12 88 15
12 89 17
12 90 22
12 91 25
12 92 30
12 93 34
12 94 40
12 95 44
12 96 51
12 97 54
12 98 60
12 99 63
12 100 68
12 101 71
12 102 76
12 103 76
12 104 79
12 105 78
12 106 79
12 107 76
12 108 76
12 109 72
12 110 70
12 111 65
12 112 61
12 113 55
12 114 52
12 115 45
12 116 41
12 117 35
12 118 31
12 119 25
12 120 22
12 121 17
12 122 15
12 123 11
12 124 9
12 125 6
12 126 5
12 127 3
12 128 2
12 129 1
12 130 1
13 92 1
13 93 1
13 94 1
13 95 2
13 96 2
13 97 4
13 98 5
13 99 6
13 100 7
13 101 8
13 102 10
13 103 12
13 104 14
13 105 16
13 106 18
13 107 20
13 108 21
13 109 22
13 110 24
13 111 25
13 112 26
13 113 27
13 114 26
13 115 26
13 116 26
13 117 25
13 118 24
13 119 23
13 120 21
13 121 19
13 122 17
13 123 15
13 124 13
13 125 12
13 126 10
13 127 8
13 128 7
13 129 5
13 130 4
13 131 3
13 132 2
13 133 1
13 134 1
14 107 1
14 108 1
14 109 2
14 110 1
14 111 2
14 112 2
14 113 3
14 114 4
14 115 4
14 116 4
14 117 5
14 118 5
14 119 6
14 120 6
14 121 7
14 122 7
14 123 7
14 124 6
14 125 6
14 126 5
14 127 6
14 128 5
14 129 5
14 130 4
14 131 4
14 132 3
14 133 3
14 134 2
14 135 2
14 136 1
14 137 1
15 123 1
15 124 1
15 125 1
15 126 1
15 128 1
15 129 1
15 130 1
15 131 1
15 132 1
15 133 1
15 134 1
15 135 1
15 136 1
15 137 1
15 138 1
15 139 1
16 140 1

